file main.c: Parsing
Converting
Type-checking main
Generating GOTO Program
Pointer Analysis
Adding Pointer Checks
Starting Bounded Model Checking
size of program expression: 24 assignments
Generated 1 VCC(s), 1 remaining after simplification
Encoding remaining VCC(s) using integer/real arithmetic
Solving with SMT Solver Z3 v2.11
Runtime decision procedure: 0.002s
Building error trace

Counterexample:

State 4 file main.c line 27 function main thread 0
----------------------------------------------------
  main::main::1::ref=(assignment removed)

State 8 file main.c line 14 function f1 thread 0
----------------------------------------------------
  st1={ .x=0 }

Violated property:
  file main.c line 35 function main
  assertion
  st1.x == 1234

VERIFICATION FAILED
EXIT=0
SIGNAL=0
