file main.c: Parsing
Converting
Type-checking main
Generating GOTO Program
String Abstraction
Pointer Analysis
Adding Pointer Checks
Starting Bounded Model Checking
size of program expression: 23 assignments
Generated 4 VCC(s), 2 remaining after simplification
Encoding remaining VCC(s) using integer/real arithmetic
Solving with SMT Solver Z3 v2.11
Runtime decision procedure: 0.001s
Building error trace

Counterexample:

Violated property:
  file main.c line 11 function main
  strcpy buffer overflow
  dst#str->size - POINTER_OFFSET(dst) > src#str->length - POINTER_OFFSET(src)

VERIFICATION FAILED
EXIT=0
SIGNAL=0
