file main.c: Parsing
Converting
Type-checking main
Generating GOTO Program
Pointer Analysis
Adding Pointer Checks
Starting Bounded Model Checking
Unwinding loop 9 iteration 1 file main.c line 86 function main
Unwinding loop 9 iteration 2 file main.c line 86 function main
Unwinding loop 9 iteration 3 file main.c line 86 function main
Unwinding loop 9 iteration 4 file main.c line 86 function main
Unwinding loop 9 iteration 5 file main.c line 86 function main
Unwinding loop 9 iteration 6 file main.c line 86 function main
Unwinding loop 10 iteration 1 file main.c line 83 function main
Unwinding loop 9 iteration 1 file main.c line 86 function main
Unwinding loop 9 iteration 2 file main.c line 86 function main
Unwinding loop 9 iteration 3 file main.c line 86 function main
Unwinding loop 9 iteration 4 file main.c line 86 function main
Unwinding loop 9 iteration 5 file main.c line 86 function main
Unwinding loop 9 iteration 6 file main.c line 86 function main
Unwinding loop 10 iteration 2 file main.c line 83 function main
Unwinding loop 9 iteration 1 file main.c line 86 function main
Unwinding loop 9 iteration 2 file main.c line 86 function main
Unwinding loop 9 iteration 3 file main.c line 86 function main
Unwinding loop 9 iteration 4 file main.c line 86 function main
Unwinding loop 9 iteration 5 file main.c line 86 function main
Unwinding loop 9 iteration 6 file main.c line 86 function main
Unwinding loop 10 iteration 3 file main.c line 83 function main
Unwinding loop 9 iteration 1 file main.c line 86 function main
Unwinding loop 9 iteration 2 file main.c line 86 function main
Unwinding loop 9 iteration 3 file main.c line 86 function main
Unwinding loop 9 iteration 4 file main.c line 86 function main
Unwinding loop 9 iteration 5 file main.c line 86 function main
Unwinding loop 9 iteration 6 file main.c line 86 function main
Unwinding loop 10 iteration 4 file main.c line 83 function main
Unwinding loop 9 iteration 1 file main.c line 86 function main
Unwinding loop 9 iteration 2 file main.c line 86 function main
Unwinding loop 9 iteration 3 file main.c line 86 function main
Unwinding loop 9 iteration 4 file main.c line 86 function main
Unwinding loop 9 iteration 5 file main.c line 86 function main
Unwinding loop 9 iteration 6 file main.c line 86 function main
Unwinding loop 10 iteration 5 file main.c line 83 function main
Unwinding loop 9 iteration 1 file main.c line 86 function main
Unwinding loop 9 iteration 2 file main.c line 86 function main
Unwinding loop 9 iteration 3 file main.c line 86 function main
Unwinding loop 9 iteration 4 file main.c line 86 function main
Unwinding loop 9 iteration 5 file main.c line 86 function main
Unwinding loop 9 iteration 6 file main.c line 86 function main
Unwinding loop 10 iteration 6 file main.c line 83 function main
Unwinding loop 1 iteration 1 file main.c line 109 function ludcmp
Unwinding loop 1 iteration 2 file main.c line 109 function ludcmp
Unwinding loop 1 iteration 3 file main.c line 109 function ludcmp
Unwinding loop 1 iteration 4 file main.c line 109 function ludcmp
Unwinding loop 1 iteration 5 file main.c line 109 function ludcmp
Unwinding loop 2 iteration 1 file main.c line 120 function ludcmp
Unwinding loop 3 iteration 1 file main.c line 117 function ludcmp
Unwinding loop 2 iteration 1 file main.c line 120 function ludcmp
Unwinding loop 3 iteration 2 file main.c line 117 function ludcmp
Unwinding loop 2 iteration 1 file main.c line 120 function ludcmp
Unwinding loop 3 iteration 3 file main.c line 117 function ludcmp
Unwinding loop 2 iteration 1 file main.c line 120 function ludcmp
Unwinding loop 3 iteration 4 file main.c line 117 function ludcmp
Unwinding loop 2 iteration 1 file main.c line 120 function ludcmp
Unwinding loop 3 iteration 5 file main.c line 117 function ludcmp
Unwinding loop 4 iteration 1 file main.c line 106 function ludcmp
Unwinding loop 0 iteration 1 file main.c line 113 function ludcmp
Unwinding loop 1 iteration 1 file main.c line 109 function ludcmp
Unwinding loop 0 iteration 1 file main.c line 113 function ludcmp
Unwinding loop 1 iteration 2 file main.c line 109 function ludcmp
Unwinding loop 0 iteration 1 file main.c line 113 function ludcmp
Unwinding loop 1 iteration 3 file main.c line 109 function ludcmp
Unwinding loop 0 iteration 1 file main.c line 113 function ludcmp
Unwinding loop 1 iteration 4 file main.c line 109 function ludcmp
Unwinding loop 2 iteration 1 file main.c line 120 function ludcmp
Unwinding loop 2 iteration 2 file main.c line 120 function ludcmp
Unwinding loop 3 iteration 1 file main.c line 117 function ludcmp
Unwinding loop 2 iteration 1 file main.c line 120 function ludcmp
Unwinding loop 2 iteration 2 file main.c line 120 function ludcmp
Unwinding loop 3 iteration 2 file main.c line 117 function ludcmp
Unwinding loop 2 iteration 1 file main.c line 120 function ludcmp
Unwinding loop 2 iteration 2 file main.c line 120 function ludcmp
Unwinding loop 3 iteration 3 file main.c line 117 function ludcmp
Unwinding loop 2 iteration 1 file main.c line 120 function ludcmp
Unwinding loop 2 iteration 2 file main.c line 120 function ludcmp
Unwinding loop 3 iteration 4 file main.c line 117 function ludcmp
Unwinding loop 4 iteration 2 file main.c line 106 function ludcmp
Unwinding loop 0 iteration 1 file main.c line 113 function ludcmp
Unwinding loop 0 iteration 2 file main.c line 113 function ludcmp
Unwinding loop 1 iteration 1 file main.c line 109 function ludcmp
Unwinding loop 0 iteration 1 file main.c line 113 function ludcmp
Unwinding loop 0 iteration 2 file main.c line 113 function ludcmp
Unwinding loop 1 iteration 2 file main.c line 109 function ludcmp
Unwinding loop 0 iteration 1 file main.c line 113 function ludcmp
Unwinding loop 0 iteration 2 file main.c line 113 function ludcmp
Unwinding loop 1 iteration 3 file main.c line 109 function ludcmp
Unwinding loop 2 iteration 1 file main.c line 120 function ludcmp
Unwinding loop 2 iteration 2 file main.c line 120 function ludcmp
Unwinding loop 2 iteration 3 file main.c line 120 function ludcmp
Unwinding loop 3 iteration 1 file main.c line 117 function ludcmp
Unwinding loop 2 iteration 1 file main.c line 120 function ludcmp
Unwinding loop 2 iteration 2 file main.c line 120 function ludcmp
Unwinding loop 2 iteration 3 file main.c line 120 function ludcmp
Unwinding loop 3 iteration 2 file main.c line 117 function ludcmp
Unwinding loop 2 iteration 1 file main.c line 120 function ludcmp
Unwinding loop 2 iteration 2 file main.c line 120 function ludcmp
Unwinding loop 2 iteration 3 file main.c line 120 function ludcmp
Unwinding loop 3 iteration 3 file main.c line 117 function ludcmp
Unwinding loop 4 iteration 3 file main.c line 106 function ludcmp
Unwinding loop 0 iteration 1 file main.c line 113 function ludcmp
Unwinding loop 0 iteration 2 file main.c line 113 function ludcmp
Unwinding loop 0 iteration 3 file main.c line 113 function ludcmp
Unwinding loop 1 iteration 1 file main.c line 109 function ludcmp
Unwinding loop 0 iteration 1 file main.c line 113 function ludcmp
Unwinding loop 0 iteration 2 file main.c line 113 function ludcmp
Unwinding loop 0 iteration 3 file main.c line 113 function ludcmp
Unwinding loop 1 iteration 2 file main.c line 109 function ludcmp
Unwinding loop 2 iteration 1 file main.c line 120 function ludcmp
Unwinding loop 2 iteration 2 file main.c line 120 function ludcmp
Unwinding loop 2 iteration 3 file main.c line 120 function ludcmp
Unwinding loop 2 iteration 4 file main.c line 120 function ludcmp
Unwinding loop 3 iteration 1 file main.c line 117 function ludcmp
Unwinding loop 2 iteration 1 file main.c line 120 function ludcmp
Unwinding loop 2 iteration 2 file main.c line 120 function ludcmp
Unwinding loop 2 iteration 3 file main.c line 120 function ludcmp
Unwinding loop 2 iteration 4 file main.c line 120 function ludcmp
Unwinding loop 3 iteration 2 file main.c line 117 function ludcmp
Unwinding loop 4 iteration 4 file main.c line 106 function ludcmp
Unwinding loop 0 iteration 1 file main.c line 113 function ludcmp
Unwinding loop 0 iteration 2 file main.c line 113 function ludcmp
Unwinding loop 0 iteration 3 file main.c line 113 function ludcmp
Unwinding loop 0 iteration 4 file main.c line 113 function ludcmp
Unwinding loop 1 iteration 1 file main.c line 109 function ludcmp
Unwinding loop 2 iteration 1 file main.c line 120 function ludcmp
Unwinding loop 2 iteration 2 file main.c line 120 function ludcmp
Unwinding loop 2 iteration 3 file main.c line 120 function ludcmp
Unwinding loop 2 iteration 4 file main.c line 120 function ludcmp
Unwinding loop 2 iteration 5 file main.c line 120 function ludcmp
Unwinding loop 3 iteration 1 file main.c line 117 function ludcmp
Unwinding loop 4 iteration 5 file main.c line 106 function ludcmp
Unwinding loop 5 iteration 1 file main.c line 129 function ludcmp
Unwinding loop 6 iteration 1 file main.c line 126 function ludcmp
Unwinding loop 5 iteration 1 file main.c line 129 function ludcmp
Unwinding loop 5 iteration 2 file main.c line 129 function ludcmp
Unwinding loop 6 iteration 2 file main.c line 126 function ludcmp
Unwinding loop 5 iteration 1 file main.c line 129 function ludcmp
Unwinding loop 5 iteration 2 file main.c line 129 function ludcmp
Unwinding loop 5 iteration 3 file main.c line 129 function ludcmp
Unwinding loop 6 iteration 3 file main.c line 126 function ludcmp
Unwinding loop 5 iteration 1 file main.c line 129 function ludcmp
Unwinding loop 5 iteration 2 file main.c line 129 function ludcmp
Unwinding loop 5 iteration 3 file main.c line 129 function ludcmp
Unwinding loop 5 iteration 4 file main.c line 129 function ludcmp
Unwinding loop 6 iteration 4 file main.c line 126 function ludcmp
Unwinding loop 5 iteration 1 file main.c line 129 function ludcmp
Unwinding loop 5 iteration 2 file main.c line 129 function ludcmp
Unwinding loop 5 iteration 3 file main.c line 129 function ludcmp
Unwinding loop 5 iteration 4 file main.c line 129 function ludcmp
Unwinding loop 5 iteration 5 file main.c line 129 function ludcmp
Unwinding loop 6 iteration 5 file main.c line 126 function ludcmp
Unwinding loop 7 iteration 1 file main.c line 137 function ludcmp
Unwinding loop 8 iteration 1 file main.c line 134 function ludcmp
Unwinding loop 7 iteration 1 file main.c line 137 function ludcmp
Unwinding loop 7 iteration 2 file main.c line 137 function ludcmp
Unwinding loop 8 iteration 2 file main.c line 134 function ludcmp
Unwinding loop 7 iteration 1 file main.c line 137 function ludcmp
Unwinding loop 7 iteration 2 file main.c line 137 function ludcmp
Unwinding loop 7 iteration 3 file main.c line 137 function ludcmp
Unwinding loop 8 iteration 3 file main.c line 134 function ludcmp
Unwinding loop 7 iteration 1 file main.c line 137 function ludcmp
Unwinding loop 7 iteration 2 file main.c line 137 function ludcmp
Unwinding loop 7 iteration 3 file main.c line 137 function ludcmp
Unwinding loop 7 iteration 4 file main.c line 137 function ludcmp
Unwinding loop 8 iteration 4 file main.c line 134 function ludcmp
Unwinding loop 7 iteration 1 file main.c line 137 function ludcmp
Unwinding loop 7 iteration 2 file main.c line 137 function ludcmp
Unwinding loop 7 iteration 3 file main.c line 137 function ludcmp
Unwinding loop 7 iteration 4 file main.c line 137 function ludcmp
Unwinding loop 7 iteration 5 file main.c line 137 function ludcmp
Unwinding loop 8 iteration 5 file main.c line 134 function ludcmp
size of program expression: 1428 assignments
Generated 1103 VCC(s), 21 remaining after simplification
Encoding remaining VCC(s) using integer/real arithmetic
Solving with SMT Solver Z3 v2.11
Runtime decision procedure: 0.033s
VERIFICATION SUCCESSFUL
EXIT=0
SIGNAL=0
