file main.c: Parsing
Converting
Type-checking main
Generating GOTO Program
Pointer Analysis
Adding Pointer Checks
Starting Bounded Model Checking
size of program expression: 11 assignments
Generated 1 VCC(s), 1 remaining after simplification
Encoding remaining VCC(s) using integer/real arithmetic
Solving with SMT Solver Z3 v2.11
Runtime decision procedure: 0.002s
Building error trace

Counterexample:

State 2 file main.c line 6 function main thread 0
----------------------------------------------------
  c::main::$tmp::return_value_nondet_int$1=0 (00000000000000000000000000000000)

State 3 file main.c line 6 function main thread 0
----------------------------------------------------
  main::main::1::b=0 (00000000000000000000000000000000)
VERIFICATION FAILED
EXIT=0
SIGNAL=0
