file main.c: Parsing
Converting
Type-checking main
Generating GOTO Program
Pointer Analysis
Adding Pointer Checks
Starting Bounded Model Checking
Unwinding loop 0 iteration 1 file main.c line 6 function MEM_SET
Unwinding loop 0 iteration 2 file main.c line 6 function MEM_SET
Unwinding loop 0 iteration 3 file main.c line 6 function MEM_SET
Unwinding loop 0 iteration 4 file main.c line 6 function MEM_SET
size of program expression: 55 assignments
Generated 9 VCC(s), 5 remaining after simplification
Encoding remaining VCC(s) using bit-vector arithmetic
Solving with SMT Solver Z3 v2.11
Runtime decision procedure: 0.001s
Building error trace

Counterexample:

State 5 file main.c line 8 function MEM_SET thread 0
----------------------------------------------------
  main::main::1::my_page={ .len=0, .id=0, .seq_nr=0, .crc=0 }

State 9 file main.c line 8 function MEM_SET thread 0
----------------------------------------------------
  main::main::1::my_page={ .len=0, .id=0, .seq_nr=0, .crc=0 }

State 13 file main.c line 8 function MEM_SET thread 0
----------------------------------------------------
  main::main::1::my_page={ .len=0, .id=0, .seq_nr=0, .crc=0 }

State 17 file main.c line 8 function MEM_SET thread 0
----------------------------------------------------
  main::main::1::my_page={ .len=0, .id=0, .seq_nr=0, .crc=0 }

State 21  thread 0
----------------------------------------------------
  c::main::$tmp::tmp$1=FALSE

Violated property:
  file main.c line 26 function main
  assertion my_page.len == 255
  FALSE

VERIFICATION FAILED
EXIT=0
SIGNAL=0
