file main.c: Parsing
Converting
Type-checking main
Generating GOTO Program
Pointer Analysis
Adding Pointer Checks
Starting Bounded Model Checking
Unwinding loop 0 iteration 1 file main.c line 66 function main
Unwinding loop 0 iteration 2 file main.c line 66 function main
Unwinding loop 0 iteration 3 file main.c line 66 function main
Unwinding loop 0 iteration 4 file main.c line 66 function main
Unwinding loop 0 iteration 5 file main.c line 66 function main
Unwinding loop 0 iteration 6 file main.c line 66 function main
Unwinding loop 0 iteration 7 file main.c line 66 function main
Unwinding loop 0 iteration 8 file main.c line 66 function main
Unwinding loop 0 iteration 9 file main.c line 66 function main
Unwinding loop 0 iteration 10 file main.c line 66 function main
Unwinding loop 1 iteration 1 file main.c line 58 function main
Unwinding loop 0 iteration 1 file main.c line 66 function main
Unwinding loop 0 iteration 2 file main.c line 66 function main
Unwinding loop 0 iteration 3 file main.c line 66 function main
Unwinding loop 0 iteration 4 file main.c line 66 function main
Unwinding loop 0 iteration 5 file main.c line 66 function main
Unwinding loop 0 iteration 6 file main.c line 66 function main
Unwinding loop 0 iteration 7 file main.c line 66 function main
Unwinding loop 0 iteration 8 file main.c line 66 function main
Unwinding loop 0 iteration 9 file main.c line 66 function main
Unwinding loop 0 iteration 10 file main.c line 66 function main
Unwinding loop 1 iteration 2 file main.c line 58 function main
Unwinding loop 0 iteration 1 file main.c line 66 function main
Unwinding loop 0 iteration 2 file main.c line 66 function main
Unwinding loop 0 iteration 3 file main.c line 66 function main
Unwinding loop 0 iteration 4 file main.c line 66 function main
Unwinding loop 0 iteration 5 file main.c line 66 function main
Unwinding loop 0 iteration 6 file main.c line 66 function main
Unwinding loop 0 iteration 7 file main.c line 66 function main
Unwinding loop 0 iteration 8 file main.c line 66 function main
Unwinding loop 0 iteration 9 file main.c line 66 function main
Unwinding loop 0 iteration 10 file main.c line 66 function main
Unwinding loop 1 iteration 3 file main.c line 58 function main
Unwinding loop 0 iteration 1 file main.c line 66 function main
Unwinding loop 0 iteration 2 file main.c line 66 function main
Unwinding loop 0 iteration 3 file main.c line 66 function main
Unwinding loop 0 iteration 4 file main.c line 66 function main
Unwinding loop 0 iteration 5 file main.c line 66 function main
Unwinding loop 0 iteration 6 file main.c line 66 function main
Unwinding loop 0 iteration 7 file main.c line 66 function main
Unwinding loop 0 iteration 8 file main.c line 66 function main
Unwinding loop 0 iteration 9 file main.c line 66 function main
Unwinding loop 0 iteration 10 file main.c line 66 function main
Unwinding loop 1 iteration 4 file main.c line 58 function main
Unwinding loop 0 iteration 1 file main.c line 66 function main
Unwinding loop 0 iteration 2 file main.c line 66 function main
Unwinding loop 0 iteration 3 file main.c line 66 function main
Unwinding loop 0 iteration 4 file main.c line 66 function main
Unwinding loop 0 iteration 5 file main.c line 66 function main
Unwinding loop 0 iteration 6 file main.c line 66 function main
Unwinding loop 0 iteration 7 file main.c line 66 function main
Unwinding loop 0 iteration 8 file main.c line 66 function main
Unwinding loop 0 iteration 9 file main.c line 66 function main
Unwinding loop 0 iteration 10 file main.c line 66 function main
Unwinding loop 1 iteration 5 file main.c line 58 function main
Unwinding loop 0 iteration 1 file main.c line 66 function main
Unwinding loop 0 iteration 2 file main.c line 66 function main
Unwinding loop 0 iteration 3 file main.c line 66 function main
Unwinding loop 0 iteration 4 file main.c line 66 function main
Unwinding loop 0 iteration 5 file main.c line 66 function main
Unwinding loop 0 iteration 6 file main.c line 66 function main
Unwinding loop 0 iteration 7 file main.c line 66 function main
Unwinding loop 0 iteration 8 file main.c line 66 function main
Unwinding loop 0 iteration 9 file main.c line 66 function main
Unwinding loop 0 iteration 10 file main.c line 66 function main
Unwinding loop 1 iteration 6 file main.c line 58 function main
Unwinding loop 0 iteration 1 file main.c line 66 function main
Unwinding loop 0 iteration 2 file main.c line 66 function main
Unwinding loop 0 iteration 3 file main.c line 66 function main
Unwinding loop 0 iteration 4 file main.c line 66 function main
Unwinding loop 0 iteration 5 file main.c line 66 function main
Unwinding loop 0 iteration 6 file main.c line 66 function main
Unwinding loop 0 iteration 7 file main.c line 66 function main
Unwinding loop 0 iteration 8 file main.c line 66 function main
Unwinding loop 0 iteration 9 file main.c line 66 function main
Unwinding loop 0 iteration 10 file main.c line 66 function main
Unwinding loop 1 iteration 7 file main.c line 58 function main
Unwinding loop 0 iteration 1 file main.c line 66 function main
Unwinding loop 0 iteration 2 file main.c line 66 function main
Unwinding loop 0 iteration 3 file main.c line 66 function main
Unwinding loop 0 iteration 4 file main.c line 66 function main
Unwinding loop 0 iteration 5 file main.c line 66 function main
Unwinding loop 0 iteration 6 file main.c line 66 function main
Unwinding loop 0 iteration 7 file main.c line 66 function main
Unwinding loop 0 iteration 8 file main.c line 66 function main
Unwinding loop 0 iteration 9 file main.c line 66 function main
Unwinding loop 0 iteration 10 file main.c line 66 function main
Unwinding loop 1 iteration 8 file main.c line 58 function main
Unwinding loop 0 iteration 1 file main.c line 66 function main
Unwinding loop 0 iteration 2 file main.c line 66 function main
Unwinding loop 0 iteration 3 file main.c line 66 function main
Unwinding loop 0 iteration 4 file main.c line 66 function main
Unwinding loop 0 iteration 5 file main.c line 66 function main
Unwinding loop 0 iteration 6 file main.c line 66 function main
Unwinding loop 0 iteration 7 file main.c line 66 function main
Unwinding loop 0 iteration 8 file main.c line 66 function main
Unwinding loop 0 iteration 9 file main.c line 66 function main
Unwinding loop 0 iteration 10 file main.c line 66 function main
Unwinding loop 1 iteration 9 file main.c line 58 function main
size of program expression: 1160 assignments
Generated 1089 VCC(s), 201 remaining after simplification
Encoding remaining VCC(s) using integer/real arithmetic
Solving with SMT Solver Z3 v2.11
Runtime decision procedure: 0.202s
VERIFICATION SUCCESSFUL
EXIT=0
SIGNAL=0
