file main.c: Parsing
Converting
Type-checking main
Generating GOTO Program
Pointer Analysis
Adding Pointer Checks
Starting Bounded Model Checking
Unwinding loop 0 iteration 1 file main.c line 22 function main
Unwinding loop 0 iteration 2 file main.c line 22 function main
Unwinding loop 0 iteration 3 file main.c line 22 function main
Unwinding loop 1 iteration 1 file main.c line 26 function main
Unwinding loop 1 iteration 2 file main.c line 26 function main
Unwinding loop 1 iteration 3 file main.c line 26 function main
Unwinding loop 2 iteration 1 file main.c line 36 function main
Unwinding loop 2 iteration 2 file main.c line 36 function main
Unwinding loop 2 iteration 3 file main.c line 36 function main
Unwinding loop 2 iteration 4 file main.c line 36 function main
Unwinding loop 2 iteration 5 file main.c line 36 function main
Unwinding loop 2 iteration 6 file main.c line 36 function main
Unwinding loop 2 iteration 7 file main.c line 36 function main
Unwinding loop 2 iteration 8 file main.c line 36 function main
Unwinding loop 3 iteration 1 file main.c line 42 function main
Unwinding loop 3 iteration 2 file main.c line 42 function main
Unwinding loop 3 iteration 3 file main.c line 42 function main
Unwinding loop 3 iteration 4 file main.c line 42 function main
Unwinding loop 3 iteration 5 file main.c line 42 function main
Unwinding loop 3 iteration 6 file main.c line 42 function main
Unwinding loop 3 iteration 7 file main.c line 42 function main
Unwinding loop 3 iteration 8 file main.c line 42 function main
Unwinding loop 4 iteration 1 file main.c line 50 function main
Unwinding loop 4 iteration 2 file main.c line 50 function main
Unwinding loop 4 iteration 3 file main.c line 50 function main
Unwinding loop 4 iteration 4 file main.c line 50 function main
Unwinding loop 5 iteration 1 file main.c line 57 function main
Unwinding loop 5 iteration 2 file main.c line 57 function main
Unwinding loop 5 iteration 3 file main.c line 57 function main
Unwinding loop 5 iteration 4 file main.c line 57 function main
Unwinding loop 6 iteration 1 file main.c line 40 function main
Unwinding loop 3 iteration 1 file main.c line 42 function main
Unwinding loop 3 iteration 2 file main.c line 42 function main
Unwinding loop 3 iteration 3 file main.c line 42 function main
Unwinding loop 3 iteration 4 file main.c line 42 function main
Unwinding loop 3 iteration 5 file main.c line 42 function main
Unwinding loop 3 iteration 6 file main.c line 42 function main
Unwinding loop 3 iteration 7 file main.c line 42 function main
Unwinding loop 3 iteration 8 file main.c line 42 function main
Unwinding loop 4 iteration 1 file main.c line 50 function main
Unwinding loop 4 iteration 2 file main.c line 50 function main
Unwinding loop 4 iteration 3 file main.c line 50 function main
Unwinding loop 4 iteration 4 file main.c line 50 function main
Unwinding loop 5 iteration 1 file main.c line 57 function main
Unwinding loop 5 iteration 2 file main.c line 57 function main
Unwinding loop 5 iteration 3 file main.c line 57 function main
Unwinding loop 5 iteration 4 file main.c line 57 function main
Unwinding loop 6 iteration 2 file main.c line 40 function main
Unwinding loop 3 iteration 1 file main.c line 42 function main
Unwinding loop 3 iteration 2 file main.c line 42 function main
Unwinding loop 3 iteration 3 file main.c line 42 function main
Unwinding loop 3 iteration 4 file main.c line 42 function main
Unwinding loop 3 iteration 5 file main.c line 42 function main
Unwinding loop 3 iteration 6 file main.c line 42 function main
Unwinding loop 3 iteration 7 file main.c line 42 function main
Unwinding loop 3 iteration 8 file main.c line 42 function main
Unwinding loop 4 iteration 1 file main.c line 50 function main
Unwinding loop 4 iteration 2 file main.c line 50 function main
Unwinding loop 4 iteration 3 file main.c line 50 function main
Unwinding loop 4 iteration 4 file main.c line 50 function main
Unwinding loop 5 iteration 1 file main.c line 57 function main
Unwinding loop 5 iteration 2 file main.c line 57 function main
Unwinding loop 5 iteration 3 file main.c line 57 function main
Unwinding loop 5 iteration 4 file main.c line 57 function main
Unwinding loop 6 iteration 3 file main.c line 40 function main
Unwinding loop 3 iteration 1 file main.c line 42 function main
Unwinding loop 3 iteration 2 file main.c line 42 function main
Unwinding loop 3 iteration 3 file main.c line 42 function main
Unwinding loop 3 iteration 4 file main.c line 42 function main
Unwinding loop 3 iteration 5 file main.c line 42 function main
Unwinding loop 3 iteration 6 file main.c line 42 function main
Unwinding loop 3 iteration 7 file main.c line 42 function main
Unwinding loop 3 iteration 8 file main.c line 42 function main
Unwinding loop 4 iteration 1 file main.c line 50 function main
Unwinding loop 4 iteration 2 file main.c line 50 function main
Unwinding loop 4 iteration 3 file main.c line 50 function main
Unwinding loop 4 iteration 4 file main.c line 50 function main
Unwinding loop 5 iteration 1 file main.c line 57 function main
Unwinding loop 5 iteration 2 file main.c line 57 function main
Unwinding loop 5 iteration 3 file main.c line 57 function main
Unwinding loop 5 iteration 4 file main.c line 57 function main
Unwinding loop 6 iteration 4 file main.c line 40 function main
Unwinding loop 3 iteration 1 file main.c line 42 function main
Unwinding loop 3 iteration 2 file main.c line 42 function main
Unwinding loop 3 iteration 3 file main.c line 42 function main
Unwinding loop 3 iteration 4 file main.c line 42 function main
Unwinding loop 3 iteration 5 file main.c line 42 function main
Unwinding loop 3 iteration 6 file main.c line 42 function main
Unwinding loop 3 iteration 7 file main.c line 42 function main
Unwinding loop 3 iteration 8 file main.c line 42 function main
Unwinding loop 4 iteration 1 file main.c line 50 function main
Unwinding loop 4 iteration 2 file main.c line 50 function main
Unwinding loop 4 iteration 3 file main.c line 50 function main
Unwinding loop 4 iteration 4 file main.c line 50 function main
Unwinding loop 5 iteration 1 file main.c line 57 function main
Unwinding loop 5 iteration 2 file main.c line 57 function main
Unwinding loop 5 iteration 3 file main.c line 57 function main
Unwinding loop 5 iteration 4 file main.c line 57 function main
Unwinding loop 6 iteration 5 file main.c line 40 function main
Unwinding loop 3 iteration 1 file main.c line 42 function main
Unwinding loop 3 iteration 2 file main.c line 42 function main
Unwinding loop 3 iteration 3 file main.c line 42 function main
Unwinding loop 3 iteration 4 file main.c line 42 function main
Unwinding loop 3 iteration 5 file main.c line 42 function main
Unwinding loop 3 iteration 6 file main.c line 42 function main
Unwinding loop 3 iteration 7 file main.c line 42 function main
Unwinding loop 3 iteration 8 file main.c line 42 function main
Unwinding loop 4 iteration 1 file main.c line 50 function main
Unwinding loop 4 iteration 2 file main.c line 50 function main
Unwinding loop 4 iteration 3 file main.c line 50 function main
Unwinding loop 4 iteration 4 file main.c line 50 function main
Unwinding loop 5 iteration 1 file main.c line 57 function main
Unwinding loop 5 iteration 2 file main.c line 57 function main
Unwinding loop 5 iteration 3 file main.c line 57 function main
Unwinding loop 5 iteration 4 file main.c line 57 function main
Unwinding loop 6 iteration 6 file main.c line 40 function main
Unwinding loop 3 iteration 1 file main.c line 42 function main
Unwinding loop 3 iteration 2 file main.c line 42 function main
Unwinding loop 3 iteration 3 file main.c line 42 function main
Unwinding loop 3 iteration 4 file main.c line 42 function main
Unwinding loop 3 iteration 5 file main.c line 42 function main
Unwinding loop 3 iteration 6 file main.c line 42 function main
Unwinding loop 3 iteration 7 file main.c line 42 function main
Unwinding loop 3 iteration 8 file main.c line 42 function main
Unwinding loop 4 iteration 1 file main.c line 50 function main
Unwinding loop 4 iteration 2 file main.c line 50 function main
Unwinding loop 4 iteration 3 file main.c line 50 function main
Unwinding loop 4 iteration 4 file main.c line 50 function main
Unwinding loop 5 iteration 1 file main.c line 57 function main
Unwinding loop 5 iteration 2 file main.c line 57 function main
Unwinding loop 5 iteration 3 file main.c line 57 function main
Unwinding loop 5 iteration 4 file main.c line 57 function main
Unwinding loop 6 iteration 7 file main.c line 40 function main
Unwinding loop 3 iteration 1 file main.c line 42 function main
Unwinding loop 3 iteration 2 file main.c line 42 function main
Unwinding loop 3 iteration 3 file main.c line 42 function main
Unwinding loop 3 iteration 4 file main.c line 42 function main
Unwinding loop 3 iteration 5 file main.c line 42 function main
Unwinding loop 3 iteration 6 file main.c line 42 function main
Unwinding loop 3 iteration 7 file main.c line 42 function main
Unwinding loop 3 iteration 8 file main.c line 42 function main
Unwinding loop 4 iteration 1 file main.c line 50 function main
Unwinding loop 4 iteration 2 file main.c line 50 function main
Unwinding loop 4 iteration 3 file main.c line 50 function main
Unwinding loop 4 iteration 4 file main.c line 50 function main
Unwinding loop 5 iteration 1 file main.c line 57 function main
Unwinding loop 5 iteration 2 file main.c line 57 function main
Unwinding loop 5 iteration 3 file main.c line 57 function main
Unwinding loop 5 iteration 4 file main.c line 57 function main
Unwinding loop 6 iteration 8 file main.c line 40 function main
Unwinding loop 7 iteration 1 file main.c line 31 function main
Unwinding loop 2 iteration 1 file main.c line 36 function main
Unwinding loop 2 iteration 2 file main.c line 36 function main
Unwinding loop 2 iteration 3 file main.c line 36 function main
Unwinding loop 2 iteration 4 file main.c line 36 function main
Unwinding loop 2 iteration 5 file main.c line 36 function main
Unwinding loop 2 iteration 6 file main.c line 36 function main
Unwinding loop 2 iteration 7 file main.c line 36 function main
Unwinding loop 2 iteration 8 file main.c line 36 function main
Unwinding loop 3 iteration 1 file main.c line 42 function main
Unwinding loop 3 iteration 2 file main.c line 42 function main
Unwinding loop 3 iteration 3 file main.c line 42 function main
Unwinding loop 3 iteration 4 file main.c line 42 function main
Unwinding loop 3 iteration 5 file main.c line 42 function main
Unwinding loop 3 iteration 6 file main.c line 42 function main
Unwinding loop 3 iteration 7 file main.c line 42 function main
Unwinding loop 3 iteration 8 file main.c line 42 function main
Unwinding loop 4 iteration 1 file main.c line 50 function main
Unwinding loop 4 iteration 2 file main.c line 50 function main
Unwinding loop 4 iteration 3 file main.c line 50 function main
Unwinding loop 4 iteration 4 file main.c line 50 function main
Unwinding loop 5 iteration 1 file main.c line 57 function main
Unwinding loop 5 iteration 2 file main.c line 57 function main
Unwinding loop 5 iteration 3 file main.c line 57 function main
Unwinding loop 5 iteration 4 file main.c line 57 function main
Unwinding loop 6 iteration 1 file main.c line 40 function main
Unwinding loop 3 iteration 1 file main.c line 42 function main
Unwinding loop 3 iteration 2 file main.c line 42 function main
Unwinding loop 3 iteration 3 file main.c line 42 function main
Unwinding loop 3 iteration 4 file main.c line 42 function main
Unwinding loop 3 iteration 5 file main.c line 42 function main
Unwinding loop 3 iteration 6 file main.c line 42 function main
Unwinding loop 3 iteration 7 file main.c line 42 function main
Unwinding loop 3 iteration 8 file main.c line 42 function main
Unwinding loop 4 iteration 1 file main.c line 50 function main
Unwinding loop 4 iteration 2 file main.c line 50 function main
Unwinding loop 4 iteration 3 file main.c line 50 function main
Unwinding loop 4 iteration 4 file main.c line 50 function main
Unwinding loop 5 iteration 1 file main.c line 57 function main
Unwinding loop 5 iteration 2 file main.c line 57 function main
Unwinding loop 5 iteration 3 file main.c line 57 function main
Unwinding loop 5 iteration 4 file main.c line 57 function main
Unwinding loop 6 iteration 2 file main.c line 40 function main
Unwinding loop 3 iteration 1 file main.c line 42 function main
Unwinding loop 3 iteration 2 file main.c line 42 function main
Unwinding loop 3 iteration 3 file main.c line 42 function main
Unwinding loop 3 iteration 4 file main.c line 42 function main
Unwinding loop 3 iteration 5 file main.c line 42 function main
Unwinding loop 3 iteration 6 file main.c line 42 function main
Unwinding loop 3 iteration 7 file main.c line 42 function main
Unwinding loop 3 iteration 8 file main.c line 42 function main
Unwinding loop 4 iteration 1 file main.c line 50 function main
Unwinding loop 4 iteration 2 file main.c line 50 function main
Unwinding loop 4 iteration 3 file main.c line 50 function main
Unwinding loop 4 iteration 4 file main.c line 50 function main
Unwinding loop 5 iteration 1 file main.c line 57 function main
Unwinding loop 5 iteration 2 file main.c line 57 function main
Unwinding loop 5 iteration 3 file main.c line 57 function main
Unwinding loop 5 iteration 4 file main.c line 57 function main
Unwinding loop 6 iteration 3 file main.c line 40 function main
Unwinding loop 3 iteration 1 file main.c line 42 function main
Unwinding loop 3 iteration 2 file main.c line 42 function main
Unwinding loop 3 iteration 3 file main.c line 42 function main
Unwinding loop 3 iteration 4 file main.c line 42 function main
Unwinding loop 3 iteration 5 file main.c line 42 function main
Unwinding loop 3 iteration 6 file main.c line 42 function main
Unwinding loop 3 iteration 7 file main.c line 42 function main
Unwinding loop 3 iteration 8 file main.c line 42 function main
Unwinding loop 4 iteration 1 file main.c line 50 function main
Unwinding loop 4 iteration 2 file main.c line 50 function main
Unwinding loop 4 iteration 3 file main.c line 50 function main
Unwinding loop 4 iteration 4 file main.c line 50 function main
Unwinding loop 5 iteration 1 file main.c line 57 function main
Unwinding loop 5 iteration 2 file main.c line 57 function main
Unwinding loop 5 iteration 3 file main.c line 57 function main
Unwinding loop 5 iteration 4 file main.c line 57 function main
Unwinding loop 6 iteration 4 file main.c line 40 function main
Unwinding loop 3 iteration 1 file main.c line 42 function main
Unwinding loop 3 iteration 2 file main.c line 42 function main
Unwinding loop 3 iteration 3 file main.c line 42 function main
Unwinding loop 3 iteration 4 file main.c line 42 function main
Unwinding loop 3 iteration 5 file main.c line 42 function main
Unwinding loop 3 iteration 6 file main.c line 42 function main
Unwinding loop 3 iteration 7 file main.c line 42 function main
Unwinding loop 3 iteration 8 file main.c line 42 function main
Unwinding loop 4 iteration 1 file main.c line 50 function main
Unwinding loop 4 iteration 2 file main.c line 50 function main
Unwinding loop 4 iteration 3 file main.c line 50 function main
Unwinding loop 4 iteration 4 file main.c line 50 function main
Unwinding loop 5 iteration 1 file main.c line 57 function main
Unwinding loop 5 iteration 2 file main.c line 57 function main
Unwinding loop 5 iteration 3 file main.c line 57 function main
Unwinding loop 5 iteration 4 file main.c line 57 function main
Unwinding loop 6 iteration 5 file main.c line 40 function main
Unwinding loop 3 iteration 1 file main.c line 42 function main
Unwinding loop 3 iteration 2 file main.c line 42 function main
Unwinding loop 3 iteration 3 file main.c line 42 function main
Unwinding loop 3 iteration 4 file main.c line 42 function main
Unwinding loop 3 iteration 5 file main.c line 42 function main
Unwinding loop 3 iteration 6 file main.c line 42 function main
Unwinding loop 3 iteration 7 file main.c line 42 function main
Unwinding loop 3 iteration 8 file main.c line 42 function main
Unwinding loop 4 iteration 1 file main.c line 50 function main
Unwinding loop 4 iteration 2 file main.c line 50 function main
Unwinding loop 4 iteration 3 file main.c line 50 function main
Unwinding loop 4 iteration 4 file main.c line 50 function main
Unwinding loop 5 iteration 1 file main.c line 57 function main
Unwinding loop 5 iteration 2 file main.c line 57 function main
Unwinding loop 5 iteration 3 file main.c line 57 function main
Unwinding loop 5 iteration 4 file main.c line 57 function main
Unwinding loop 6 iteration 6 file main.c line 40 function main
Unwinding loop 3 iteration 1 file main.c line 42 function main
Unwinding loop 3 iteration 2 file main.c line 42 function main
Unwinding loop 3 iteration 3 file main.c line 42 function main
Unwinding loop 3 iteration 4 file main.c line 42 function main
Unwinding loop 3 iteration 5 file main.c line 42 function main
Unwinding loop 3 iteration 6 file main.c line 42 function main
Unwinding loop 3 iteration 7 file main.c line 42 function main
Unwinding loop 3 iteration 8 file main.c line 42 function main
Unwinding loop 4 iteration 1 file main.c line 50 function main
Unwinding loop 4 iteration 2 file main.c line 50 function main
Unwinding loop 4 iteration 3 file main.c line 50 function main
Unwinding loop 4 iteration 4 file main.c line 50 function main
Unwinding loop 5 iteration 1 file main.c line 57 function main
Unwinding loop 5 iteration 2 file main.c line 57 function main
Unwinding loop 5 iteration 3 file main.c line 57 function main
Unwinding loop 5 iteration 4 file main.c line 57 function main
Unwinding loop 6 iteration 7 file main.c line 40 function main
Unwinding loop 3 iteration 1 file main.c line 42 function main
Unwinding loop 3 iteration 2 file main.c line 42 function main
Unwinding loop 3 iteration 3 file main.c line 42 function main
Unwinding loop 3 iteration 4 file main.c line 42 function main
Unwinding loop 3 iteration 5 file main.c line 42 function main
Unwinding loop 3 iteration 6 file main.c line 42 function main
Unwinding loop 3 iteration 7 file main.c line 42 function main
Unwinding loop 3 iteration 8 file main.c line 42 function main
Unwinding loop 4 iteration 1 file main.c line 50 function main
Unwinding loop 4 iteration 2 file main.c line 50 function main
Unwinding loop 4 iteration 3 file main.c line 50 function main
Unwinding loop 4 iteration 4 file main.c line 50 function main
Unwinding loop 5 iteration 1 file main.c line 57 function main
Unwinding loop 5 iteration 2 file main.c line 57 function main
Unwinding loop 5 iteration 3 file main.c line 57 function main
Unwinding loop 5 iteration 4 file main.c line 57 function main
Unwinding loop 6 iteration 8 file main.c line 40 function main
Unwinding loop 7 iteration 2 file main.c line 31 function main
Unwinding loop 2 iteration 1 file main.c line 36 function main
Unwinding loop 2 iteration 2 file main.c line 36 function main
Unwinding loop 2 iteration 3 file main.c line 36 function main
Unwinding loop 2 iteration 4 file main.c line 36 function main
Unwinding loop 2 iteration 5 file main.c line 36 function main
Unwinding loop 2 iteration 6 file main.c line 36 function main
Unwinding loop 2 iteration 7 file main.c line 36 function main
Unwinding loop 2 iteration 8 file main.c line 36 function main
Unwinding loop 3 iteration 1 file main.c line 42 function main
Unwinding loop 3 iteration 2 file main.c line 42 function main
Unwinding loop 3 iteration 3 file main.c line 42 function main
Unwinding loop 3 iteration 4 file main.c line 42 function main
Unwinding loop 3 iteration 5 file main.c line 42 function main
Unwinding loop 3 iteration 6 file main.c line 42 function main
Unwinding loop 3 iteration 7 file main.c line 42 function main
Unwinding loop 3 iteration 8 file main.c line 42 function main
Unwinding loop 4 iteration 1 file main.c line 50 function main
Unwinding loop 4 iteration 2 file main.c line 50 function main
Unwinding loop 4 iteration 3 file main.c line 50 function main
Unwinding loop 4 iteration 4 file main.c line 50 function main
Unwinding loop 5 iteration 1 file main.c line 57 function main
Unwinding loop 5 iteration 2 file main.c line 57 function main
Unwinding loop 5 iteration 3 file main.c line 57 function main
Unwinding loop 5 iteration 4 file main.c line 57 function main
Unwinding loop 6 iteration 1 file main.c line 40 function main
Unwinding loop 3 iteration 1 file main.c line 42 function main
Unwinding loop 3 iteration 2 file main.c line 42 function main
Unwinding loop 3 iteration 3 file main.c line 42 function main
Unwinding loop 3 iteration 4 file main.c line 42 function main
Unwinding loop 3 iteration 5 file main.c line 42 function main
Unwinding loop 3 iteration 6 file main.c line 42 function main
Unwinding loop 3 iteration 7 file main.c line 42 function main
Unwinding loop 3 iteration 8 file main.c line 42 function main
Unwinding loop 4 iteration 1 file main.c line 50 function main
Unwinding loop 4 iteration 2 file main.c line 50 function main
Unwinding loop 4 iteration 3 file main.c line 50 function main
Unwinding loop 4 iteration 4 file main.c line 50 function main
Unwinding loop 5 iteration 1 file main.c line 57 function main
Unwinding loop 5 iteration 2 file main.c line 57 function main
Unwinding loop 5 iteration 3 file main.c line 57 function main
Unwinding loop 5 iteration 4 file main.c line 57 function main
Unwinding loop 6 iteration 2 file main.c line 40 function main
Unwinding loop 3 iteration 1 file main.c line 42 function main
Unwinding loop 3 iteration 2 file main.c line 42 function main
Unwinding loop 3 iteration 3 file main.c line 42 function main
Unwinding loop 3 iteration 4 file main.c line 42 function main
Unwinding loop 3 iteration 5 file main.c line 42 function main
Unwinding loop 3 iteration 6 file main.c line 42 function main
Unwinding loop 3 iteration 7 file main.c line 42 function main
Unwinding loop 3 iteration 8 file main.c line 42 function main
Unwinding loop 4 iteration 1 file main.c line 50 function main
Unwinding loop 4 iteration 2 file main.c line 50 function main
Unwinding loop 4 iteration 3 file main.c line 50 function main
Unwinding loop 4 iteration 4 file main.c line 50 function main
Unwinding loop 5 iteration 1 file main.c line 57 function main
Unwinding loop 5 iteration 2 file main.c line 57 function main
Unwinding loop 5 iteration 3 file main.c line 57 function main
Unwinding loop 5 iteration 4 file main.c line 57 function main
Unwinding loop 6 iteration 3 file main.c line 40 function main
Unwinding loop 3 iteration 1 file main.c line 42 function main
Unwinding loop 3 iteration 2 file main.c line 42 function main
Unwinding loop 3 iteration 3 file main.c line 42 function main
Unwinding loop 3 iteration 4 file main.c line 42 function main
Unwinding loop 3 iteration 5 file main.c line 42 function main
Unwinding loop 3 iteration 6 file main.c line 42 function main
Unwinding loop 3 iteration 7 file main.c line 42 function main
Unwinding loop 3 iteration 8 file main.c line 42 function main
Unwinding loop 4 iteration 1 file main.c line 50 function main
Unwinding loop 4 iteration 2 file main.c line 50 function main
Unwinding loop 4 iteration 3 file main.c line 50 function main
Unwinding loop 4 iteration 4 file main.c line 50 function main
Unwinding loop 5 iteration 1 file main.c line 57 function main
Unwinding loop 5 iteration 2 file main.c line 57 function main
Unwinding loop 5 iteration 3 file main.c line 57 function main
Unwinding loop 5 iteration 4 file main.c line 57 function main
Unwinding loop 6 iteration 4 file main.c line 40 function main
Unwinding loop 3 iteration 1 file main.c line 42 function main
Unwinding loop 3 iteration 2 file main.c line 42 function main
Unwinding loop 3 iteration 3 file main.c line 42 function main
Unwinding loop 3 iteration 4 file main.c line 42 function main
Unwinding loop 3 iteration 5 file main.c line 42 function main
Unwinding loop 3 iteration 6 file main.c line 42 function main
Unwinding loop 3 iteration 7 file main.c line 42 function main
Unwinding loop 3 iteration 8 file main.c line 42 function main
Unwinding loop 4 iteration 1 file main.c line 50 function main
Unwinding loop 4 iteration 2 file main.c line 50 function main
Unwinding loop 4 iteration 3 file main.c line 50 function main
Unwinding loop 4 iteration 4 file main.c line 50 function main
Unwinding loop 5 iteration 1 file main.c line 57 function main
Unwinding loop 5 iteration 2 file main.c line 57 function main
Unwinding loop 5 iteration 3 file main.c line 57 function main
Unwinding loop 5 iteration 4 file main.c line 57 function main
Unwinding loop 6 iteration 5 file main.c line 40 function main
Unwinding loop 3 iteration 1 file main.c line 42 function main
Unwinding loop 3 iteration 2 file main.c line 42 function main
Unwinding loop 3 iteration 3 file main.c line 42 function main
Unwinding loop 3 iteration 4 file main.c line 42 function main
Unwinding loop 3 iteration 5 file main.c line 42 function main
Unwinding loop 3 iteration 6 file main.c line 42 function main
Unwinding loop 3 iteration 7 file main.c line 42 function main
Unwinding loop 3 iteration 8 file main.c line 42 function main
Unwinding loop 4 iteration 1 file main.c line 50 function main
Unwinding loop 4 iteration 2 file main.c line 50 function main
Unwinding loop 4 iteration 3 file main.c line 50 function main
Unwinding loop 4 iteration 4 file main.c line 50 function main
Unwinding loop 5 iteration 1 file main.c line 57 function main
Unwinding loop 5 iteration 2 file main.c line 57 function main
Unwinding loop 5 iteration 3 file main.c line 57 function main
Unwinding loop 5 iteration 4 file main.c line 57 function main
Unwinding loop 6 iteration 6 file main.c line 40 function main
Unwinding loop 3 iteration 1 file main.c line 42 function main
Unwinding loop 3 iteration 2 file main.c line 42 function main
Unwinding loop 3 iteration 3 file main.c line 42 function main
Unwinding loop 3 iteration 4 file main.c line 42 function main
Unwinding loop 3 iteration 5 file main.c line 42 function main
Unwinding loop 3 iteration 6 file main.c line 42 function main
Unwinding loop 3 iteration 7 file main.c line 42 function main
Unwinding loop 3 iteration 8 file main.c line 42 function main
Unwinding loop 4 iteration 1 file main.c line 50 function main
Unwinding loop 4 iteration 2 file main.c line 50 function main
Unwinding loop 4 iteration 3 file main.c line 50 function main
Unwinding loop 4 iteration 4 file main.c line 50 function main
Unwinding loop 5 iteration 1 file main.c line 57 function main
Unwinding loop 5 iteration 2 file main.c line 57 function main
Unwinding loop 5 iteration 3 file main.c line 57 function main
Unwinding loop 5 iteration 4 file main.c line 57 function main
Unwinding loop 6 iteration 7 file main.c line 40 function main
Unwinding loop 3 iteration 1 file main.c line 42 function main
Unwinding loop 3 iteration 2 file main.c line 42 function main
Unwinding loop 3 iteration 3 file main.c line 42 function main
Unwinding loop 3 iteration 4 file main.c line 42 function main
Unwinding loop 3 iteration 5 file main.c line 42 function main
Unwinding loop 3 iteration 6 file main.c line 42 function main
Unwinding loop 3 iteration 7 file main.c line 42 function main
Unwinding loop 3 iteration 8 file main.c line 42 function main
Unwinding loop 4 iteration 1 file main.c line 50 function main
Unwinding loop 4 iteration 2 file main.c line 50 function main
Unwinding loop 4 iteration 3 file main.c line 50 function main
Unwinding loop 4 iteration 4 file main.c line 50 function main
Unwinding loop 5 iteration 1 file main.c line 57 function main
Unwinding loop 5 iteration 2 file main.c line 57 function main
Unwinding loop 5 iteration 3 file main.c line 57 function main
Unwinding loop 5 iteration 4 file main.c line 57 function main
Unwinding loop 6 iteration 8 file main.c line 40 function main
Unwinding loop 7 iteration 3 file main.c line 31 function main
size of program expression: 4665 assignments
Generated 1693 VCC(s), 816 remaining after simplification
Encoding remaining VCC(s) using integer/real arithmetic
Solving with SMT Solver Z3 v2.11
Runtime decision procedure: 0.156s
VERIFICATION SUCCESSFUL
EXIT=0
SIGNAL=0
