file main.c: Parsing
Converting
Type-checking main
Generating GOTO Program
Pointer Analysis
Adding Pointer Checks
Starting Bounded Model Checking
Unwinding loop 0 iteration 1 file main.c line 13 function main
Unwinding loop 0 iteration 2 file main.c line 13 function main
size of program expression: 36 assignments
Generated 1 VCC(s), 1 remaining after simplification
Encoding remaining VCC(s) using bit-vector arithmetic
Solving with SMT Solver Z3 v2.11
Runtime decision procedure: 0.003s
Building error trace

Counterexample:

State 1 file <built-in> line 12 thread 0
----------------------------------------------------
  __ESBMC_alloc=(assignment removed)

State 4 file main.c line 14 function main thread 0
----------------------------------------------------
  __ESBMC_alloc=(assignment removed)

State 5 file main.c line 14 function main thread 0
----------------------------------------------------
  __ESBMC_alloc=(assignment removed)

State 8 file main.c line 14 function main thread 0
----------------------------------------------------
  __ESBMC_alloc=(assignment removed)

State 9 file main.c line 14 function main thread 0
----------------------------------------------------
  __ESBMC_alloc=(assignment removed)

Violated property:
  file main.c line 14 function main
  dereference failure: forgotten memory
  DEALLOCATED_OBJECT(return_value_malloc$2) == TRUE

VERIFICATION FAILED
EXIT=0
SIGNAL=0
