file main.c: Parsing
Converting
Type-checking main
Generating GOTO Program
Pointer Analysis
Adding Pointer Checks
Starting Bounded Model Checking
size of program expression: 19 assignments
Generated 1 VCC(s), 1 remaining after simplification
Encoding remaining VCC(s) using integer/real arithmetic
Solving with SMT Solver Z3 v2.11
Runtime decision procedure: 0.002s
Building error trace

Counterexample:

State 2 file main.c line 6 function main thread 0
----------------------------------------------------
  main::main::1::p=dynamic_172720505_value

State 4 file main.c line 10 function main thread 0
----------------------------------------------------
  main::main::1::p=x@1!0

Violated property:
  file main.c line 13 function main
  dereference failure: free() of non-dynamic memory
  !(SAME-OBJECT(p, &x))

VERIFICATION FAILED
EXIT=0
SIGNAL=0
