file main.c: Parsing
Converting
Type-checking main
Generating GOTO Program
Pointer Analysis
Adding Pointer Checks
Starting Bounded Model Checking
Unwinding loop 1 iteration 1 file main.c line 22 function main
Unwinding loop 1 iteration 2 file main.c line 22 function main
Unwinding loop 0 iteration 1 file main.c line 3 function cmp_str
Unwinding loop 0 iteration 2 file main.c line 3 function cmp_str
Unwinding loop 0 iteration 3 file main.c line 3 function cmp_str
size of program expression: 62 assignments
Generated 29 VCC(s), 5 remaining after simplification
Encoding remaining VCC(s) using integer/real arithmetic
Solving with SMT Solver Z3 v2.11
Runtime decision procedure: 0.005s
VERIFICATION SUCCESSFUL
EXIT=0
SIGNAL=0
