file main.c: Parsing
Converting
Type-checking main
Generating GOTO Program
Pointer Analysis
Adding Pointer Checks
Starting Bounded Model Checking
size of program expression: 30 assignments
Generated 2 VCC(s), 2 remaining after simplification
Encoding remaining VCC(s) using integer/real arithmetic
Solving with SMT Solver Z3 v2.11
Runtime decision procedure: 0.004s
Building error trace

Counterexample:

State 1 file <built-in> line 12 thread 0
----------------------------------------------------
  __ESBMC_alloc=(assignment removed)

State 4 file main.c line 6 function analyze_this thread 0
----------------------------------------------------
  __ESBMC_alloc=(assignment removed)

State 5 file main.c line 6 function analyze_this thread 0
----------------------------------------------------
  __ESBMC_alloc=(assignment removed)

State 6 file main.c line 7 function analyze_this thread 0
----------------------------------------------------
  __ESBMC_alloc=(assignment removed)

State 7 file main.c line 7 function analyze_this thread 0
----------------------------------------------------
  __ESBMC_alloc=(assignment removed)

State 8 file main.c line 10 function analyze_this thread 0
----------------------------------------------------
  c::analyze_this::$tmp::return_value_nondet_bool$3=TRUE

State 9 file main.c line 10 function analyze_this thread 0
----------------------------------------------------
  main::analyze_this::1::p=(assignment removed)

State 10 file main.c line 12 function analyze_this thread 0
----------------------------------------------------
  main::analyze_this::1::p_int=(assignment removed)

Violated property:
  file main.c line 6 function analyze_this
  dereference failure: forgotten memory
  DEALLOCATED_OBJECT(return_value_malloc$1) == TRUE

VERIFICATION FAILED
EXIT=0
SIGNAL=0
