file main.c: Parsing
Converting
Type-checking main
Generating GOTO Program
Pointer Analysis
Adding Pointer Checks
Starting Bounded Model Checking
Unwinding loop 0 iteration 1 file main.c line 13 function main
Unwinding loop 0 iteration 2 file main.c line 13 function main
Unwinding loop 0 iteration 3 file main.c line 13 function main
Unwinding loop 0 iteration 4 file main.c line 13 function main
Unwinding loop 0 iteration 5 file main.c line 13 function main
Unwinding loop 1 iteration 1 file main.c line 24 function main
Unwinding loop 1 iteration 2 file main.c line 24 function main
Unwinding loop 1 iteration 3 file main.c line 24 function main
Unwinding loop 1 iteration 4 file main.c line 24 function main
Unwinding loop 1 iteration 5 file main.c line 24 function main
Unwinding loop 2 iteration 1 file main.c line 29 function main
Unwinding loop 2 iteration 2 file main.c line 29 function main
Unwinding loop 2 iteration 3 file main.c line 29 function main
Unwinding loop 2 iteration 4 file main.c line 29 function main
Unwinding loop 2 iteration 5 file main.c line 29 function main
Unwinding loop 2 iteration 6 file main.c line 29 function main
Unwinding loop 2 iteration 7 file main.c line 29 function main
Unwinding loop 2 iteration 8 file main.c line 29 function main
Unwinding loop 3 iteration 1 file main.c line 38 function main
Unwinding loop 3 iteration 2 file main.c line 38 function main
Unwinding loop 3 iteration 3 file main.c line 38 function main
Unwinding loop 3 iteration 4 file main.c line 38 function main
Unwinding loop 4 iteration 1 file main.c line 21 function main
Unwinding loop 1 iteration 1 file main.c line 24 function main
Unwinding loop 1 iteration 2 file main.c line 24 function main
Unwinding loop 1 iteration 3 file main.c line 24 function main
Unwinding loop 1 iteration 4 file main.c line 24 function main
Unwinding loop 1 iteration 5 file main.c line 24 function main
Unwinding loop 2 iteration 1 file main.c line 29 function main
Unwinding loop 2 iteration 2 file main.c line 29 function main
Unwinding loop 2 iteration 3 file main.c line 29 function main
Unwinding loop 2 iteration 4 file main.c line 29 function main
Unwinding loop 2 iteration 5 file main.c line 29 function main
Unwinding loop 2 iteration 6 file main.c line 29 function main
Unwinding loop 2 iteration 7 file main.c line 29 function main
Unwinding loop 2 iteration 8 file main.c line 29 function main
Unwinding loop 3 iteration 1 file main.c line 38 function main
Unwinding loop 3 iteration 2 file main.c line 38 function main
Unwinding loop 3 iteration 3 file main.c line 38 function main
Unwinding loop 3 iteration 4 file main.c line 38 function main
Unwinding loop 4 iteration 2 file main.c line 21 function main
Unwinding loop 1 iteration 1 file main.c line 24 function main
Unwinding loop 1 iteration 2 file main.c line 24 function main
Unwinding loop 1 iteration 3 file main.c line 24 function main
Unwinding loop 1 iteration 4 file main.c line 24 function main
Unwinding loop 1 iteration 5 file main.c line 24 function main
Unwinding loop 2 iteration 1 file main.c line 29 function main
Unwinding loop 2 iteration 2 file main.c line 29 function main
Unwinding loop 2 iteration 3 file main.c line 29 function main
Unwinding loop 2 iteration 4 file main.c line 29 function main
Unwinding loop 2 iteration 5 file main.c line 29 function main
Unwinding loop 2 iteration 6 file main.c line 29 function main
Unwinding loop 2 iteration 7 file main.c line 29 function main
Unwinding loop 2 iteration 8 file main.c line 29 function main
Unwinding loop 3 iteration 1 file main.c line 38 function main
Unwinding loop 3 iteration 2 file main.c line 38 function main
Unwinding loop 3 iteration 3 file main.c line 38 function main
Unwinding loop 3 iteration 4 file main.c line 38 function main
Unwinding loop 4 iteration 3 file main.c line 21 function main
Unwinding loop 1 iteration 1 file main.c line 24 function main
Unwinding loop 1 iteration 2 file main.c line 24 function main
Unwinding loop 1 iteration 3 file main.c line 24 function main
Unwinding loop 1 iteration 4 file main.c line 24 function main
Unwinding loop 1 iteration 5 file main.c line 24 function main
Unwinding loop 2 iteration 1 file main.c line 29 function main
Unwinding loop 2 iteration 2 file main.c line 29 function main
Unwinding loop 2 iteration 3 file main.c line 29 function main
Unwinding loop 2 iteration 4 file main.c line 29 function main
Unwinding loop 2 iteration 5 file main.c line 29 function main
Unwinding loop 2 iteration 6 file main.c line 29 function main
Unwinding loop 2 iteration 7 file main.c line 29 function main
Unwinding loop 2 iteration 8 file main.c line 29 function main
Unwinding loop 3 iteration 1 file main.c line 38 function main
Unwinding loop 3 iteration 2 file main.c line 38 function main
Unwinding loop 3 iteration 3 file main.c line 38 function main
Unwinding loop 3 iteration 4 file main.c line 38 function main
Unwinding loop 4 iteration 4 file main.c line 21 function main
size of program expression: 625 assignments
Generated 9 VCC(s), 4 remaining after simplification
Encoding remaining VCC(s) using integer/real arithmetic
Solving with SMT Solver Z3 v2.11
Runtime decision procedure: 0.044s
VERIFICATION SUCCESSFUL
EXIT=0
SIGNAL=0
