file main.c: Parsing
Converting
Type-checking main
Generating GOTO Program
Pointer Analysis
Adding Pointer Checks
Starting Bounded Model Checking
size of program expression: 21 assignments
Generated 1 VCC(s), 1 remaining after simplification
Encoding remaining VCC(s) using integer/real arithmetic
Solving with SMT Solver Z3 v2.11
Runtime decision procedure: 0s
Building error trace

Counterexample:

State 2 file main.c line 21 function main thread 0
----------------------------------------------------
  symex_dynamic::dynamic_178153977_value={ .bs=enum(0), .id=0, .version=1 }

State 3 file main.c line 23 function main thread 0
----------------------------------------------------
  symex_dynamic::dynamic_178153977_value={ .bs=enum(0), .id=0, .version=2 }

Violated property:
  file main.c line 24 function main
  assertion
  l->b->version == 1

VERIFICATION FAILED
EXIT=0
SIGNAL=0
