file main.c: Parsing
Converting
Type-checking main
Generating GOTO Program
Pointer Analysis
Adding Pointer Checks
Starting Bounded Model Checking
Unwinding loop 0 iteration 1 file main.c line 11 function main
Unwinding loop 0 iteration 2 file main.c line 11 function main
Unwinding loop 0 iteration 3 file main.c line 11 function main
Unwinding loop 0 iteration 4 file main.c line 11 function main
Unwinding loop 0 iteration 5 file main.c line 11 function main
Unwinding loop 1 iteration 1 file main.c line 19 function main
Unwinding loop 2 iteration 1 file main.c line 16 function main
Unwinding loop 1 iteration 1 file main.c line 19 function main
Unwinding loop 1 iteration 2 file main.c line 19 function main
Unwinding loop 2 iteration 2 file main.c line 16 function main
Unwinding loop 1 iteration 1 file main.c line 19 function main
Unwinding loop 1 iteration 2 file main.c line 19 function main
Unwinding loop 1 iteration 3 file main.c line 19 function main
Unwinding loop 2 iteration 3 file main.c line 16 function main
Unwinding loop 1 iteration 1 file main.c line 19 function main
Unwinding loop 1 iteration 2 file main.c line 19 function main
Unwinding loop 1 iteration 3 file main.c line 19 function main
Unwinding loop 1 iteration 4 file main.c line 19 function main
Unwinding loop 2 iteration 4 file main.c line 16 function main
Unwinding loop 3 iteration 1 file main.c line 28 function main
Unwinding loop 3 iteration 2 file main.c line 28 function main
Unwinding loop 3 iteration 3 file main.c line 28 function main
Unwinding loop 3 iteration 4 file main.c line 28 function main
Unwinding loop 3 iteration 5 file main.c line 28 function main
size of program expression: 182 assignments
Generated 109 VCC(s), 13 remaining after simplification
Encoding remaining VCC(s) using integer/real arithmetic
Solving with SMT Solver Z3 v2.11
Runtime decision procedure: 0.007s
Building error trace

Counterexample:

State 3 file main.c line 13 function main thread 0
----------------------------------------------------
  main::main::1::a={ 4, 0, 0, 0, 0 }

State 6 file main.c line 13 function main thread 0
----------------------------------------------------
  main::main::1::a={ 4, 3, 0, 0, 0 }

State 9 file main.c line 13 function main thread 0
----------------------------------------------------
  main::main::1::a={ 4, 3, 2, 0, 0 }

State 12 file main.c line 13 function main thread 0
----------------------------------------------------
  main::main::1::a={ 4, 3, 2, 1, 0 }

State 15 file main.c line 13 function main thread 0
----------------------------------------------------
  main::main::1::a={ 4, 3, 2, 1, 0 }

State 19 file main.c line 17 function main thread 0
----------------------------------------------------
  main::main::1::chave=3 (00000000000000000000000000000011)

State 20 file main.c line 18 function main thread 0
----------------------------------------------------
  main::main::1::i=0 (00000000000000000000000000000000)

State 22 file main.c line 20 function main thread 0
----------------------------------------------------
  main::main::1::a={ 4, 4, 2, 1, 0 }

State 23 file main.c line 21 function main thread 0
----------------------------------------------------
  main::main::1::i=-1 (11111111111111111111111111111111)

State 28 file main.c line 23 function main thread 0
----------------------------------------------------
  main::main::1::a={ 3, 4, 2, 1, 0 }

State 31 file main.c line 17 function main thread 0
----------------------------------------------------
  main::main::1::chave=2 (00000000000000000000000000000010)

State 32 file main.c line 18 function main thread 0
----------------------------------------------------
  main::main::1::i=1 (00000000000000000000000000000001)

State 34 file main.c line 20 function main thread 0
----------------------------------------------------
  main::main::1::a={ 3, 4, 4, 1, 0 }

State 35 file main.c line 21 function main thread 0
----------------------------------------------------
  main::main::1::i=0 (00000000000000000000000000000000)

State 38 file main.c line 20 function main thread 0
----------------------------------------------------
  main::main::1::a={ 3, 3, 4, 1, 0 }

State 39 file main.c line 21 function main thread 0
----------------------------------------------------
  main::main::1::i=-1 (11111111111111111111111111111111)

State 44 file main.c line 23 function main thread 0
----------------------------------------------------
  main::main::1::a={ 2, 3, 4, 1, 0 }

State 47 file main.c line 17 function main thread 0
----------------------------------------------------
  main::main::1::chave=1 (00000000000000000000000000000001)

State 48 file main.c line 18 function main thread 0
----------------------------------------------------
  main::main::1::i=2 (00000000000000000000000000000010)

State 50 file main.c line 20 function main thread 0
----------------------------------------------------
  main::main::1::a={ 2, 3, 4, 4, 0 }

State 51 file main.c line 21 function main thread 0
----------------------------------------------------
  main::main::1::i=1 (00000000000000000000000000000001)

State 54 file main.c line 20 function main thread 0
----------------------------------------------------
  main::main::1::a={ 2, 3, 3, 4, 0 }

State 55 file main.c line 21 function main thread 0
----------------------------------------------------
  main::main::1::i=0 (00000000000000000000000000000000)

State 58 file main.c line 20 function main thread 0
----------------------------------------------------
  main::main::1::a={ 2, 2, 3, 4, 0 }

State 59 file main.c line 21 function main thread 0
----------------------------------------------------
  main::main::1::i=-1 (11111111111111111111111111111111)

State 64 file main.c line 23 function main thread 0
----------------------------------------------------
  main::main::1::a={ 1, 2, 3, 4, 0 }

State 67 file main.c line 17 function main thread 0
----------------------------------------------------
  main::main::1::chave=0 (00000000000000000000000000000000)

State 68 file main.c line 18 function main thread 0
----------------------------------------------------
  main::main::1::i=3 (00000000000000000000000000000011)

State 70 file main.c line 20 function main thread 0
----------------------------------------------------
  main::main::1::a={ 1, 2, 3, 4, 4 }

State 71 file main.c line 21 function main thread 0
----------------------------------------------------
  main::main::1::i=2 (00000000000000000000000000000010)

State 74 file main.c line 20 function main thread 0
----------------------------------------------------
  main::main::1::a={ 1, 2, 3, 3, 4 }

State 75 file main.c line 21 function main thread 0
----------------------------------------------------
  main::main::1::i=1 (00000000000000000000000000000001)

State 78 file main.c line 20 function main thread 0
----------------------------------------------------
  main::main::1::a={ 1, 2, 2, 3, 4 }

State 79 file main.c line 21 function main thread 0
----------------------------------------------------
  main::main::1::i=0 (00000000000000000000000000000000)

State 82 file main.c line 20 function main thread 0
----------------------------------------------------
  main::main::1::a={ 1, 1, 2, 3, 4 }

State 83 file main.c line 21 function main thread 0
----------------------------------------------------
  main::main::1::i=-1 (11111111111111111111111111111111)

State 88 file main.c line 23 function main thread 0
----------------------------------------------------
  main::main::1::a={ 0, 1, 2, 3, 4 }

Violated property:
  file main.c line 30 function main
  assertion
  a[k] != k

VERIFICATION FAILED
EXIT=0
SIGNAL=0
