file app.c: Parsing
file picosat.c: Parsing
file main.c: Parsing
Converting
Type-checking app
file app.c line 633 function picosat_main: warning: assignment in if condition
file app.c line 706 function picosat_main: warning: assignment in if condition
Type-checking main
Type-checking picosat
file picosat.c line 936 function resize: warning: assignment in if condition
file picosat.c line 944 function resize: warning: assignment in if condition
file picosat.c line 4535 function collect_clauses: warning: assignment in if condition
file picosat.c line 4541 function collect_clauses: warning: assignment in if condition
file picosat.c line 6807 function picosat_message: warning: conversion from `const signed char *' to `void *': disregarding const
Generating GOTO Program
Function Pointer Removal
Pointer Analysis
Adding Pointer Checks
Starting Bounded Model Checking
Unwinding loop 234 iteration 1 file picosat.c line 4255 function inc_max_var
Unwinding loop 235 iteration 1 file picosat.c line 4257 function inc_max_var
Unwinding loop 236 iteration 1 file picosat.c line 4259 function inc_max_var
Unwinding loop 237 iteration 1 file picosat.c line 4260 function inc_max_var
Unwinding loop 238 iteration 1 file picosat.c line 4263 function inc_max_var
Unwinding loop 239 iteration 1 file picosat.c line 4266 function inc_max_var
**** WARNING: no body for function c::realloc
Unwinding loop 87 iteration 1 file picosat.c line 1794 function hup
Unwinding loop 240 iteration 1 file picosat.c line 6012 function import_lit
Unwinding loop 106 iteration 1 file picosat.c line 2497 function trivial_clause
Unwinding loop 107 iteration 1 file picosat.c line 2497 function trivial_clause
Unwinding loop 108 iteration 1 file picosat.c line 2497 function trivial_clause
Unwinding loop 109 iteration 1 file picosat.c line 2497 function trivial_clause
Unwinding loop 110 iteration 1 file picosat.c line 2497 function trivial_clause
Unwinding loop 111 iteration 1 file picosat.c line 2497 function trivial_clause
Unwinding loop 112 iteration 1 file picosat.c line 2497 function trivial_clause
Unwinding loop 113 iteration 1 file picosat.c line 2497 function trivial_clause
Unwinding loop 114 iteration 1 file picosat.c line 2501 function trivial_clause
Unwinding loop 88 iteration 1 file picosat.c line 1710 function sortlits
Unwinding loop 89 iteration 1 file picosat.c line 1710 function sortlits
Unwinding loop 90 iteration 1 file picosat.c line 1710 function sortlits
Unwinding loop 91 iteration 1 file picosat.c line 1710 function sortlits
Unwinding loop 92 iteration 1 file picosat.c line 1710 function sortlits
Unwinding loop 93 iteration 1 file picosat.c line 1710 function sortlits
Unwinding loop 94 iteration 1 file picosat.c line 1710 function sortlits
Unwinding loop 95 iteration 1 file picosat.c line 1710 function sortlits
Unwinding loop 96 iteration 1 file picosat.c line 2353 function add_simplified_clause
Unwinding loop 97 iteration 1 file picosat.c line 2412 function add_simplified_clause
Unwinding loop 98 iteration 1 file picosat.c line 2439 function add_simplified_clause
Unwinding loop 99 iteration 1 file picosat.c line 2445 function add_simplified_clause
Unwinding loop 100 iteration 1 file picosat.c line 1877 function resolve_top_level_unit
Unwinding recursion picosat::add_simplified_clause iteration 1 (1 max)
Unwinding loop 87 iteration 1 file picosat.c line 1794 function hup
Unwinding loop 101 iteration 1 file picosat.c line 2186 function incjwh
Unwinding loop 66 iteration 1 file picosat.c line 663 function base2flt
Unwinding loop 102 iteration 1 file picosat.c line 2199 function incjwh
size of program expression: 5909 assignments
Generated 851 VCC(s), 850 remaining after simplification
Encoding remaining VCC(s) using integer/real arithmetic
Solving with SMT Solver Z3 v2.11
Runtime decision procedure: 2.423s
Building error trace

Counterexample:

State 1 file picosat.c line 472 thread 0
----------------------------------------------------
  picosat::impl={ .size=0, .learned=0, .collect=0, .connected=0, .locked=0,
    .fixed=0, .used=0, .next={ irep("(\"constant\" \"type\" (\"pointer\" \"subtype\" (\"symbol\" \"identifier\" (\"c::tag-Cls\") \"#location\" (\"\" \"file\" (\"picosat.c\") \"line\" (\"351\"))) \"#location\" (\"\" \"file\" (\"picosat.c\") \"line\" (\"416\"))) \"value\" (\"0000000000000000000000000000000000001010\"))"), 
    irep("(\"constant\" \"type\" (\"pointer\" \"subtype\" (\"symbol\" \"identifier\" (\"c::tag-Cls\") \"#location\" (\"\" \"file\" (\"picosat.c\") \"line\" (\"351\"))) \"#location\" (\"\" \"file\" (\"picosat.c\") \"line\" (\"416\"))) \"value\" (\"0000000000000000000000000000000000001010\"))") }, .lits={ irep("(\"constant\" \"type\" (\"pointer\" \"subtype\" (\"symbol\" \"identifier\" (\"c::tag-Lit\") \"#location\" (\"\" \"file\" (\"picosat.c\") \"line\" (\"352\"))) \"#location\" (\"\" \"file\" (\"picosat.c\") \"line\" (\"417\"))) \"value\" (\"0000000000000000000000000000000000001010\"))"), 
    irep("(\"constant\" \"type\" (\"pointer\" \"subtype\" (\"symbol\" \"identifier\" (\"c::tag-Lit\") \"#location\" (\"\" \"file\" (\"picosat.c\") \"line\" (\"352\"))) \"#location\" (\"\" \"file\" (\"picosat.c\") \"line\" (\"417\"))) \"value\" (\"0000000000000000000000000000000000001010\"))") } }

State 2 file picosat.c line 473 thread 0
----------------------------------------------------
  picosat::implvalid=0 (00000000000000000000000000000000)

State 3 file picosat.c line 488 thread 0
----------------------------------------------------
  picosat::heap=NULL

State 4 file picosat.c line 488 thread 0
----------------------------------------------------
  picosat::hhead=(assignment removed)

State 5 file picosat.c line 489 thread 0
----------------------------------------------------
  picosat::oclauses=NULL

State 6 file picosat.c line 489 thread 0
----------------------------------------------------
  picosat::ohead=(assignment removed)

State 7 file picosat.c line 489 thread 0
----------------------------------------------------
  picosat::eoo=(assignment removed)

State 8 file picosat.c line 503 thread 0
----------------------------------------------------
  picosat::added=NULL

State 9 file picosat.c line 503 thread 0
----------------------------------------------------
  picosat::ahead=(assignment removed)

State 10 file picosat.c line 503 thread 0
----------------------------------------------------
  picosat::eoa=(assignment removed)

State 11 file picosat.c line 506 thread 0
----------------------------------------------------
  picosat::resolved=(assignment removed)

State 12 file picosat.c line 506 thread 0
----------------------------------------------------
  picosat::eor=(assignment removed)

State 13 file picosat.c line 514 thread 0
----------------------------------------------------
  picosat::current_bytes=0 (00000000000000000000000000000000)

State 14 file picosat.c line 515 thread 0
----------------------------------------------------
  picosat::max_bytes=0 (00000000000000000000000000000000)

State 15 file picosat.c line 565 thread 0
----------------------------------------------------
  picosat::oadded=0 (00000000000000000000000000000000)

State 16 file picosat.c line 569 thread 0
----------------------------------------------------
  picosat::addedclauses=0 (00000000000000000000000000000000)

State 17 file picosat.c line 618 thread 0
----------------------------------------------------
  picosat::indices=NULL

State 18 file picosat.c line 618 thread 0
----------------------------------------------------
  picosat::ihead=(assignment removed)

State 19 file picosat.c line 618 thread 0
----------------------------------------------------
  picosat::eoi=(assignment removed)

State 30 file <builtin-library> line 494 function abs thread 0
----------------------------------------------------
  <built-in-library>::abs::i=9302 (00000000000000000010010001010110)

State 31 file <builtin-library> line 494 function abs thread 0
----------------------------------------------------
  c::picosat::import_lit::$tmp::return_value_abs$1=9302 (00000000000000000010010001010110)

Violated property:
  file picosat.c line 4253 function inc_max_var
  dereference failure: NULL pointer
  !(SAME-OBJECT(lit, NULL))

VERIFICATION FAILED
EXIT=0
SIGNAL=0
