file main.c: Parsing
Converting
Type-checking main
Generating GOTO Program
Pointer Analysis
Adding Pointer Checks
Starting Bounded Model Checking
size of program expression: 11 assignments
Generated 1 VCC(s), 1 remaining after simplification
Encoding remaining VCC(s) using integer/real arithmetic
Solving with SMT Solver Z3 v2.11
Runtime decision procedure: 0.001s
Building error trace

Counterexample:

State 2 file main.c line 22 function main thread 0
----------------------------------------------------
  main::main::1::1::tmp={ .f=0, .g=0 }

State 3 file main.c line 23 function main thread 0
----------------------------------------------------
  main::main::1::1::tmp={ .f=1, .g=0 }

State 4 file main.c line 24 function main thread 0
----------------------------------------------------
  main::main::1::Y={ .X={ .f=1, .g=0 }, .h=0 }

Violated property:
  file main.c line 27 function main
  assertion
  Y.X.f != 1

VERIFICATION FAILED
EXIT=0
SIGNAL=0
