file main.c: Parsing
Converting
Type-checking main
Generating GOTO Program
Pointer Analysis
Adding Pointer Checks
Starting Bounded Model Checking
Unwinding loop 1 iteration 1 file main.c line 74 function main
Unwinding loop 1 iteration 2 file main.c line 74 function main
Unwinding loop 1 iteration 3 file main.c line 74 function main
Unwinding loop 1 iteration 4 file main.c line 74 function main
Unwinding loop 1 iteration 5 file main.c line 74 function main
Unwinding loop 1 iteration 6 file main.c line 74 function main
Unwinding loop 2 iteration 1 file main.c line 78 function main
Unwinding loop 2 iteration 2 file main.c line 78 function main
Unwinding loop 2 iteration 3 file main.c line 78 function main
Unwinding loop 2 iteration 4 file main.c line 78 function main
Unwinding loop 2 iteration 5 file main.c line 78 function main
Unwinding loop 3 iteration 1 file main.c line 85 function main
size of program expression: 356 assignments
Generated 12 VCC(s), 4 remaining after simplification
Encoding remaining VCC(s) using integer/real arithmetic
Solving with SMT Solver Z3 v3.2
Runtime decision procedure: 0.014s
Building error trace

Counterexample:

State 1 file main.c line 18 thread 0
----------------------------------------------------
  join={ TRUE, TRUE, TRUE, TRUE, TRUE, TRUE }

State 4 file main.c line 75 function main thread 0
----------------------------------------------------
  join={ TRUE, TRUE, TRUE, TRUE, TRUE, TRUE }

State 7 file main.c line 75 function main thread 0
----------------------------------------------------
  join={ TRUE, TRUE, TRUE, TRUE, TRUE, TRUE }

State 10 file main.c line 75 function main thread 0
----------------------------------------------------
  join={ TRUE, TRUE, TRUE, TRUE, TRUE, TRUE }

State 13 file main.c line 75 function main thread 0
----------------------------------------------------
  join={ TRUE, TRUE, TRUE, TRUE, TRUE, TRUE }

State 16 file main.c line 75 function main thread 0
----------------------------------------------------
  join={ TRUE, TRUE, TRUE, TRUE, TRUE, TRUE }

State 19 file main.c line 75 function main thread 0
----------------------------------------------------
  join={ TRUE, TRUE, TRUE, TRUE, TRUE, TRUE }
Producer (1): item = 1.


State 36 file main.c line 39 function producer thread 1
----------------------------------------------------
  join={ TRUE, TRUE, TRUE, TRUE, TRUE, TRUE }
Producer (2): item = 2.


State 49 file main.c line 39 function producer thread 2
----------------------------------------------------
  join={ TRUE, TRUE, TRUE, TRUE, TRUE, TRUE }
Producer (3): item = 3.


State 62 file main.c line 39 function producer thread 3
----------------------------------------------------
  join={ TRUE, TRUE, TRUE, TRUE, TRUE, TRUE }

State 67 file library/pthread_lib.c line 34 function pthread_mutex_lock thread 4
----------------------------------------------------
  lock={ .__data={ .__lock=1, .__count=0, .__owner=0, .__kind=0, .__nusers=0,
    .__list={ .__next=irep("(\"nil\")") }, .__spins=0 } }
Producer (4): item = 4.


State 74 file library/pthread_lib.c line 80 function do_pthread_mutex_unlock thread 4
----------------------------------------------------
  lock={ .__data={ .__lock=0, .__count=0, .__owner=0, .__kind=0, .__nusers=0,
    .__list={ .__next=irep("(\"nil\")") }, .__spins=0 } }

State 78 file main.c line 39 function producer thread 4
----------------------------------------------------
  join={ TRUE, TRUE, TRUE, TRUE, TRUE, TRUE }

State 85 file library/pthread_lib.c line 34 function pthread_mutex_lock thread 5
----------------------------------------------------
  lock={ .__data={ .__lock=1, .__count=0, .__owner=0, .__kind=0, .__nusers=0,
    .__list={ .__next=irep("(\"nil\")") }, .__spins=0 } }
Producer (5): item = 5.


State 92 file library/pthread_lib.c line 80 function do_pthread_mutex_unlock thread 5
----------------------------------------------------
  lock={ .__data={ .__lock=0, .__count=0, .__owner=0, .__kind=0, .__nusers=0,
    .__list={ .__next=irep("(\"nil\")") }, .__spins=0 } }

State 96 file main.c line 39 function producer thread 5
----------------------------------------------------
  join={ TRUE, TRUE, TRUE, TRUE, TRUE, TRUE }

State 107 file library/pthread_lib.c line 34 function pthread_mutex_lock thread 6
----------------------------------------------------
  lock={ .__data={ .__lock=1, .__count=0, .__owner=0, .__kind=0, .__nusers=0,
    .__list={ .__next=irep("(\"nil\")") }, .__spins=0 } }
Consumer (0): item = 5.


Violated property:
  file main.c line 58 function consumer
  assertion
  timer <= 45

VERIFICATION FAILED
EXIT=0
SIGNAL=0
