file main.c: Parsing
Converting
Type-checking main
Generating GOTO Program
Pointer Analysis
Adding Pointer Checks
Starting Bounded Model Checking
Unwinding loop 1 iteration 1 file main.c line 10 function main
Unwinding loop 1 iteration 2 file main.c line 10 function main
Unwinding loop 1 iteration 3 file main.c line 10 function main
Unwinding loop 1 iteration 4 file main.c line 10 function main
Unwinding loop 1 iteration 5 file main.c line 10 function main
Unwinding loop 1 iteration 6 file main.c line 10 function main
Unwinding loop 1 iteration 7 file main.c line 10 function main
Unwinding loop 1 iteration 8 file main.c line 10 function main
Unwinding loop 1 iteration 9 file main.c line 10 function main
Unwinding loop 1 iteration 10 file main.c line 10 function main
Unwinding loop 1 iteration 11 file main.c line 10 function main
Unwinding loop 1 iteration 12 file main.c line 10 function main
Unwinding loop 1 iteration 13 file main.c line 10 function main
size of program expression: 146 assignments
Generated 80 VCC(s), 41 remaining after simplification
Encoding remaining VCC(s) using integer/real arithmetic
Solving with SMT Solver Z3 v2.11
Runtime decision procedure: 0.012s
Building error trace

Counterexample:

State 1 file /usr/include/stdio.h line 165 thread 0
----------------------------------------------------
  stdin=NULL

State 2 file /usr/include/stdio.h line 166 thread 0
----------------------------------------------------
  stdout=(assignment removed)

State 3 file /usr/include/stdio.h line 167 thread 0
----------------------------------------------------
  stderr=(assignment removed)

State 4 file <built-in> line 12 thread 0
----------------------------------------------------
  __ESBMC_alloc=(assignment removed)

State 5 file <built-in> line 13 thread 0
----------------------------------------------------
  __ESBMC_alloc_size=(assignment removed)

State 6 file <built-in> line 19 thread 0
----------------------------------------------------
  __ESBMC_rounding_mode=0 (00000000000000000000000000000000)

State 8 file main.c line 7 function main thread 0
----------------------------------------------------
  main::main::1::i=1 (00000000000000000000000000000001)

State 9 file main.c line 8 function main thread 0
----------------------------------------------------
  c::main::$tmp::return_value_malloc$1=(assignment removed)

State 10 file main.c line 8 function main thread 0
----------------------------------------------------
  __ESBMC_alloc_size=(assignment removed)

State 11 file main.c line 8 function main thread 0
----------------------------------------------------
  __ESBMC_alloc=(assignment removed)

State 12 file main.c line 8 function main thread 0
----------------------------------------------------
  __ESBMC_alloc=(assignment removed)

State 13 file main.c line 8 function main thread 0
----------------------------------------------------
  main::main::1::chptr=(assignment removed)

State 14 file main.c line 9 function main thread 0
----------------------------------------------------
  c::main::$tmp::return_value_malloc$2=(assignment removed)

State 15 file main.c line 9 function main thread 0
----------------------------------------------------
  __ESBMC_alloc_size=(assignment removed)

State 16 file main.c line 9 function main thread 0
----------------------------------------------------
  __ESBMC_alloc=(assignment removed)

State 17 file main.c line 9 function main thread 0
----------------------------------------------------
  __ESBMC_alloc=(assignment removed)

State 18 file main.c line 9 function main thread 0
----------------------------------------------------
  main::main::1::chptr1=(assignment removed)

State 21 file main.c line 11 function main thread 0
----------------------------------------------------
  symex_dynamic::dynamic_165659745_array={ 2, 63, 0, 0, 0, 0, 0, 0, 0, 0, 0, 0 }

State 24 file main.c line 12 function main thread 0
----------------------------------------------------
  symex_dynamic::dynamic_165659746_array={ 2, 63, 0, 0, 0, 0, 0, 0, 0, 0, 0, 0 }

State 25  thread 0
----------------------------------------------------
  c::main::$tmp::tmp$3=1 (00000000000000000000000000000001)

State 26 file main.c line 10 function main thread 0
----------------------------------------------------
  main::main::1::i=2 (00000000000000000000000000000010)

State 30 file main.c line 11 function main thread 0
----------------------------------------------------
  symex_dynamic::dynamic_165659745_array={ 2, 63, 63, 0, 0, 0, 0, 0, 0, 0, 0, 0 }

State 33 file main.c line 12 function main thread 0
----------------------------------------------------
  symex_dynamic::dynamic_165659746_array={ 2, 63, 63, 0, 0, 0, 0, 0, 0, 0, 0, 0 }

State 34  thread 0
----------------------------------------------------
  c::main::$tmp::tmp$3=2 (00000000000000000000000000000010)

State 35 file main.c line 10 function main thread 0
----------------------------------------------------
  main::main::1::i=3 (00000000000000000000000000000011)

State 39 file main.c line 11 function main thread 0
----------------------------------------------------
  symex_dynamic::dynamic_165659745_array={ 2, 63, 63, 63, 0, 0, 0, 0, 0, 0, 0, 0 }

State 42 file main.c line 12 function main thread 0
----------------------------------------------------
  symex_dynamic::dynamic_165659746_array={ 2, 63, 63, 63, 0, 0, 0, 0, 0, 0, 0, 0 }

State 43  thread 0
----------------------------------------------------
  c::main::$tmp::tmp$3=3 (00000000000000000000000000000011)

State 44 file main.c line 10 function main thread 0
----------------------------------------------------
  main::main::1::i=4 (00000000000000000000000000000100)

State 48 file main.c line 11 function main thread 0
----------------------------------------------------
  symex_dynamic::dynamic_165659745_array={ 2, 63, 63, 63, 63, 0, 0, 0, 0, 0, 0, 0 }

State 51 file main.c line 12 function main thread 0
----------------------------------------------------
  symex_dynamic::dynamic_165659746_array={ 2, 63, 63, 63, 63, 0, 0, 0, 0, 0, 0, 0 }

State 52  thread 0
----------------------------------------------------
  c::main::$tmp::tmp$3=4 (00000000000000000000000000000100)

State 53 file main.c line 10 function main thread 0
----------------------------------------------------
  main::main::1::i=5 (00000000000000000000000000000101)

State 57 file main.c line 11 function main thread 0
----------------------------------------------------
  symex_dynamic::dynamic_165659745_array={ 2, 63, 63, 63, 63, 63, 0, 0, 0, 0, 0, 0 }

State 60 file main.c line 12 function main thread 0
----------------------------------------------------
  symex_dynamic::dynamic_165659746_array={ 2, 63, 63, 63, 63, 63, 0, 0, 0, 0, 0, 0 }

State 61  thread 0
----------------------------------------------------
  c::main::$tmp::tmp$3=5 (00000000000000000000000000000101)

State 62 file main.c line 10 function main thread 0
----------------------------------------------------
  main::main::1::i=6 (00000000000000000000000000000110)

State 66 file main.c line 11 function main thread 0
----------------------------------------------------
  symex_dynamic::dynamic_165659745_array={ 2, 63, 63, 63, 63, 63, 63, 0, 0, 0, 0, 0 }

State 69 file main.c line 12 function main thread 0
----------------------------------------------------
  symex_dynamic::dynamic_165659746_array={ 2, 63, 63, 63, 63, 63, 63, 0, 0, 0, 0, 0 }

State 70  thread 0
----------------------------------------------------
  c::main::$tmp::tmp$3=6 (00000000000000000000000000000110)

State 71 file main.c line 10 function main thread 0
----------------------------------------------------
  main::main::1::i=7 (00000000000000000000000000000111)

State 75 file main.c line 11 function main thread 0
----------------------------------------------------
  symex_dynamic::dynamic_165659745_array={ 2, 63, 63, 63, 63, 63, 63, 63, 0, 0, 0, 0 }

State 78 file main.c line 12 function main thread 0
----------------------------------------------------
  symex_dynamic::dynamic_165659746_array={ 2, 63, 63, 63, 63, 63, 63, 63, 0, 0, 0, 0 }

State 79  thread 0
----------------------------------------------------
  c::main::$tmp::tmp$3=7 (00000000000000000000000000000111)

State 80 file main.c line 10 function main thread 0
----------------------------------------------------
  main::main::1::i=8 (00000000000000000000000000001000)

State 84 file main.c line 11 function main thread 0
----------------------------------------------------
  symex_dynamic::dynamic_165659745_array={ 2, 63, 63, 63, 63, 63, 63, 63, 63, 0, 0, 0 }

State 87 file main.c line 12 function main thread 0
----------------------------------------------------
  symex_dynamic::dynamic_165659746_array={ 2, 63, 63, 63, 63, 63, 63, 63, 63, 0, 0, 0 }

State 88  thread 0
----------------------------------------------------
  c::main::$tmp::tmp$3=8 (00000000000000000000000000001000)

State 89 file main.c line 10 function main thread 0
----------------------------------------------------
  main::main::1::i=9 (00000000000000000000000000001001)

State 93 file main.c line 11 function main thread 0
----------------------------------------------------
  symex_dynamic::dynamic_165659745_array={ 2, 63, 63, 63, 63, 63, 63, 63, 63, 63, 0, 0 }

State 96 file main.c line 12 function main thread 0
----------------------------------------------------
  symex_dynamic::dynamic_165659746_array={ 2, 63, 63, 63, 63, 63, 63, 63, 63, 63, 0, 0 }

State 97  thread 0
----------------------------------------------------
  c::main::$tmp::tmp$3=9 (00000000000000000000000000001001)

State 98 file main.c line 10 function main thread 0
----------------------------------------------------
  main::main::1::i=10 (00000000000000000000000000001010)

State 102 file main.c line 11 function main thread 0
----------------------------------------------------
  symex_dynamic::dynamic_165659745_array={ 2, 63, 63, 63, 63, 63, 63, 63, 63, 63, 63, 0 }

State 105 file main.c line 12 function main thread 0
----------------------------------------------------
  symex_dynamic::dynamic_165659746_array={ 2, 63, 63, 63, 63, 63, 63, 63, 63, 63, 63, 0 }

State 106  thread 0
----------------------------------------------------
  c::main::$tmp::tmp$3=10 (00000000000000000000000000001010)

State 107 file main.c line 10 function main thread 0
----------------------------------------------------
  main::main::1::i=11 (00000000000000000000000000001011)

State 111 file main.c line 11 function main thread 0
----------------------------------------------------
  symex_dynamic::dynamic_165659745_array={ 2, 63, 63, 63, 63, 63, 63, 63, 63, 63, 63, 63 }

State 114 file main.c line 12 function main thread 0
----------------------------------------------------
  symex_dynamic::dynamic_165659746_array={ 2, 63, 63, 63, 63, 63, 63, 63, 63, 63, 63, 63 }

State 115  thread 0
----------------------------------------------------
  c::main::$tmp::tmp$3=11 (00000000000000000000000000001011)

State 116 file main.c line 10 function main thread 0
----------------------------------------------------
  main::main::1::i=12 (00000000000000000000000000001100)

Violated property:
  file main.c line 11 function main
  dereference failure: dynamic object upper bound
  !(POINTER_OFFSET(chptr) + i >= DYNAMIC_SIZE(chptr)) || !(IS_DYNAMIC_OBJECT(chptr))

VERIFICATION FAILED
EXIT=0
SIGNAL=0
