file main.c: Parsing
Converting
Type-checking main
Generating GOTO Program
String Abstraction
Pointer Analysis
Adding Pointer Checks
Starting Bounded Model Checking
Unwinding loop 4 iteration 1 file exStbFb.c line 317 function main
**** WARNING: no body for function c::sscanf
Unwinding loop 5 iteration 1 file exStbFb.c line 331 function main
**** WARNING: no body for function c::open
**** WARNING: no body for function c::perror
**** WARNING: no body for function c::ioctl
**** WARNING: no body for function c::mmap
**** WARNING: no body for function c::phStbImage_GetDimensions
Unwinding loop 9 iteration 1 file exStbFb.c line 134 function rect
Unwinding loop 10 iteration 1 file exStbFb.c line 133 function rect
Unwinding loop 9 iteration 1 file exStbFb.c line 134 function rect
Unwinding loop 10 iteration 1 file exStbFb.c line 133 function rect
Unwinding loop 9 iteration 1 file exStbFb.c line 134 function rect
Unwinding loop 10 iteration 1 file exStbFb.c line 133 function rect
Unwinding loop 9 iteration 1 file exStbFb.c line 134 function rect
Unwinding loop 10 iteration 1 file exStbFb.c line 133 function rect
**** WARNING: no body for function c::phStbImage_Decode
**** WARNING: no body for function c::munmap
**** WARNING: no body for function c::close
Unwinding loop 6 iteration 1 file exStbFb.c line 639 function main
Unwinding loop 7 iteration 1 file exStbFb.c line 637 function main
**** WARNING: no body for function c::write
Unwinding loop 8 iteration 1 file exStbFb.c line 673 function main
size of program expression: 1228 assignments
Generated 90 VCC(s), 62 remaining after simplification
Encoding remaining VCC(s) using bit-vector arithmetic

convert_rest_member[2399]

convert_rest_member[2399]
Solving with SMT Solver Z3 v2.11
Runtime decision procedure: 0.225s
VERIFICATION SUCCESSFUL
EXIT=0
SIGNAL=0
