file main.c: Parsing
Converting
Type-checking main
Generating GOTO Program
Pointer Analysis
Adding Pointer Checks
Starting Bounded Model Checking
Unwinding loop 0 iteration 1 file main.c line 10 function f0
Unwinding loop 0 iteration 2 file main.c line 10 function f0
Unwinding loop 1 iteration 1 file main.c line 22 function f1
Unwinding loop 1 iteration 2 file main.c line 22 function f1
size of program expression: 82 assignments
Generated 3 VCC(s), 3 remaining after simplification
Encoding remaining VCC(s) using integer/real arithmetic
Solving with SMT Solver Z3 v2.11
Runtime decision procedure: 0.005s
Building error trace

Counterexample:

State 3 file main.c line 34 function main thread 0
----------------------------------------------------
  main::main::1::a=1 (0000000000000001)

State 8  thread 0
----------------------------------------------------
  c::f0::$tmp::tmp$1=1 (0000000000000001)

State 9 file main.c line 10 function f0 thread 0
----------------------------------------------------
  main::f0::x=0 (0000000000000000)

State 17 file main.c line 22 function f1 thread 0
----------------------------------------------------
  main::f1::x=0 (0000000000000000)

Violated property:
  file main.c line 41 function main
  assertion
  res0 == res1

VERIFICATION FAILED
EXIT=0
SIGNAL=0
