file main.c: Parsing
Converting
Type-checking main
Generating GOTO Program
Pointer Analysis
Adding Pointer Checks
Starting Bounded Model Checking
Unwinding loop 0 iteration 1 file main.c line 58 function fib
Unwinding loop 0 iteration 2 file main.c line 58 function fib
Unwinding loop 0 iteration 3 file main.c line 58 function fib
Unwinding loop 0 iteration 4 file main.c line 58 function fib
Unwinding loop 0 iteration 5 file main.c line 58 function fib
Unwinding loop 0 iteration 6 file main.c line 58 function fib
Unwinding loop 0 iteration 7 file main.c line 58 function fib
Unwinding loop 0 iteration 8 file main.c line 58 function fib
Unwinding loop 0 iteration 9 file main.c line 58 function fib
Unwinding loop 0 iteration 10 file main.c line 58 function fib
Unwinding loop 0 iteration 11 file main.c line 58 function fib
Unwinding loop 0 iteration 12 file main.c line 58 function fib
Unwinding loop 0 iteration 13 file main.c line 58 function fib
Unwinding loop 0 iteration 14 file main.c line 58 function fib
Unwinding loop 0 iteration 15 file main.c line 58 function fib
Unwinding loop 0 iteration 16 file main.c line 58 function fib
Unwinding loop 0 iteration 17 file main.c line 58 function fib
Unwinding loop 0 iteration 18 file main.c line 58 function fib
Unwinding loop 0 iteration 19 file main.c line 58 function fib
Unwinding loop 0 iteration 20 file main.c line 58 function fib
Unwinding loop 0 iteration 21 file main.c line 58 function fib
Unwinding loop 0 iteration 22 file main.c line 58 function fib
Unwinding loop 0 iteration 23 file main.c line 58 function fib
Unwinding loop 0 iteration 24 file main.c line 58 function fib
Unwinding loop 0 iteration 25 file main.c line 58 function fib
Unwinding loop 0 iteration 26 file main.c line 58 function fib
Unwinding loop 0 iteration 27 file main.c line 58 function fib
Unwinding loop 0 iteration 28 file main.c line 58 function fib
Unwinding loop 0 iteration 29 file main.c line 58 function fib
size of program expression: 249 assignments
Generated 58 VCC(s), 58 remaining after simplification
Encoding remaining VCC(s) using integer/real arithmetic
Solving with SMT Solver Z3 v2.11
Runtime decision procedure: 0.006s
VERIFICATION SUCCESSFUL
EXIT=0
SIGNAL=0
