file main.c: Parsing
Converting
Type-checking main
Generating GOTO Program
Pointer Analysis
Adding Pointer Checks
Starting Bounded Model Checking
Unwinding loop 0 iteration 1 file main.c line 11 function test
size of program expression: 32 assignments
Generated 6 VCC(s), 4 remaining after simplification
Encoding remaining VCC(s) using integer/real arithmetic
Solving with SMT Solver Z3 v2.11
Runtime decision procedure: 0.006s
Building error trace

Counterexample:

State 1 file main.c line 4 thread 0
----------------------------------------------------
  a=NULL

State 2 file main.c line 5 thread 0
----------------------------------------------------
  n=0 (00000000000000000000000000000000)

State 3 file <built-in> line 12 thread 0
----------------------------------------------------
  __ESBMC_alloc=(assignment removed)

State 4 file <built-in> line 13 thread 0
----------------------------------------------------
  __ESBMC_alloc_size=(assignment removed)

State 5 file <built-in> line 19 thread 0
----------------------------------------------------
  __ESBMC_rounding_mode=0 (00000000000000000000000000000000)

State 7 file main.c line 25 function main thread 0
----------------------------------------------------
  n=2 (00000000000000000000000000000010)

State 9  thread 0
----------------------------------------------------
  c::main::$tmp::tmp$2=TRUE

State 11 file main.c line 32 function main thread 0
----------------------------------------------------
  c::main::$tmp::return_value_malloc$4=(assignment removed)

State 12 file main.c line 32 function main thread 0
----------------------------------------------------
  __ESBMC_alloc_size=(assignment removed)

State 13 file main.c line 32 function main thread 0
----------------------------------------------------
  __ESBMC_alloc=(assignment removed)

State 14 file main.c line 32 function main thread 0
----------------------------------------------------
  __ESBMC_alloc=(assignment removed)

State 15 file main.c line 32 function main thread 0
----------------------------------------------------
  a=(assignment removed)

Violated property:
  file main.c line 32 function main
  dereference failure: forgotten memory
  DEALLOCATED_OBJECT(return_value_malloc$4) == TRUE

VERIFICATION FAILED
EXIT=0
SIGNAL=0
