file main.c: Parsing
Converting
Type-checking main
Generating GOTO Program
Pointer Analysis
Adding Pointer Checks
Starting Bounded Model Checking
Unwinding loop 0 iteration 1 file main.c line 6 function test_bit_reverse8
Unwinding loop 0 iteration 2 file main.c line 6 function test_bit_reverse8
Unwinding loop 0 iteration 3 file main.c line 6 function test_bit_reverse8
Unwinding loop 0 iteration 4 file main.c line 6 function test_bit_reverse8
Unwinding loop 0 iteration 5 file main.c line 6 function test_bit_reverse8
Unwinding loop 0 iteration 6 file main.c line 6 function test_bit_reverse8
Unwinding loop 0 iteration 7 file main.c line 6 function test_bit_reverse8
Unwinding loop 0 iteration 8 file main.c line 6 function test_bit_reverse8
size of program expression: 64 assignments
Generated 1 VCC(s), 0 remaining after simplification
VERIFICATION SUCCESSFUL
EXIT=0
SIGNAL=0
