file main.c: Parsing
Converting
Type-checking main
Generating GOTO Program
Pointer Analysis
Adding Pointer Checks
Starting Bounded Model Checking
size of program expression: 11 assignments
Generated 1 VCC(s), 1 remaining after simplification
Encoding remaining VCC(s) using bit-vector arithmetic
Solving with SMT Solver Z3 v2.11
Runtime decision procedure: 0.001s
Building error trace

Counterexample:

State 2 file main.c line 6 function main thread 0
----------------------------------------------------
  c::main::$tmp::return_value_nondet_double$1=1073741824 (01000000000000000000000000000000)

State 3 file main.c line 6 function main thread 0
----------------------------------------------------
  main::main::1::b=1073741824l (0100000000000000000000000000000000000000000000000000000000000000)

Violated property:
  file main.c line 8 function main
  arithmetic overflow on typecast
  !overflow("typecast-32", b)

VERIFICATION FAILED
EXIT=0
SIGNAL=0
