file main.c: Parsing
Converting
Type-checking main
Generating GOTO Program
Pointer Analysis
Adding Pointer Checks
Starting Bounded Model Checking
Unwinding loop 7 iteration 1 file main.c line 182 function sqrt
Unwinding loop 7 iteration 2 file main.c line 182 function sqrt
Unwinding loop 7 iteration 3 file main.c line 182 function sqrt
Unwinding loop 7 iteration 4 file main.c line 182 function sqrt
Unwinding loop 7 iteration 5 file main.c line 182 function sqrt
Unwinding loop 7 iteration 6 file main.c line 182 function sqrt
Unwinding loop 7 iteration 7 file main.c line 182 function sqrt
Unwinding loop 7 iteration 8 file main.c line 182 function sqrt
Unwinding loop 7 iteration 9 file main.c line 182 function sqrt
Unwinding loop 7 iteration 10 file main.c line 182 function sqrt
Unwinding loop 7 iteration 11 file main.c line 182 function sqrt
Unwinding loop 7 iteration 12 file main.c line 182 function sqrt
Unwinding loop 7 iteration 13 file main.c line 182 function sqrt
Unwinding loop 7 iteration 14 file main.c line 182 function sqrt
Unwinding loop 7 iteration 15 file main.c line 182 function sqrt
Unwinding loop 7 iteration 16 file main.c line 182 function sqrt
Unwinding loop 7 iteration 17 file main.c line 182 function sqrt
Unwinding loop 7 iteration 18 file main.c line 182 function sqrt
Unwinding loop 7 iteration 19 file main.c line 182 function sqrt
Unwinding loop 0 iteration 1 file main.c line 213 function fir_filter
Unwinding loop 0 iteration 2 file main.c line 213 function fir_filter
Unwinding loop 0 iteration 3 file main.c line 213 function fir_filter
Unwinding loop 0 iteration 4 file main.c line 213 function fir_filter
Unwinding loop 0 iteration 5 file main.c line 213 function fir_filter
Unwinding loop 0 iteration 6 file main.c line 213 function fir_filter
Unwinding loop 0 iteration 7 file main.c line 213 function fir_filter
Unwinding loop 0 iteration 8 file main.c line 213 function fir_filter
Unwinding loop 0 iteration 9 file main.c line 213 function fir_filter
Unwinding loop 0 iteration 10 file main.c line 213 function fir_filter
Unwinding loop 0 iteration 11 file main.c line 213 function fir_filter
Unwinding loop 0 iteration 12 file main.c line 213 function fir_filter
Unwinding loop 0 iteration 13 file main.c line 213 function fir_filter
Unwinding loop 0 iteration 14 file main.c line 213 function fir_filter
Unwinding loop 0 iteration 15 file main.c line 213 function fir_filter
Unwinding loop 0 iteration 16 file main.c line 213 function fir_filter
Unwinding loop 0 iteration 17 file main.c line 213 function fir_filter
Unwinding loop 0 iteration 18 file main.c line 213 function fir_filter
Unwinding loop 0 iteration 19 file main.c line 213 function fir_filter
Unwinding loop 0 iteration 20 file main.c line 213 function fir_filter
Unwinding loop 0 iteration 21 file main.c line 213 function fir_filter
Unwinding loop 0 iteration 22 file main.c line 213 function fir_filter
Unwinding loop 0 iteration 23 file main.c line 213 function fir_filter
Unwinding loop 0 iteration 24 file main.c line 213 function fir_filter
Unwinding loop 0 iteration 25 file main.c line 213 function fir_filter
Unwinding loop 0 iteration 26 file main.c line 213 function fir_filter
Unwinding loop 0 iteration 27 file main.c line 213 function fir_filter
Unwinding loop 0 iteration 28 file main.c line 213 function fir_filter
Unwinding loop 0 iteration 29 file main.c line 213 function fir_filter
Unwinding loop 0 iteration 30 file main.c line 213 function fir_filter
Unwinding loop 0 iteration 31 file main.c line 213 function fir_filter
Unwinding loop 0 iteration 32 file main.c line 213 function fir_filter
Unwinding loop 0 iteration 33 file main.c line 213 function fir_filter
Unwinding loop 1 iteration 1 file main.c line 300 function main
Unwinding loop 6 iteration 1 file main.c line 149 function sin
Unwinding loop 6 iteration 2 file main.c line 149 function sin
Unwinding loop 0 iteration 1 file main.c line 213 function fir_filter
Unwinding loop 0 iteration 2 file main.c line 213 function fir_filter
Unwinding loop 0 iteration 3 file main.c line 213 function fir_filter
Unwinding loop 0 iteration 4 file main.c line 213 function fir_filter
Unwinding loop 0 iteration 5 file main.c line 213 function fir_filter
Unwinding loop 0 iteration 6 file main.c line 213 function fir_filter
Unwinding loop 0 iteration 7 file main.c line 213 function fir_filter
Unwinding loop 0 iteration 8 file main.c line 213 function fir_filter
Unwinding loop 0 iteration 9 file main.c line 213 function fir_filter
Unwinding loop 0 iteration 10 file main.c line 213 function fir_filter
Unwinding loop 0 iteration 11 file main.c line 213 function fir_filter
Unwinding loop 0 iteration 12 file main.c line 213 function fir_filter
Unwinding loop 0 iteration 13 file main.c line 213 function fir_filter
Unwinding loop 0 iteration 14 file main.c line 213 function fir_filter
Unwinding loop 0 iteration 15 file main.c line 213 function fir_filter
Unwinding loop 0 iteration 16 file main.c line 213 function fir_filter
Unwinding loop 0 iteration 17 file main.c line 213 function fir_filter
Unwinding loop 0 iteration 18 file main.c line 213 function fir_filter
Unwinding loop 0 iteration 19 file main.c line 213 function fir_filter
Unwinding loop 0 iteration 20 file main.c line 213 function fir_filter
Unwinding loop 0 iteration 21 file main.c line 213 function fir_filter
Unwinding loop 0 iteration 22 file main.c line 213 function fir_filter
Unwinding loop 0 iteration 23 file main.c line 213 function fir_filter
Unwinding loop 0 iteration 24 file main.c line 213 function fir_filter
Unwinding loop 0 iteration 25 file main.c line 213 function fir_filter
Unwinding loop 0 iteration 26 file main.c line 213 function fir_filter
Unwinding loop 0 iteration 27 file main.c line 213 function fir_filter
Unwinding loop 0 iteration 28 file main.c line 213 function fir_filter
Unwinding loop 0 iteration 29 file main.c line 213 function fir_filter
Unwinding loop 0 iteration 30 file main.c line 213 function fir_filter
Unwinding loop 0 iteration 31 file main.c line 213 function fir_filter
Unwinding loop 0 iteration 32 file main.c line 213 function fir_filter
Unwinding loop 0 iteration 33 file main.c line 213 function fir_filter
Unwinding loop 1 iteration 2 file main.c line 300 function main
Unwinding loop 6 iteration 1 file main.c line 149 function sin
Unwinding loop 6 iteration 2 file main.c line 149 function sin
Unwinding loop 6 iteration 3 file main.c line 149 function sin
Unwinding loop 7 iteration 1 file main.c line 182 function sqrt
Unwinding loop 7 iteration 2 file main.c line 182 function sqrt
Unwinding loop 7 iteration 3 file main.c line 182 function sqrt
Unwinding loop 7 iteration 4 file main.c line 182 function sqrt
Unwinding loop 7 iteration 5 file main.c line 182 function sqrt
Unwinding loop 7 iteration 6 file main.c line 182 function sqrt
Unwinding loop 7 iteration 7 file main.c line 182 function sqrt
Unwinding loop 7 iteration 8 file main.c line 182 function sqrt
Unwinding loop 7 iteration 9 file main.c line 182 function sqrt
Unwinding loop 7 iteration 10 file main.c line 182 function sqrt
Unwinding loop 7 iteration 11 file main.c line 182 function sqrt
Unwinding loop 7 iteration 12 file main.c line 182 function sqrt
Unwinding loop 7 iteration 13 file main.c line 182 function sqrt
Unwinding loop 7 iteration 14 file main.c line 182 function sqrt
Unwinding loop 7 iteration 15 file main.c line 182 function sqrt
Unwinding loop 7 iteration 16 file main.c line 182 function sqrt
Unwinding loop 7 iteration 17 file main.c line 182 function sqrt
Unwinding loop 7 iteration 18 file main.c line 182 function sqrt
Unwinding loop 7 iteration 19 file main.c line 182 function sqrt
Unwinding loop 0 iteration 1 file main.c line 213 function fir_filter
Unwinding loop 0 iteration 2 file main.c line 213 function fir_filter
Unwinding loop 0 iteration 3 file main.c line 213 function fir_filter
Unwinding loop 0 iteration 4 file main.c line 213 function fir_filter
Unwinding loop 0 iteration 5 file main.c line 213 function fir_filter
Unwinding loop 0 iteration 6 file main.c line 213 function fir_filter
Unwinding loop 0 iteration 7 file main.c line 213 function fir_filter
Unwinding loop 0 iteration 8 file main.c line 213 function fir_filter
Unwinding loop 0 iteration 9 file main.c line 213 function fir_filter
Unwinding loop 0 iteration 10 file main.c line 213 function fir_filter
Unwinding loop 0 iteration 11 file main.c line 213 function fir_filter
Unwinding loop 0 iteration 12 file main.c line 213 function fir_filter
Unwinding loop 0 iteration 13 file main.c line 213 function fir_filter
Unwinding loop 0 iteration 14 file main.c line 213 function fir_filter
Unwinding loop 0 iteration 15 file main.c line 213 function fir_filter
Unwinding loop 0 iteration 16 file main.c line 213 function fir_filter
Unwinding loop 0 iteration 17 file main.c line 213 function fir_filter
Unwinding loop 0 iteration 18 file main.c line 213 function fir_filter
Unwinding loop 0 iteration 19 file main.c line 213 function fir_filter
Unwinding loop 0 iteration 20 file main.c line 213 function fir_filter
Unwinding loop 0 iteration 21 file main.c line 213 function fir_filter
Unwinding loop 0 iteration 22 file main.c line 213 function fir_filter
Unwinding loop 0 iteration 23 file main.c line 213 function fir_filter
Unwinding loop 0 iteration 24 file main.c line 213 function fir_filter
Unwinding loop 0 iteration 25 file main.c line 213 function fir_filter
Unwinding loop 0 iteration 26 file main.c line 213 function fir_filter
Unwinding loop 0 iteration 27 file main.c line 213 function fir_filter
Unwinding loop 0 iteration 28 file main.c line 213 function fir_filter
Unwinding loop 0 iteration 29 file main.c line 213 function fir_filter
Unwinding loop 0 iteration 30 file main.c line 213 function fir_filter
Unwinding loop 0 iteration 31 file main.c line 213 function fir_filter
Unwinding loop 0 iteration 32 file main.c line 213 function fir_filter
Unwinding loop 0 iteration 33 file main.c line 213 function fir_filter
Unwinding loop 1 iteration 3 file main.c line 300 function main
Unwinding loop 6 iteration 1 file main.c line 149 function sin
Unwinding loop 6 iteration 2 file main.c line 149 function sin
Unwinding loop 6 iteration 3 file main.c line 149 function sin
Unwinding loop 0 iteration 1 file main.c line 213 function fir_filter
Unwinding loop 0 iteration 2 file main.c line 213 function fir_filter
Unwinding loop 0 iteration 3 file main.c line 213 function fir_filter
Unwinding loop 0 iteration 4 file main.c line 213 function fir_filter
Unwinding loop 0 iteration 5 file main.c line 213 function fir_filter
Unwinding loop 0 iteration 6 file main.c line 213 function fir_filter
Unwinding loop 0 iteration 7 file main.c line 213 function fir_filter
Unwinding loop 0 iteration 8 file main.c line 213 function fir_filter
Unwinding loop 0 iteration 9 file main.c line 213 function fir_filter
Unwinding loop 0 iteration 10 file main.c line 213 function fir_filter
Unwinding loop 0 iteration 11 file main.c line 213 function fir_filter
Unwinding loop 0 iteration 12 file main.c line 213 function fir_filter
Unwinding loop 0 iteration 13 file main.c line 213 function fir_filter
Unwinding loop 0 iteration 14 file main.c line 213 function fir_filter
Unwinding loop 0 iteration 15 file main.c line 213 function fir_filter
Unwinding loop 0 iteration 16 file main.c line 213 function fir_filter
Unwinding loop 0 iteration 17 file main.c line 213 function fir_filter
Unwinding loop 0 iteration 18 file main.c line 213 function fir_filter
Unwinding loop 0 iteration 19 file main.c line 213 function fir_filter
Unwinding loop 0 iteration 20 file main.c line 213 function fir_filter
Unwinding loop 0 iteration 21 file main.c line 213 function fir_filter
Unwinding loop 0 iteration 22 file main.c line 213 function fir_filter
Unwinding loop 0 iteration 23 file main.c line 213 function fir_filter
Unwinding loop 0 iteration 24 file main.c line 213 function fir_filter
Unwinding loop 0 iteration 25 file main.c line 213 function fir_filter
Unwinding loop 0 iteration 26 file main.c line 213 function fir_filter
Unwinding loop 0 iteration 27 file main.c line 213 function fir_filter
Unwinding loop 0 iteration 28 file main.c line 213 function fir_filter
Unwinding loop 0 iteration 29 file main.c line 213 function fir_filter
Unwinding loop 0 iteration 30 file main.c line 213 function fir_filter
Unwinding loop 0 iteration 31 file main.c line 213 function fir_filter
Unwinding loop 0 iteration 32 file main.c line 213 function fir_filter
Unwinding loop 0 iteration 33 file main.c line 213 function fir_filter
Unwinding loop 1 iteration 4 file main.c line 300 function main
Unwinding loop 6 iteration 1 file main.c line 149 function sin
Unwinding loop 6 iteration 2 file main.c line 149 function sin
Unwinding loop 6 iteration 3 file main.c line 149 function sin
Unwinding loop 6 iteration 4 file main.c line 149 function sin
Unwinding loop 3 iteration 1 file main.c line 252 function gaussian
Unwinding loop 7 iteration 1 file main.c line 182 function sqrt
Unwinding loop 7 iteration 2 file main.c line 182 function sqrt
Unwinding loop 7 iteration 3 file main.c line 182 function sqrt
Unwinding loop 7 iteration 4 file main.c line 182 function sqrt
Unwinding loop 7 iteration 5 file main.c line 182 function sqrt
Unwinding loop 7 iteration 6 file main.c line 182 function sqrt
Unwinding loop 7 iteration 7 file main.c line 182 function sqrt
Unwinding loop 7 iteration 8 file main.c line 182 function sqrt
Unwinding loop 7 iteration 9 file main.c line 182 function sqrt
Unwinding loop 7 iteration 10 file main.c line 182 function sqrt
Unwinding loop 7 iteration 11 file main.c line 182 function sqrt
Unwinding loop 7 iteration 12 file main.c line 182 function sqrt
Unwinding loop 7 iteration 13 file main.c line 182 function sqrt
Unwinding loop 7 iteration 14 file main.c line 182 function sqrt
Unwinding loop 7 iteration 15 file main.c line 182 function sqrt
Unwinding loop 7 iteration 16 file main.c line 182 function sqrt
Unwinding loop 7 iteration 17 file main.c line 182 function sqrt
Unwinding loop 7 iteration 18 file main.c line 182 function sqrt
Unwinding loop 7 iteration 19 file main.c line 182 function sqrt
Unwinding loop 0 iteration 1 file main.c line 213 function fir_filter
Unwinding loop 0 iteration 2 file main.c line 213 function fir_filter
Unwinding loop 0 iteration 3 file main.c line 213 function fir_filter
Unwinding loop 0 iteration 4 file main.c line 213 function fir_filter
Unwinding loop 0 iteration 5 file main.c line 213 function fir_filter
Unwinding loop 0 iteration 6 file main.c line 213 function fir_filter
Unwinding loop 0 iteration 7 file main.c line 213 function fir_filter
Unwinding loop 0 iteration 8 file main.c line 213 function fir_filter
Unwinding loop 0 iteration 9 file main.c line 213 function fir_filter
Unwinding loop 0 iteration 10 file main.c line 213 function fir_filter
Unwinding loop 0 iteration 11 file main.c line 213 function fir_filter
Unwinding loop 0 iteration 12 file main.c line 213 function fir_filter
Unwinding loop 0 iteration 13 file main.c line 213 function fir_filter
Unwinding loop 0 iteration 14 file main.c line 213 function fir_filter
Unwinding loop 0 iteration 15 file main.c line 213 function fir_filter
Unwinding loop 0 iteration 16 file main.c line 213 function fir_filter
Unwinding loop 0 iteration 17 file main.c line 213 function fir_filter
Unwinding loop 0 iteration 18 file main.c line 213 function fir_filter
Unwinding loop 0 iteration 19 file main.c line 213 function fir_filter
Unwinding loop 0 iteration 20 file main.c line 213 function fir_filter
Unwinding loop 0 iteration 21 file main.c line 213 function fir_filter
Unwinding loop 0 iteration 22 file main.c line 213 function fir_filter
Unwinding loop 0 iteration 23 file main.c line 213 function fir_filter
Unwinding loop 0 iteration 24 file main.c line 213 function fir_filter
Unwinding loop 0 iteration 25 file main.c line 213 function fir_filter
Unwinding loop 0 iteration 26 file main.c line 213 function fir_filter
Unwinding loop 0 iteration 27 file main.c line 213 function fir_filter
Unwinding loop 0 iteration 28 file main.c line 213 function fir_filter
Unwinding loop 0 iteration 29 file main.c line 213 function fir_filter
Unwinding loop 0 iteration 30 file main.c line 213 function fir_filter
Unwinding loop 0 iteration 31 file main.c line 213 function fir_filter
Unwinding loop 0 iteration 32 file main.c line 213 function fir_filter
Unwinding loop 0 iteration 33 file main.c line 213 function fir_filter
Unwinding loop 1 iteration 5 file main.c line 300 function main
Unwinding loop 6 iteration 1 file main.c line 149 function sin
Unwinding loop 6 iteration 2 file main.c line 149 function sin
Unwinding loop 6 iteration 3 file main.c line 149 function sin
Unwinding loop 6 iteration 4 file main.c line 149 function sin
Unwinding loop 0 iteration 1 file main.c line 213 function fir_filter
Unwinding loop 0 iteration 2 file main.c line 213 function fir_filter
Unwinding loop 0 iteration 3 file main.c line 213 function fir_filter
Unwinding loop 0 iteration 4 file main.c line 213 function fir_filter
Unwinding loop 0 iteration 5 file main.c line 213 function fir_filter
Unwinding loop 0 iteration 6 file main.c line 213 function fir_filter
Unwinding loop 0 iteration 7 file main.c line 213 function fir_filter
Unwinding loop 0 iteration 8 file main.c line 213 function fir_filter
Unwinding loop 0 iteration 9 file main.c line 213 function fir_filter
Unwinding loop 0 iteration 10 file main.c line 213 function fir_filter
Unwinding loop 0 iteration 11 file main.c line 213 function fir_filter
Unwinding loop 0 iteration 12 file main.c line 213 function fir_filter
Unwinding loop 0 iteration 13 file main.c line 213 function fir_filter
Unwinding loop 0 iteration 14 file main.c line 213 function fir_filter
Unwinding loop 0 iteration 15 file main.c line 213 function fir_filter
Unwinding loop 0 iteration 16 file main.c line 213 function fir_filter
Unwinding loop 0 iteration 17 file main.c line 213 function fir_filter
Unwinding loop 0 iteration 18 file main.c line 213 function fir_filter
Unwinding loop 0 iteration 19 file main.c line 213 function fir_filter
Unwinding loop 0 iteration 20 file main.c line 213 function fir_filter
Unwinding loop 0 iteration 21 file main.c line 213 function fir_filter
Unwinding loop 0 iteration 22 file main.c line 213 function fir_filter
Unwinding loop 0 iteration 23 file main.c line 213 function fir_filter
Unwinding loop 0 iteration 24 file main.c line 213 function fir_filter
Unwinding loop 0 iteration 25 file main.c line 213 function fir_filter
Unwinding loop 0 iteration 26 file main.c line 213 function fir_filter
Unwinding loop 0 iteration 27 file main.c line 213 function fir_filter
Unwinding loop 0 iteration 28 file main.c line 213 function fir_filter
Unwinding loop 0 iteration 29 file main.c line 213 function fir_filter
Unwinding loop 0 iteration 30 file main.c line 213 function fir_filter
Unwinding loop 0 iteration 31 file main.c line 213 function fir_filter
Unwinding loop 0 iteration 32 file main.c line 213 function fir_filter
Unwinding loop 0 iteration 33 file main.c line 213 function fir_filter
Unwinding loop 1 iteration 6 file main.c line 300 function main
Unwinding loop 6 iteration 1 file main.c line 149 function sin
Unwinding loop 6 iteration 2 file main.c line 149 function sin
Unwinding loop 6 iteration 3 file main.c line 149 function sin
Unwinding loop 6 iteration 4 file main.c line 149 function sin
Unwinding loop 6 iteration 5 file main.c line 149 function sin
Unwinding loop 7 iteration 1 file main.c line 182 function sqrt
Unwinding loop 7 iteration 2 file main.c line 182 function sqrt
Unwinding loop 7 iteration 3 file main.c line 182 function sqrt
Unwinding loop 7 iteration 4 file main.c line 182 function sqrt
Unwinding loop 7 iteration 5 file main.c line 182 function sqrt
Unwinding loop 7 iteration 6 file main.c line 182 function sqrt
Unwinding loop 7 iteration 7 file main.c line 182 function sqrt
Unwinding loop 7 iteration 8 file main.c line 182 function sqrt
Unwinding loop 7 iteration 9 file main.c line 182 function sqrt
Unwinding loop 7 iteration 10 file main.c line 182 function sqrt
Unwinding loop 7 iteration 11 file main.c line 182 function sqrt
Unwinding loop 7 iteration 12 file main.c line 182 function sqrt
Unwinding loop 7 iteration 13 file main.c line 182 function sqrt
Unwinding loop 7 iteration 14 file main.c line 182 function sqrt
Unwinding loop 7 iteration 15 file main.c line 182 function sqrt
Unwinding loop 7 iteration 16 file main.c line 182 function sqrt
Unwinding loop 7 iteration 17 file main.c line 182 function sqrt
Unwinding loop 7 iteration 18 file main.c line 182 function sqrt
Unwinding loop 7 iteration 19 file main.c line 182 function sqrt
Unwinding loop 0 iteration 1 file main.c line 213 function fir_filter
Unwinding loop 0 iteration 2 file main.c line 213 function fir_filter
Unwinding loop 0 iteration 3 file main.c line 213 function fir_filter
Unwinding loop 0 iteration 4 file main.c line 213 function fir_filter
Unwinding loop 0 iteration 5 file main.c line 213 function fir_filter
Unwinding loop 0 iteration 6 file main.c line 213 function fir_filter
Unwinding loop 0 iteration 7 file main.c line 213 function fir_filter
Unwinding loop 0 iteration 8 file main.c line 213 function fir_filter
Unwinding loop 0 iteration 9 file main.c line 213 function fir_filter
Unwinding loop 0 iteration 10 file main.c line 213 function fir_filter
Unwinding loop 0 iteration 11 file main.c line 213 function fir_filter
Unwinding loop 0 iteration 12 file main.c line 213 function fir_filter
Unwinding loop 0 iteration 13 file main.c line 213 function fir_filter
Unwinding loop 0 iteration 14 file main.c line 213 function fir_filter
Unwinding loop 0 iteration 15 file main.c line 213 function fir_filter
Unwinding loop 0 iteration 16 file main.c line 213 function fir_filter
Unwinding loop 0 iteration 17 file main.c line 213 function fir_filter
Unwinding loop 0 iteration 18 file main.c line 213 function fir_filter
Unwinding loop 0 iteration 19 file main.c line 213 function fir_filter
Unwinding loop 0 iteration 20 file main.c line 213 function fir_filter
Unwinding loop 0 iteration 21 file main.c line 213 function fir_filter
Unwinding loop 0 iteration 22 file main.c line 213 function fir_filter
Unwinding loop 0 iteration 23 file main.c line 213 function fir_filter
Unwinding loop 0 iteration 24 file main.c line 213 function fir_filter
Unwinding loop 0 iteration 25 file main.c line 213 function fir_filter
Unwinding loop 0 iteration 26 file main.c line 213 function fir_filter
Unwinding loop 0 iteration 27 file main.c line 213 function fir_filter
Unwinding loop 0 iteration 28 file main.c line 213 function fir_filter
Unwinding loop 0 iteration 29 file main.c line 213 function fir_filter
Unwinding loop 0 iteration 30 file main.c line 213 function fir_filter
Unwinding loop 0 iteration 31 file main.c line 213 function fir_filter
Unwinding loop 0 iteration 32 file main.c line 213 function fir_filter
Unwinding loop 0 iteration 33 file main.c line 213 function fir_filter
Unwinding loop 1 iteration 7 file main.c line 300 function main
Unwinding loop 6 iteration 1 file main.c line 149 function sin
Unwinding loop 6 iteration 2 file main.c line 149 function sin
Unwinding loop 6 iteration 3 file main.c line 149 function sin
Unwinding loop 6 iteration 4 file main.c line 149 function sin
Unwinding loop 6 iteration 5 file main.c line 149 function sin
Unwinding loop 0 iteration 1 file main.c line 213 function fir_filter
Unwinding loop 0 iteration 2 file main.c line 213 function fir_filter
Unwinding loop 0 iteration 3 file main.c line 213 function fir_filter
Unwinding loop 0 iteration 4 file main.c line 213 function fir_filter
Unwinding loop 0 iteration 5 file main.c line 213 function fir_filter
Unwinding loop 0 iteration 6 file main.c line 213 function fir_filter
Unwinding loop 0 iteration 7 file main.c line 213 function fir_filter
Unwinding loop 0 iteration 8 file main.c line 213 function fir_filter
Unwinding loop 0 iteration 9 file main.c line 213 function fir_filter
Unwinding loop 0 iteration 10 file main.c line 213 function fir_filter
Unwinding loop 0 iteration 11 file main.c line 213 function fir_filter
Unwinding loop 0 iteration 12 file main.c line 213 function fir_filter
Unwinding loop 0 iteration 13 file main.c line 213 function fir_filter
Unwinding loop 0 iteration 14 file main.c line 213 function fir_filter
Unwinding loop 0 iteration 15 file main.c line 213 function fir_filter
Unwinding loop 0 iteration 16 file main.c line 213 function fir_filter
Unwinding loop 0 iteration 17 file main.c line 213 function fir_filter
Unwinding loop 0 iteration 18 file main.c line 213 function fir_filter
Unwinding loop 0 iteration 19 file main.c line 213 function fir_filter
Unwinding loop 0 iteration 20 file main.c line 213 function fir_filter
Unwinding loop 0 iteration 21 file main.c line 213 function fir_filter
Unwinding loop 0 iteration 22 file main.c line 213 function fir_filter
Unwinding loop 0 iteration 23 file main.c line 213 function fir_filter
Unwinding loop 0 iteration 24 file main.c line 213 function fir_filter
Unwinding loop 0 iteration 25 file main.c line 213 function fir_filter
Unwinding loop 0 iteration 26 file main.c line 213 function fir_filter
Unwinding loop 0 iteration 27 file main.c line 213 function fir_filter
Unwinding loop 0 iteration 28 file main.c line 213 function fir_filter
Unwinding loop 0 iteration 29 file main.c line 213 function fir_filter
Unwinding loop 0 iteration 30 file main.c line 213 function fir_filter
Unwinding loop 0 iteration 31 file main.c line 213 function fir_filter
Unwinding loop 0 iteration 32 file main.c line 213 function fir_filter
Unwinding loop 0 iteration 33 file main.c line 213 function fir_filter
Unwinding loop 1 iteration 8 file main.c line 300 function main
Unwinding loop 6 iteration 1 file main.c line 149 function sin
Unwinding loop 6 iteration 2 file main.c line 149 function sin
Unwinding loop 6 iteration 3 file main.c line 149 function sin
Unwinding loop 6 iteration 4 file main.c line 149 function sin
Unwinding loop 6 iteration 5 file main.c line 149 function sin
Unwinding loop 6 iteration 6 file main.c line 149 function sin
Unwinding loop 7 iteration 1 file main.c line 182 function sqrt
Unwinding loop 7 iteration 2 file main.c line 182 function sqrt
Unwinding loop 7 iteration 3 file main.c line 182 function sqrt
Unwinding loop 7 iteration 4 file main.c line 182 function sqrt
Unwinding loop 7 iteration 5 file main.c line 182 function sqrt
Unwinding loop 7 iteration 6 file main.c line 182 function sqrt
Unwinding loop 7 iteration 7 file main.c line 182 function sqrt
Unwinding loop 7 iteration 8 file main.c line 182 function sqrt
Unwinding loop 7 iteration 9 file main.c line 182 function sqrt
Unwinding loop 7 iteration 10 file main.c line 182 function sqrt
Unwinding loop 7 iteration 11 file main.c line 182 function sqrt
Unwinding loop 7 iteration 12 file main.c line 182 function sqrt
Unwinding loop 7 iteration 13 file main.c line 182 function sqrt
Unwinding loop 7 iteration 14 file main.c line 182 function sqrt
Unwinding loop 7 iteration 15 file main.c line 182 function sqrt
Unwinding loop 7 iteration 16 file main.c line 182 function sqrt
Unwinding loop 7 iteration 17 file main.c line 182 function sqrt
Unwinding loop 7 iteration 18 file main.c line 182 function sqrt
Unwinding loop 7 iteration 19 file main.c line 182 function sqrt
Unwinding loop 0 iteration 1 file main.c line 213 function fir_filter
Unwinding loop 0 iteration 2 file main.c line 213 function fir_filter
Unwinding loop 0 iteration 3 file main.c line 213 function fir_filter
Unwinding loop 0 iteration 4 file main.c line 213 function fir_filter
Unwinding loop 0 iteration 5 file main.c line 213 function fir_filter
Unwinding loop 0 iteration 6 file main.c line 213 function fir_filter
Unwinding loop 0 iteration 7 file main.c line 213 function fir_filter
Unwinding loop 0 iteration 8 file main.c line 213 function fir_filter
Unwinding loop 0 iteration 9 file main.c line 213 function fir_filter
Unwinding loop 0 iteration 10 file main.c line 213 function fir_filter
Unwinding loop 0 iteration 11 file main.c line 213 function fir_filter
Unwinding loop 0 iteration 12 file main.c line 213 function fir_filter
Unwinding loop 0 iteration 13 file main.c line 213 function fir_filter
Unwinding loop 0 iteration 14 file main.c line 213 function fir_filter
Unwinding loop 0 iteration 15 file main.c line 213 function fir_filter
Unwinding loop 0 iteration 16 file main.c line 213 function fir_filter
Unwinding loop 0 iteration 17 file main.c line 213 function fir_filter
Unwinding loop 0 iteration 18 file main.c line 213 function fir_filter
Unwinding loop 0 iteration 19 file main.c line 213 function fir_filter
Unwinding loop 0 iteration 20 file main.c line 213 function fir_filter
Unwinding loop 0 iteration 21 file main.c line 213 function fir_filter
Unwinding loop 0 iteration 22 file main.c line 213 function fir_filter
Unwinding loop 0 iteration 23 file main.c line 213 function fir_filter
Unwinding loop 0 iteration 24 file main.c line 213 function fir_filter
Unwinding loop 0 iteration 25 file main.c line 213 function fir_filter
Unwinding loop 0 iteration 26 file main.c line 213 function fir_filter
Unwinding loop 0 iteration 27 file main.c line 213 function fir_filter
Unwinding loop 0 iteration 28 file main.c line 213 function fir_filter
Unwinding loop 0 iteration 29 file main.c line 213 function fir_filter
Unwinding loop 0 iteration 30 file main.c line 213 function fir_filter
Unwinding loop 0 iteration 31 file main.c line 213 function fir_filter
Unwinding loop 0 iteration 32 file main.c line 213 function fir_filter
Unwinding loop 0 iteration 33 file main.c line 213 function fir_filter
Unwinding loop 1 iteration 9 file main.c line 300 function main
Unwinding loop 6 iteration 1 file main.c line 149 function sin
Unwinding loop 6 iteration 2 file main.c line 149 function sin
Unwinding loop 6 iteration 3 file main.c line 149 function sin
Unwinding loop 6 iteration 4 file main.c line 149 function sin
Unwinding loop 6 iteration 5 file main.c line 149 function sin
Unwinding loop 6 iteration 6 file main.c line 149 function sin
Unwinding loop 0 iteration 1 file main.c line 213 function fir_filter
Unwinding loop 0 iteration 2 file main.c line 213 function fir_filter
Unwinding loop 0 iteration 3 file main.c line 213 function fir_filter
Unwinding loop 0 iteration 4 file main.c line 213 function fir_filter
Unwinding loop 0 iteration 5 file main.c line 213 function fir_filter
Unwinding loop 0 iteration 6 file main.c line 213 function fir_filter
Unwinding loop 0 iteration 7 file main.c line 213 function fir_filter
Unwinding loop 0 iteration 8 file main.c line 213 function fir_filter
Unwinding loop 0 iteration 9 file main.c line 213 function fir_filter
Unwinding loop 0 iteration 10 file main.c line 213 function fir_filter
Unwinding loop 0 iteration 11 file main.c line 213 function fir_filter
Unwinding loop 0 iteration 12 file main.c line 213 function fir_filter
Unwinding loop 0 iteration 13 file main.c line 213 function fir_filter
Unwinding loop 0 iteration 14 file main.c line 213 function fir_filter
Unwinding loop 0 iteration 15 file main.c line 213 function fir_filter
Unwinding loop 0 iteration 16 file main.c line 213 function fir_filter
Unwinding loop 0 iteration 17 file main.c line 213 function fir_filter
Unwinding loop 0 iteration 18 file main.c line 213 function fir_filter
Unwinding loop 0 iteration 19 file main.c line 213 function fir_filter
Unwinding loop 0 iteration 20 file main.c line 213 function fir_filter
Unwinding loop 0 iteration 21 file main.c line 213 function fir_filter
Unwinding loop 0 iteration 22 file main.c line 213 function fir_filter
Unwinding loop 0 iteration 23 file main.c line 213 function fir_filter
Unwinding loop 0 iteration 24 file main.c line 213 function fir_filter
Unwinding loop 0 iteration 25 file main.c line 213 function fir_filter
Unwinding loop 0 iteration 26 file main.c line 213 function fir_filter
Unwinding loop 0 iteration 27 file main.c line 213 function fir_filter
Unwinding loop 0 iteration 28 file main.c line 213 function fir_filter
Unwinding loop 0 iteration 29 file main.c line 213 function fir_filter
Unwinding loop 0 iteration 30 file main.c line 213 function fir_filter
Unwinding loop 0 iteration 31 file main.c line 213 function fir_filter
Unwinding loop 0 iteration 32 file main.c line 213 function fir_filter
Unwinding loop 0 iteration 33 file main.c line 213 function fir_filter
Unwinding loop 1 iteration 10 file main.c line 300 function main
Unwinding loop 7 iteration 1 file main.c line 182 function sqrt
Unwinding loop 7 iteration 2 file main.c line 182 function sqrt
Unwinding loop 7 iteration 3 file main.c line 182 function sqrt
Unwinding loop 7 iteration 4 file main.c line 182 function sqrt
Unwinding loop 7 iteration 5 file main.c line 182 function sqrt
Unwinding loop 7 iteration 6 file main.c line 182 function sqrt
Unwinding loop 7 iteration 7 file main.c line 182 function sqrt
Unwinding loop 7 iteration 8 file main.c line 182 function sqrt
Unwinding loop 7 iteration 9 file main.c line 182 function sqrt
Unwinding loop 7 iteration 10 file main.c line 182 function sqrt
Unwinding loop 7 iteration 11 file main.c line 182 function sqrt
Unwinding loop 7 iteration 12 file main.c line 182 function sqrt
Unwinding loop 7 iteration 13 file main.c line 182 function sqrt
Unwinding loop 7 iteration 14 file main.c line 182 function sqrt
Unwinding loop 7 iteration 15 file main.c line 182 function sqrt
Unwinding loop 7 iteration 16 file main.c line 182 function sqrt
Unwinding loop 7 iteration 17 file main.c line 182 function sqrt
Unwinding loop 7 iteration 18 file main.c line 182 function sqrt
Unwinding loop 7 iteration 19 file main.c line 182 function sqrt
Unwinding loop 2 iteration 1 file main.c line 306 function main
Unwinding loop 6 iteration 1 file main.c line 149 function sin
Unwinding loop 6 iteration 2 file main.c line 149 function sin
Unwinding loop 2 iteration 2 file main.c line 306 function main
Unwinding loop 6 iteration 1 file main.c line 149 function sin
Unwinding loop 6 iteration 2 file main.c line 149 function sin
Unwinding loop 6 iteration 3 file main.c line 149 function sin
Unwinding loop 7 iteration 1 file main.c line 182 function sqrt
Unwinding loop 7 iteration 2 file main.c line 182 function sqrt
Unwinding loop 7 iteration 3 file main.c line 182 function sqrt
Unwinding loop 7 iteration 4 file main.c line 182 function sqrt
Unwinding loop 7 iteration 5 file main.c line 182 function sqrt
Unwinding loop 7 iteration 6 file main.c line 182 function sqrt
Unwinding loop 7 iteration 7 file main.c line 182 function sqrt
Unwinding loop 7 iteration 8 file main.c line 182 function sqrt
Unwinding loop 7 iteration 9 file main.c line 182 function sqrt
Unwinding loop 7 iteration 10 file main.c line 182 function sqrt
Unwinding loop 7 iteration 11 file main.c line 182 function sqrt
Unwinding loop 7 iteration 12 file main.c line 182 function sqrt
Unwinding loop 7 iteration 13 file main.c line 182 function sqrt
Unwinding loop 7 iteration 14 file main.c line 182 function sqrt
Unwinding loop 7 iteration 15 file main.c line 182 function sqrt
Unwinding loop 7 iteration 16 file main.c line 182 function sqrt
Unwinding loop 7 iteration 17 file main.c line 182 function sqrt
Unwinding loop 7 iteration 18 file main.c line 182 function sqrt
Unwinding loop 7 iteration 19 file main.c line 182 function sqrt
Unwinding loop 2 iteration 3 file main.c line 306 function main
Unwinding loop 6 iteration 1 file main.c line 149 function sin
Unwinding loop 6 iteration 2 file main.c line 149 function sin
Unwinding loop 6 iteration 3 file main.c line 149 function sin
Unwinding loop 2 iteration 4 file main.c line 306 function main
Unwinding loop 6 iteration 1 file main.c line 149 function sin
Unwinding loop 6 iteration 2 file main.c line 149 function sin
Unwinding loop 6 iteration 3 file main.c line 149 function sin
Unwinding loop 6 iteration 4 file main.c line 149 function sin
Unwinding loop 7 iteration 1 file main.c line 182 function sqrt
Unwinding loop 7 iteration 2 file main.c line 182 function sqrt
Unwinding loop 7 iteration 3 file main.c line 182 function sqrt
Unwinding loop 7 iteration 4 file main.c line 182 function sqrt
Unwinding loop 7 iteration 5 file main.c line 182 function sqrt
Unwinding loop 7 iteration 6 file main.c line 182 function sqrt
Unwinding loop 7 iteration 7 file main.c line 182 function sqrt
Unwinding loop 7 iteration 8 file main.c line 182 function sqrt
Unwinding loop 7 iteration 9 file main.c line 182 function sqrt
Unwinding loop 7 iteration 10 file main.c line 182 function sqrt
Unwinding loop 7 iteration 11 file main.c line 182 function sqrt
Unwinding loop 7 iteration 12 file main.c line 182 function sqrt
Unwinding loop 7 iteration 13 file main.c line 182 function sqrt
Unwinding loop 7 iteration 14 file main.c line 182 function sqrt
Unwinding loop 7 iteration 15 file main.c line 182 function sqrt
Unwinding loop 7 iteration 16 file main.c line 182 function sqrt
Unwinding loop 7 iteration 17 file main.c line 182 function sqrt
Unwinding loop 7 iteration 18 file main.c line 182 function sqrt
Unwinding loop 7 iteration 19 file main.c line 182 function sqrt
Unwinding loop 2 iteration 5 file main.c line 306 function main
Unwinding loop 6 iteration 1 file main.c line 149 function sin
Unwinding loop 6 iteration 2 file main.c line 149 function sin
Unwinding loop 6 iteration 3 file main.c line 149 function sin
Unwinding loop 6 iteration 4 file main.c line 149 function sin
Unwinding loop 2 iteration 6 file main.c line 306 function main
Unwinding loop 6 iteration 1 file main.c line 149 function sin
Unwinding loop 6 iteration 2 file main.c line 149 function sin
Unwinding loop 6 iteration 3 file main.c line 149 function sin
Unwinding loop 6 iteration 4 file main.c line 149 function sin
Unwinding loop 6 iteration 5 file main.c line 149 function sin
Unwinding loop 7 iteration 1 file main.c line 182 function sqrt
Unwinding loop 7 iteration 2 file main.c line 182 function sqrt
Unwinding loop 7 iteration 3 file main.c line 182 function sqrt
Unwinding loop 7 iteration 4 file main.c line 182 function sqrt
Unwinding loop 7 iteration 5 file main.c line 182 function sqrt
Unwinding loop 7 iteration 6 file main.c line 182 function sqrt
Unwinding loop 7 iteration 7 file main.c line 182 function sqrt
Unwinding loop 7 iteration 8 file main.c line 182 function sqrt
Unwinding loop 7 iteration 9 file main.c line 182 function sqrt
Unwinding loop 7 iteration 10 file main.c line 182 function sqrt
Unwinding loop 7 iteration 11 file main.c line 182 function sqrt
Unwinding loop 7 iteration 12 file main.c line 182 function sqrt
Unwinding loop 7 iteration 13 file main.c line 182 function sqrt
Unwinding loop 7 iteration 14 file main.c line 182 function sqrt
Unwinding loop 7 iteration 15 file main.c line 182 function sqrt
Unwinding loop 7 iteration 16 file main.c line 182 function sqrt
Unwinding loop 7 iteration 17 file main.c line 182 function sqrt
Unwinding loop 7 iteration 18 file main.c line 182 function sqrt
Unwinding loop 7 iteration 19 file main.c line 182 function sqrt
Unwinding loop 2 iteration 7 file main.c line 306 function main
Unwinding loop 6 iteration 1 file main.c line 149 function sin
Unwinding loop 6 iteration 2 file main.c line 149 function sin
Unwinding loop 6 iteration 3 file main.c line 149 function sin
Unwinding loop 6 iteration 4 file main.c line 149 function sin
Unwinding loop 6 iteration 5 file main.c line 149 function sin
Unwinding loop 2 iteration 8 file main.c line 306 function main
Unwinding loop 6 iteration 1 file main.c line 149 function sin
Unwinding loop 6 iteration 2 file main.c line 149 function sin
Unwinding loop 6 iteration 3 file main.c line 149 function sin
Unwinding loop 6 iteration 4 file main.c line 149 function sin
Unwinding loop 6 iteration 5 file main.c line 149 function sin
Unwinding loop 6 iteration 6 file main.c line 149 function sin
Unwinding loop 7 iteration 1 file main.c line 182 function sqrt
Unwinding loop 7 iteration 2 file main.c line 182 function sqrt
Unwinding loop 7 iteration 3 file main.c line 182 function sqrt
Unwinding loop 7 iteration 4 file main.c line 182 function sqrt
Unwinding loop 7 iteration 5 file main.c line 182 function sqrt
Unwinding loop 7 iteration 6 file main.c line 182 function sqrt
Unwinding loop 7 iteration 7 file main.c line 182 function sqrt
Unwinding loop 7 iteration 8 file main.c line 182 function sqrt
Unwinding loop 7 iteration 9 file main.c line 182 function sqrt
Unwinding loop 7 iteration 10 file main.c line 182 function sqrt
Unwinding loop 7 iteration 11 file main.c line 182 function sqrt
Unwinding loop 7 iteration 12 file main.c line 182 function sqrt
Unwinding loop 7 iteration 13 file main.c line 182 function sqrt
Unwinding loop 7 iteration 14 file main.c line 182 function sqrt
Unwinding loop 7 iteration 15 file main.c line 182 function sqrt
Unwinding loop 7 iteration 16 file main.c line 182 function sqrt
Unwinding loop 7 iteration 17 file main.c line 182 function sqrt
Unwinding loop 7 iteration 18 file main.c line 182 function sqrt
Unwinding loop 7 iteration 19 file main.c line 182 function sqrt
Unwinding loop 2 iteration 9 file main.c line 306 function main
Unwinding loop 6 iteration 1 file main.c line 149 function sin
Unwinding loop 6 iteration 2 file main.c line 149 function sin
Unwinding loop 6 iteration 3 file main.c line 149 function sin
Unwinding loop 6 iteration 4 file main.c line 149 function sin
Unwinding loop 6 iteration 5 file main.c line 149 function sin
Unwinding loop 6 iteration 6 file main.c line 149 function sin
Unwinding loop 2 iteration 10 file main.c line 306 function main
size of program expression: 10856 assignments
Generated 3664 VCC(s), 1378 remaining after simplification
Encoding remaining VCC(s) using integer/real arithmetic
Solving with SMT Solver Z3 v2.11
Runtime decision procedure: 0.61s
VERIFICATION SUCCESSFUL
EXIT=0
SIGNAL=0
