file main.c: Parsing
Converting
Type-checking main
Generating GOTO Program
Pointer Analysis
Adding Pointer Checks
Starting Bounded Model Checking
size of program expression: 13 assignments
Generated 4 VCC(s), 4 remaining after simplification
Encoding remaining VCC(s) using integer/real arithmetic
Solving with SMT Solver Z3 v2.11
Runtime decision procedure: 0.039s
Building error trace

Counterexample:

State 3 file main.c line 5 function main thread 0
----------------------------------------------------
  main::main::1::resp=0 (00000000000000000000000000000000)
VERIFICATION FAILED
EXIT=0
SIGNAL=0
