file main.c: Parsing
Converting
Type-checking main
Generating GOTO Program
Pointer Analysis
Adding Pointer Checks
Starting Bounded Model Checking
size of program expression: 15 assignments
Generated 1 VCC(s), 1 remaining after simplification
Encoding remaining VCC(s) using integer/real arithmetic
Solving with SMT Solver Z3 v2.11
Runtime decision procedure: 0.001s
Building error trace

Counterexample:

State 2 file main.c line 7 function main thread 0
----------------------------------------------------
  main::main::1::i=0 (00000000000000000000000000000000)

State 3 file main.c line 8 function main thread 0
----------------------------------------------------
  main::main::1::k=1 (00000000000000000000000000000001)

Violated property:
  file main.c line 17 function main
  assertion
  FALSE

VERIFICATION FAILED
EXIT=0
SIGNAL=0
