file main.c: Parsing
Converting
Type-checking main
Generating GOTO Program
Pointer Analysis
Adding Pointer Checks
Starting Bounded Model Checking
size of program expression: 19 assignments
Generated 2 VCC(s), 2 remaining after simplification
Encoding remaining VCC(s) using integer/real arithmetic
Solving with SMT Solver Z3 v2.11
Runtime decision procedure: 0.002s
Building error trace

Counterexample:

State 2 file main.c line 26 function main thread 0
----------------------------------------------------
  main::main::1::b={ .i=1, .j=2, .k=2 }

State 3 file main.c line 27 function main thread 0
----------------------------------------------------
  main::main::1::b={ .i=1, .j=1, .k=2 }

State 4  thread 0
----------------------------------------------------
  c::main::$tmp::tmp$1=FALSE

Violated property:
  file main.c line 28 function main
  assertion (* ((struct A*)&b)).j == 2
  FALSE

VERIFICATION FAILED
EXIT=0
SIGNAL=0
