file main.c: Parsing
Converting
Type-checking main
Generating GOTO Program
Pointer Analysis
Adding Pointer Checks
Starting Bounded Model Checking
size of program expression: 12 assignments
Generated 1 VCC(s), 1 remaining after simplification
Encoding remaining VCC(s) using bit-vector arithmetic
Solving with SMT Solver Z3 v2.11
Runtime decision procedure: 0.004s
Building error trace

Counterexample:

State 1 file <built-in> line 12 thread 0
----------------------------------------------------
  __ESBMC_alloc=(assignment removed)

State 2 file <built-in> line 13 thread 0
----------------------------------------------------
  __ESBMC_alloc_size=(assignment removed)

State 3 file <built-in> line 19 thread 0
----------------------------------------------------
  __ESBMC_rounding_mode=0 (00000000000000000000000000000000)

State 5 file main.c line 4 function main thread 0
----------------------------------------------------
  main::main::1::x1=24 (00011000)

State 6 file main.c line 4 function main thread 0
----------------------------------------------------
  main::main::1::x2=1 (00000001)

State 7 file main.c line 6 function main thread 0
----------------------------------------------------
  main::main::1::accu=0 (0000000000000000000000000000000000000000000000000000000000000000)

State 8 file main.c line 7 function main thread 0
----------------------------------------------------
  main::main::1::accu=0 (0000000000000000000000000000000000000000000000000000000000000000)

Violated property:
  file main.c line 9 function main
  assertion
  FALSE

VERIFICATION FAILED
EXIT=0
SIGNAL=0
