file main.c: Parsing
Converting
Type-checking main
Generating GOTO Program
Pointer Analysis
Adding Pointer Checks
Starting Bounded Model Checking
size of program expression: 23 assignments
Generated 4 VCC(s), 4 remaining after simplification
Encoding remaining VCC(s) using integer/real arithmetic
Solving with SMT Solver Z3 v2.11
Runtime decision procedure: 0.005s
Building error trace

Counterexample:

State 1 file /usr/include/stdio.h line 165 thread 0
----------------------------------------------------
  stdin=NULL

State 2 file /usr/include/stdio.h line 166 thread 0
----------------------------------------------------
  stdout=(assignment removed)

State 3 file /usr/include/stdio.h line 167 thread 0
----------------------------------------------------
  stderr=(assignment removed)

State 4 file <built-in> line 12 thread 0
----------------------------------------------------
  __ESBMC_alloc=(assignment removed)

State 5 file <built-in> line 13 thread 0
----------------------------------------------------
  __ESBMC_alloc_size=(assignment removed)

State 6 file <built-in> line 19 thread 0
----------------------------------------------------
  __ESBMC_rounding_mode=0 (00000000000000000000000000000000)

State 7 file main.c line 15 thread 0
----------------------------------------------------
  main::accounts=accounts&0#1

State 9 file main.c line 19 function main thread 0
----------------------------------------------------
  c::main::$tmp::return_value_malloc$1=(assignment removed)

State 10 file main.c line 19 function main thread 0
----------------------------------------------------
  __ESBMC_alloc_size=(assignment removed)

State 11 file main.c line 19 function main thread 0
----------------------------------------------------
  __ESBMC_alloc=(assignment removed)

State 12 file main.c line 19 function main thread 0
----------------------------------------------------
  __ESBMC_alloc=(assignment removed)

State 13 file main.c line 19 function main thread 0
----------------------------------------------------
  main::accounts=accounts&0#2

State 15 file main.c line 20 function main thread 0
----------------------------------------------------
  symex_dynamic::dynamic_171223649_value={ .name=1, .amount=-2147483647.000000000931322574615478515625l }

State 17  thread 0
----------------------------------------------------
  c::main::$tmp::tmp$2=FALSE

Violated property:
  file main.c line 21 function main
  assertion accounts[0]->name!=1
  FALSE

VERIFICATION FAILED
EXIT=0
SIGNAL=0
