file main.c: Parsing
Converting
Type-checking main
Generating GOTO Program
Pointer Analysis
Adding Pointer Checks
Starting Bounded Model Checking
Unwinding recursion f iteration 1 (11 max)
Unwinding recursion f iteration 2 (11 max)
Unwinding recursion f iteration 3 (11 max)
Unwinding recursion f iteration 4 (11 max)
Unwinding recursion f iteration 5 (11 max)
Unwinding recursion f iteration 6 (11 max)
Unwinding recursion f iteration 7 (11 max)
Unwinding recursion f iteration 8 (11 max)
Unwinding recursion f iteration 9 (11 max)
Unwinding recursion f iteration 10 (11 max)
size of program expression: 41 assignments
Generated 0 VCC(s), 0 remaining after simplification
VERIFICATION SUCCESSFUL
EXIT=0
SIGNAL=0
