file main.c: Parsing
Converting
Type-checking main
Generating GOTO Program
Pointer Analysis
Adding Pointer Checks
Starting Bounded Model Checking
Unwinding recursion rec iteration 1
Unwinding recursion rec iteration 2
Unwinding recursion rec iteration 3
Unwinding recursion rec iteration 1
Unwinding recursion rec iteration 2
Unwinding recursion rec iteration 3
Unwinding recursion rec iteration 1
Unwinding recursion rec iteration 2
Unwinding recursion rec iteration 3
Unwinding recursion rec iteration 1
Unwinding recursion rec iteration 2
Unwinding recursion rec iteration 3
size of program expression: 91 assignments
Generated 1 VCC(s), 0 remaining after simplification
VERIFICATION SUCCESSFUL
EXIT=0
SIGNAL=0
