file main.c: Parsing
Converting
Type-checking main
Generating GOTO Program
Pointer Analysis
Adding Pointer Checks
Starting Bounded Model Checking
Unwinding loop 0 iteration 1 file main.c line 14 function main
size of program expression: 14 assignments
Generated 2 VCC(s), 1 remaining after simplification
Encoding remaining VCC(s) using integer/real arithmetic
Solving with SMT Solver Z3 v2.11
Runtime decision procedure: 0.001s
Building error trace

Counterexample:

Violated property:
  file main.c line 14 function main
  unwinding assertion loop 

VERIFICATION FAILED
EXIT=0
SIGNAL=0
