file main.c: Parsing
Converting
Type-checking main
Generating GOTO Program
Pointer Analysis
Adding Pointer Checks
Starting Bounded Model Checking
Unwinding loop 0 iteration 1 file main.c line 7 function test
size of program expression: 26 assignments
Generated 5 VCC(s), 4 remaining after simplification
Encoding remaining VCC(s) using integer/real arithmetic
Solving with SMT Solver Z3 v2.11
Runtime decision procedure: 0.005s
Building error trace

Counterexample:

State 1 file <built-in> line 12 thread 0
----------------------------------------------------
  __ESBMC_alloc=(assignment removed)

State 2 file <built-in> line 13 thread 0
----------------------------------------------------
  __ESBMC_alloc_size=(assignment removed)

State 3 file <built-in> line 19 thread 0
----------------------------------------------------
  __ESBMC_rounding_mode=0 (00000000000000000000000000000000)

State 4 file main.c line 3 thread 0
----------------------------------------------------
  a=NULL

State 6 file main.c line 17 function main thread 0
----------------------------------------------------
  main::main::1::n=100 (00000000000000000000000001100100)

State 8 file main.c line 22 function main thread 0
----------------------------------------------------
  c::main::$tmp::return_value_malloc$1=(assignment removed)

State 9 file main.c line 22 function main thread 0
----------------------------------------------------
  __ESBMC_alloc_size=(assignment removed)

State 10 file main.c line 22 function main thread 0
----------------------------------------------------
  __ESBMC_alloc=(assignment removed)

State 11 file main.c line 22 function main thread 0
----------------------------------------------------
  __ESBMC_alloc=(assignment removed)

State 12 file main.c line 22 function main thread 0
----------------------------------------------------
  a=(assignment removed)

Violated property:
  file main.c line 22 function main
  dereference failure: forgotten memory
  DEALLOCATED_OBJECT(return_value_malloc$1) == TRUE

VERIFICATION FAILED
EXIT=0
SIGNAL=0
