file main.c: Parsing
Converting
Type-checking main
Generating GOTO Program
Pointer Analysis
Adding Pointer Checks
Starting Bounded Model Checking
Unwinding loop 0 iteration 1 file main.c line 15 function main
Unwinding loop 0 iteration 2 file main.c line 15 function main
Unwinding loop 0 iteration 3 file main.c line 15 function main
Unwinding loop 0 iteration 4 file main.c line 15 function main
Unwinding loop 0 iteration 5 file main.c line 15 function main
Unwinding loop 0 iteration 6 file main.c line 15 function main
Unwinding loop 0 iteration 7 file main.c line 15 function main
Unwinding loop 0 iteration 8 file main.c line 15 function main
size of program expression: 133 assignments
Generated 25 VCC(s), 17 remaining after simplification
Encoding remaining VCC(s) using integer/real arithmetic
Solving with SMT Solver Z3 v2.11
Runtime decision procedure: 0.007s
Building error trace

Counterexample:

State 3  thread 0
----------------------------------------------------
  c::main::$tmp::tmp$2=TRUE

Violated property:
  file main.c line 13 function main
  assertion a != 0
  FALSE

VERIFICATION FAILED
EXIT=0
SIGNAL=0
