file main.c: Parsing
Converting
Type-checking main
Generating GOTO Program
Pointer Analysis
Adding Pointer Checks
Starting Bounded Model Checking
Unwinding loop 21 iteration 1 file main.c line 72 function rindex
Unwinding loop 21 iteration 2 file main.c line 72 function rindex
Unwinding loop 21 iteration 3 file main.c line 72 function rindex
Unwinding loop 21 iteration 4 file main.c line 72 function rindex
Unwinding loop 10 iteration 1 file main.c line 219 function compress
Unwinding loop 10 iteration 2 file main.c line 219 function compress
Unwinding loop 10 iteration 3 file main.c line 219 function compress
Unwinding loop 10 iteration 4 file main.c line 219 function compress
size of program expression: 233 assignments
Generated 11 VCC(s), 9 remaining after simplification
Encoding remaining VCC(s) using bit-vector arithmetic
Solving with SMT Solver Z3 v2.11
Runtime decision procedure: 0.01s
VERIFICATION SUCCESSFUL
EXIT=0
SIGNAL=0
