file main.c: Parsing
Converting
Type-checking main
Generating GOTO Program
Pointer Analysis
Adding Pointer Checks
Starting Bounded Model Checking
size of program expression: 98 assignments
Generated 16 VCC(s), 16 remaining after simplification
Encoding remaining VCC(s) using integer/real arithmetic
Solving with SMT Solver Z3 v2.11
Runtime decision procedure: 0.005s
Building error trace

Counterexample:

Violated property:
  file main.c line 30 function st_compact
  same object violation
  SAME-OBJECT(st1->z, NULL)

VERIFICATION FAILED
EXIT=0
SIGNAL=0
