file main.c: Parsing
Converting
Type-checking main
Generating GOTO Program
Pointer Analysis
Adding Pointer Checks
Starting Bounded Model Checking
Unwinding loop 0 iteration 1 file main.c line 5 function main
Unwinding loop 0 iteration 2 file main.c line 5 function main
Unwinding loop 0 iteration 3 file main.c line 5 function main
Unwinding loop 0 iteration 4 file main.c line 5 function main
Unwinding loop 0 iteration 5 file main.c line 5 function main
Unwinding loop 0 iteration 6 file main.c line 5 function main
Unwinding loop 0 iteration 7 file main.c line 5 function main
Unwinding loop 0 iteration 8 file main.c line 5 function main
Unwinding loop 0 iteration 9 file main.c line 5 function main
Unwinding loop 0 iteration 10 file main.c line 5 function main
Unwinding loop 0 iteration 11 file main.c line 5 function main
Unwinding loop 0 iteration 12 file main.c line 5 function main
Unwinding loop 0 iteration 13 file main.c line 5 function main
Unwinding loop 0 iteration 14 file main.c line 5 function main
Unwinding loop 0 iteration 15 file main.c line 5 function main
Unwinding loop 0 iteration 16 file main.c line 5 function main
Unwinding loop 0 iteration 17 file main.c line 5 function main
Unwinding loop 0 iteration 18 file main.c line 5 function main
Unwinding loop 0 iteration 19 file main.c line 5 function main
Unwinding loop 0 iteration 20 file main.c line 5 function main
Unwinding loop 0 iteration 21 file main.c line 5 function main
Unwinding loop 0 iteration 22 file main.c line 5 function main
Unwinding loop 0 iteration 23 file main.c line 5 function main
Unwinding loop 0 iteration 24 file main.c line 5 function main
Unwinding loop 0 iteration 25 file main.c line 5 function main
Unwinding loop 0 iteration 26 file main.c line 5 function main
Unwinding loop 0 iteration 27 file main.c line 5 function main
Unwinding loop 0 iteration 28 file main.c line 5 function main
Unwinding loop 0 iteration 29 file main.c line 5 function main
Unwinding loop 0 iteration 30 file main.c line 5 function main
Unwinding loop 0 iteration 31 file main.c line 5 function main
Unwinding loop 0 iteration 32 file main.c line 5 function main
Unwinding loop 0 iteration 33 file main.c line 5 function main
Unwinding loop 0 iteration 34 file main.c line 5 function main
Unwinding loop 0 iteration 35 file main.c line 5 function main
Unwinding loop 0 iteration 36 file main.c line 5 function main
Unwinding loop 0 iteration 37 file main.c line 5 function main
Unwinding loop 0 iteration 38 file main.c line 5 function main
Unwinding loop 0 iteration 39 file main.c line 5 function main
Unwinding loop 0 iteration 40 file main.c line 5 function main
Unwinding loop 0 iteration 41 file main.c line 5 function main
Unwinding loop 0 iteration 42 file main.c line 5 function main
Unwinding loop 0 iteration 43 file main.c line 5 function main
Unwinding loop 0 iteration 44 file main.c line 5 function main
Unwinding loop 0 iteration 45 file main.c line 5 function main
Unwinding loop 0 iteration 46 file main.c line 5 function main
Unwinding loop 0 iteration 47 file main.c line 5 function main
Unwinding loop 0 iteration 48 file main.c line 5 function main
Unwinding loop 0 iteration 49 file main.c line 5 function main
Unwinding loop 0 iteration 50 file main.c line 5 function main
Unwinding loop 0 iteration 51 file main.c line 5 function main
Unwinding loop 0 iteration 52 file main.c line 5 function main
Unwinding loop 0 iteration 53 file main.c line 5 function main
Unwinding loop 0 iteration 54 file main.c line 5 function main
Unwinding loop 0 iteration 55 file main.c line 5 function main
Unwinding loop 0 iteration 56 file main.c line 5 function main
Unwinding loop 0 iteration 57 file main.c line 5 function main
Unwinding loop 0 iteration 58 file main.c line 5 function main
Unwinding loop 0 iteration 59 file main.c line 5 function main
Unwinding loop 0 iteration 60 file main.c line 5 function main
Unwinding loop 0 iteration 61 file main.c line 5 function main
Unwinding loop 0 iteration 62 file main.c line 5 function main
Unwinding loop 0 iteration 63 file main.c line 5 function main
Unwinding loop 0 iteration 64 file main.c line 5 function main
Unwinding loop 0 iteration 65 file main.c line 5 function main
Unwinding loop 0 iteration 66 file main.c line 5 function main
Unwinding loop 0 iteration 67 file main.c line 5 function main
Unwinding loop 0 iteration 68 file main.c line 5 function main
Unwinding loop 0 iteration 69 file main.c line 5 function main
Unwinding loop 0 iteration 70 file main.c line 5 function main
Unwinding loop 0 iteration 71 file main.c line 5 function main
Unwinding loop 0 iteration 72 file main.c line 5 function main
Unwinding loop 0 iteration 73 file main.c line 5 function main
Unwinding loop 0 iteration 74 file main.c line 5 function main
Unwinding loop 0 iteration 75 file main.c line 5 function main
Unwinding loop 0 iteration 76 file main.c line 5 function main
Unwinding loop 0 iteration 77 file main.c line 5 function main
Unwinding loop 0 iteration 78 file main.c line 5 function main
Unwinding loop 0 iteration 79 file main.c line 5 function main
Unwinding loop 0 iteration 80 file main.c line 5 function main
Unwinding loop 0 iteration 81 file main.c line 5 function main
Unwinding loop 0 iteration 82 file main.c line 5 function main
Unwinding loop 0 iteration 83 file main.c line 5 function main
Unwinding loop 0 iteration 84 file main.c line 5 function main
Unwinding loop 0 iteration 85 file main.c line 5 function main
Unwinding loop 0 iteration 86 file main.c line 5 function main
Unwinding loop 0 iteration 87 file main.c line 5 function main
Unwinding loop 0 iteration 88 file main.c line 5 function main
Unwinding loop 0 iteration 89 file main.c line 5 function main
Unwinding loop 0 iteration 90 file main.c line 5 function main
Unwinding loop 0 iteration 91 file main.c line 5 function main
Unwinding loop 0 iteration 92 file main.c line 5 function main
Unwinding loop 0 iteration 93 file main.c line 5 function main
Unwinding loop 0 iteration 94 file main.c line 5 function main
Unwinding loop 0 iteration 95 file main.c line 5 function main
Unwinding loop 0 iteration 96 file main.c line 5 function main
Unwinding loop 0 iteration 97 file main.c line 5 function main
Unwinding loop 0 iteration 98 file main.c line 5 function main
Unwinding loop 0 iteration 99 file main.c line 5 function main
size of program expression: 308 assignments
Generated 1 VCC(s), 0 remaining after simplification
VERIFICATION SUCCESSFUL
EXIT=0
SIGNAL=0
