file main.c: Parsing
Converting
Type-checking main
Generating GOTO Program
Pointer Analysis
Adding Pointer Checks
Starting Bounded Model Checking
**** WARNING: no body for function c::_ZNSaIcEC1Ev
**** WARNING: no body for function c::_ZNSsC1EPKcRKSaIcE
**** WARNING: no body for function c::_ZNSaIcED1Ev
**** WARNING: no body for function c::_ZNSsC1Ev
**** WARNING: no body for function c::_ZStlsISt11char_traitsIcEERSt13basic_ostreamIcT_ES5_PKc
**** WARNING: no body for function c::_ZStlsIcSt11char_traitsIcESaIcEERSt13basic_ostreamIT_T0_ES7_RKSbIS4_S5_T1_E
**** WARNING: no body for function c::_ZStlsISt11char_traitsIcEERSt13basic_ostreamIcT_ES5_c
**** WARNING: no body for function c::_ZNKSs4sizeEv
**** WARNING: no body for function c::_ZNKSs4dataEv
Unwinding loop 0 iteration 1 file library/string.c line 268 function memcmp
Unwinding loop 0 iteration 2 file library/string.c line 268 function memcmp
Unwinding loop 0 iteration 3 file library/string.c line 268 function memcmp
Unwinding loop 0 iteration 1 file library/string.c line 268 function memcmp
Unwinding loop 0 iteration 2 file library/string.c line 268 function memcmp
Unwinding loop 0 iteration 3 file library/string.c line 268 function memcmp
**** WARNING: no body for function c::_ZNKSs7compareERKSs
**** WARNING: no body for function c::_ZNKSs5emptyEv
**** WARNING: no body for function c::_ZNSsaSERKSs
**** WARNING: no body for function c::_ZNSspLERKSs
**** WARNING: no body for function c::_ZNSspLEPKc
**** WARNING: no body for function c::_ZNKSs6substrEjj
**** WARNING: no body for function c::_ZNSsD1Ev
**** WARNING: no body for function c::_Znwj
**** WARNING: no body for function c::_ZNSsC1ERKSs
**** WARNING: no body for function c::_ZdlPv
**** WARNING: no body for function c::_ZNSsixEj
**** WARNING: no body for function c::_ZNSolsEPFRSoS_E
**** WARNING: no body for function c::_ZNSs2atEj
size of program expression: 590 assignments
Generated 5 VCC(s), 5 remaining after simplification
Encoding remaining VCC(s) using bit-vector arithmetic
Solving with SMT Solver Z3 v3.2
Runtime decision procedure: 0.043s
Building error trace

Counterexample:

State 35 file main.c line 714 function _ZNSt11char_traitsIcE7compareEPKcS2_j thread 0
----------------------------------------------------
  main::_ZNSt11char_traitsIcE7compareEPKcS2_j::1::llvm_cbe_tmp__127=llvm_cbe___s1@1!0&0#1

State 36 file main.c line 715 function _ZNSt11char_traitsIcE7compareEPKcS2_j thread 0
----------------------------------------------------
  main::_ZNSt11char_traitsIcE7compareEPKcS2_j::1::llvm_cbe_tmp__128=llvm_cbe___s2@1!0&0#1

State 37 file main.c line 716 function _ZNSt11char_traitsIcE7compareEPKcS2_j thread 0
----------------------------------------------------
  main::_ZNSt11char_traitsIcE7compareEPKcS2_j::1::llvm_cbe_tmp__129=2 (00000000000000000000000000000010)

State 38 file main.c line 717 function _ZNSt11char_traitsIcE7compareEPKcS2_j thread 0
----------------------------------------------------
  main::_ZNSt11char_traitsIcE7compareEPKcS2_j::1::llvm_cbe_tmp__130=llvm_cbe_tmp__127@1!0&0#1

State 39 file main.c line 718 function _ZNSt11char_traitsIcE7compareEPKcS2_j thread 0
----------------------------------------------------
  main::_ZNSt11char_traitsIcE7compareEPKcS2_j::1::llvm_cbe_tmp__131=llvm_cbe_tmp__128@1!0&0#1

State 40 file main.c line 719 function _ZNSt11char_traitsIcE7compareEPKcS2_j thread 0
----------------------------------------------------
  main::_ZNSt11char_traitsIcE7compareEPKcS2_j::1::llvm_cbe_tmp__132=2 (00000000000000000000000000000010)

State 46  thread 0
----------------------------------------------------
  c::memcmp::$tmp::tmp$2=s1@1!0&0#1

State 47 file library/string.c line 270 function memcmp thread 0
----------------------------------------------------
  string::memcmp::s1=(assignment removed)

State 48  thread 0
----------------------------------------------------
  c::memcmp::$tmp::tmp$3=s2@1!0&0#1

State 49 file library/string.c line 270 function memcmp thread 0
----------------------------------------------------
  string::memcmp::s2=(assignment removed)

State 50 file library/string.c line 270 function memcmp thread 0
----------------------------------------------------
  string::memcmp::1::res=0 (00000000000000000000000000000000)

State 52 file library/string.c line 268 function memcmp thread 0
----------------------------------------------------
  string::memcmp::n=2147483649 (10000000000000000000000000000001)

State 55  thread 0
----------------------------------------------------
  c::memcmp::$tmp::tmp$2=s1@1!0&0#2

State 56 file library/string.c line 270 function memcmp thread 0
----------------------------------------------------
  string::memcmp::s1=(assignment removed)

State 57  thread 0
----------------------------------------------------
  c::memcmp::$tmp::tmp$3=s2@1!0&0#2

State 58 file library/string.c line 270 function memcmp thread 0
----------------------------------------------------
  string::memcmp::s2=(assignment removed)

State 59 file library/string.c line 270 function memcmp thread 0
----------------------------------------------------
  string::memcmp::1::res=0 (00000000000000000000000000000000)

State 61 file library/string.c line 268 function memcmp thread 0
----------------------------------------------------
  string::memcmp::n=0 (00000000000000000000000000000000)

State 87 file main.c line 714 function _ZNSt11char_traitsIcE7compareEPKcS2_j thread 0
----------------------------------------------------
  main::_ZNSt11char_traitsIcE7compareEPKcS2_j::1::llvm_cbe_tmp__127=llvm_cbe___s1@2!0&0#1

State 88 file main.c line 715 function _ZNSt11char_traitsIcE7compareEPKcS2_j thread 0
----------------------------------------------------
  main::_ZNSt11char_traitsIcE7compareEPKcS2_j::1::llvm_cbe_tmp__128=llvm_cbe___s2@2!0&0#1

State 89 file main.c line 716 function _ZNSt11char_traitsIcE7compareEPKcS2_j thread 0
----------------------------------------------------
  main::_ZNSt11char_traitsIcE7compareEPKcS2_j::1::llvm_cbe_tmp__129=2 (00000000000000000000000000000010)

State 90 file main.c line 717 function _ZNSt11char_traitsIcE7compareEPKcS2_j thread 0
----------------------------------------------------
  main::_ZNSt11char_traitsIcE7compareEPKcS2_j::1::llvm_cbe_tmp__130=llvm_cbe_tmp__127@2!0&0#1

State 91 file main.c line 718 function _ZNSt11char_traitsIcE7compareEPKcS2_j thread 0
----------------------------------------------------
  main::_ZNSt11char_traitsIcE7compareEPKcS2_j::1::llvm_cbe_tmp__131=llvm_cbe_tmp__128@2!0&0#1

State 92 file main.c line 719 function _ZNSt11char_traitsIcE7compareEPKcS2_j thread 0
----------------------------------------------------
  main::_ZNSt11char_traitsIcE7compareEPKcS2_j::1::llvm_cbe_tmp__132=2 (00000000000000000000000000000010)

State 98  thread 0
----------------------------------------------------
  c::memcmp::$tmp::tmp$2=s1@2!0&0#1

State 99 file library/string.c line 270 function memcmp thread 0
----------------------------------------------------
  string::memcmp::s1=(assignment removed)

State 100  thread 0
----------------------------------------------------
  c::memcmp::$tmp::tmp$3=s2@2!0&0#1

State 101 file library/string.c line 270 function memcmp thread 0
----------------------------------------------------
  string::memcmp::s2=(assignment removed)

State 102 file library/string.c line 270 function memcmp thread 0
----------------------------------------------------
  string::memcmp::1::res=0 (00000000000000000000000000000000)

State 104 file library/string.c line 268 function memcmp thread 0
----------------------------------------------------
  string::memcmp::n=2147483649 (10000000000000000000000000000001)

State 107  thread 0
----------------------------------------------------
  c::memcmp::$tmp::tmp$2=s1@2!0&0#2

State 108 file library/string.c line 270 function memcmp thread 0
----------------------------------------------------
  string::memcmp::s1=(assignment removed)

State 109  thread 0
----------------------------------------------------
  c::memcmp::$tmp::tmp$3=s2@2!0&0#2

State 110 file library/string.c line 270 function memcmp thread 0
----------------------------------------------------
  string::memcmp::s2=(assignment removed)

State 111 file library/string.c line 270 function memcmp thread 0
----------------------------------------------------
  string::memcmp::1::res=0 (00000000000000000000000000000000)

State 113 file library/string.c line 268 function memcmp thread 0
----------------------------------------------------
  string::memcmp::n=0 (00000000000000000000000000000000)

State 144 file main.c line 498 function main thread 0
----------------------------------------------------
  main::main::1::llvm_cbe_tmp__37=1 (00000001)

State 174 file main.c line 535 function main thread 0
----------------------------------------------------
  main::main::1::llvm_cbe_tmp__60=(assignment removed)

State 176 file main.c line 537 function main thread 0
----------------------------------------------------
  main::main::1::llvm_cbe_s4Ptr=llvm_cbe_tmp__60@1!0&0#1

State 185 file main.c line 550 function main thread 0
----------------------------------------------------
  main::main::1::llvm_cbe_tmp__73=llvm_cbe_s4Ptr@1!0&0#1

Violated property:
  file main.c line 564 function main
  dereference failure: invalid pointer
  !(INVALID-POINTER(llvm_cbe_tmp__74))

VERIFICATION FAILED
EXIT=0
SIGNAL=0
