file main.c: Parsing
Converting
Type-checking main
Generating GOTO Program
Function Pointer Removal
Pointer Analysis
Adding Pointer Checks
Starting Bounded Model Checking
size of program expression: 22 assignments
Generated 2 VCC(s), 2 remaining after simplification
Encoding remaining VCC(s) using bit-vector arithmetic
Solving with SMT Solver Z3 v2.11
Runtime decision procedure: 0.002s
Building error trace

Counterexample:

State 2 file main.c line 18 function main thread 0
----------------------------------------------------
  main::main::1::p=(assignment removed)

State 6 file main.c line 5 function f thread 0
----------------------------------------------------
  global=1 (00000000000000000000000000000001)

Violated property:
  file main.c line 22 function main
  assertion
  global != (int)c

VERIFICATION FAILED
EXIT=0
SIGNAL=0
