file main.c: Parsing
Converting
Type-checking main
Generating GOTO Program
Function Pointer Removal
Pointer Analysis
Adding Pointer Checks
Starting Bounded Model Checking
size of program expression: 21 assignments
Generated 4 VCC(s), 2 remaining after simplification
Encoding remaining VCC(s) using integer/real arithmetic
Solving with SMT Solver Z3 v2.11
Runtime decision procedure: 0.001s
Building error trace

Counterexample:

Violated property:
  file main.c line 17 function func2
  assertion
  FALSE

VERIFICATION FAILED
EXIT=0
SIGNAL=0
