file main.c: Parsing
Converting
Type-checking main
Generating GOTO Program
Pointer Analysis
Adding Pointer Checks
Starting Bounded Model Checking
Unwinding loop 0 iteration 1 file main.c line 7 function main
Unwinding loop 0 iteration 2 file main.c line 7 function main
Unwinding loop 0 iteration 3 file main.c line 7 function main
Unwinding loop 0 iteration 4 file main.c line 7 function main
Unwinding loop 0 iteration 5 file main.c line 7 function main
Unwinding loop 0 iteration 6 file main.c line 7 function main
Unwinding loop 0 iteration 7 file main.c line 7 function main
Unwinding loop 0 iteration 8 file main.c line 7 function main
size of program expression: 77 assignments
Generated 1 VCC(s), 1 remaining after simplification
Encoding remaining VCC(s) using bit-vector arithmetic
Solving with SMT solver Boolector v1.4
Runtime decision procedure: 8.317s
VERIFICATION SUCCESSFUL
EXIT=0
SIGNAL=0
