file main.c: Parsing
Converting
Type-checking main
Generating GOTO Program
Pointer Analysis
Adding Pointer Checks
Starting Bounded Model Checking
Unwinding loop 0 iteration 1 file main.c line 66 function matmul
Unwinding loop 0 iteration 2 file main.c line 66 function matmul
Unwinding loop 0 iteration 3 file main.c line 66 function matmul
Unwinding loop 0 iteration 4 file main.c line 66 function matmul
Unwinding loop 0 iteration 5 file main.c line 66 function matmul
Unwinding loop 1 iteration 1 file main.c line 65 function matmul
Unwinding loop 0 iteration 1 file main.c line 66 function matmul
Unwinding loop 0 iteration 2 file main.c line 66 function matmul
Unwinding loop 0 iteration 3 file main.c line 66 function matmul
Unwinding loop 0 iteration 4 file main.c line 66 function matmul
Unwinding loop 0 iteration 5 file main.c line 66 function matmul
Unwinding loop 1 iteration 2 file main.c line 65 function matmul
Unwinding loop 0 iteration 1 file main.c line 66 function matmul
Unwinding loop 0 iteration 2 file main.c line 66 function matmul
Unwinding loop 0 iteration 3 file main.c line 66 function matmul
Unwinding loop 0 iteration 4 file main.c line 66 function matmul
Unwinding loop 0 iteration 5 file main.c line 66 function matmul
Unwinding loop 1 iteration 3 file main.c line 65 function matmul
Unwinding loop 0 iteration 1 file main.c line 66 function matmul
Unwinding loop 0 iteration 2 file main.c line 66 function matmul
Unwinding loop 0 iteration 3 file main.c line 66 function matmul
Unwinding loop 0 iteration 4 file main.c line 66 function matmul
Unwinding loop 0 iteration 5 file main.c line 66 function matmul
Unwinding loop 1 iteration 4 file main.c line 65 function matmul
Unwinding loop 0 iteration 1 file main.c line 66 function matmul
Unwinding loop 0 iteration 2 file main.c line 66 function matmul
Unwinding loop 0 iteration 3 file main.c line 66 function matmul
Unwinding loop 0 iteration 4 file main.c line 66 function matmul
Unwinding loop 0 iteration 5 file main.c line 66 function matmul
Unwinding loop 1 iteration 5 file main.c line 65 function matmul
Unwinding loop 2 iteration 1 file main.c line 71 function matmul
Unwinding loop 2 iteration 2 file main.c line 71 function matmul
Unwinding loop 2 iteration 3 file main.c line 71 function matmul
Unwinding loop 2 iteration 4 file main.c line 71 function matmul
Unwinding loop 2 iteration 5 file main.c line 71 function matmul
Unwinding loop 3 iteration 1 file main.c line 70 function matmul
Unwinding loop 2 iteration 1 file main.c line 71 function matmul
Unwinding loop 2 iteration 2 file main.c line 71 function matmul
Unwinding loop 2 iteration 3 file main.c line 71 function matmul
Unwinding loop 2 iteration 4 file main.c line 71 function matmul
Unwinding loop 2 iteration 5 file main.c line 71 function matmul
Unwinding loop 3 iteration 2 file main.c line 70 function matmul
Unwinding loop 2 iteration 1 file main.c line 71 function matmul
Unwinding loop 2 iteration 2 file main.c line 71 function matmul
Unwinding loop 2 iteration 3 file main.c line 71 function matmul
Unwinding loop 2 iteration 4 file main.c line 71 function matmul
Unwinding loop 2 iteration 5 file main.c line 71 function matmul
Unwinding loop 3 iteration 3 file main.c line 70 function matmul
Unwinding loop 2 iteration 1 file main.c line 71 function matmul
Unwinding loop 2 iteration 2 file main.c line 71 function matmul
Unwinding loop 2 iteration 3 file main.c line 71 function matmul
Unwinding loop 2 iteration 4 file main.c line 71 function matmul
Unwinding loop 2 iteration 5 file main.c line 71 function matmul
Unwinding loop 3 iteration 4 file main.c line 70 function matmul
Unwinding loop 2 iteration 1 file main.c line 71 function matmul
Unwinding loop 2 iteration 2 file main.c line 71 function matmul
Unwinding loop 2 iteration 3 file main.c line 71 function matmul
Unwinding loop 2 iteration 4 file main.c line 71 function matmul
Unwinding loop 2 iteration 5 file main.c line 71 function matmul
Unwinding loop 3 iteration 5 file main.c line 70 function matmul
Unwinding loop 4 iteration 1 file main.c line 69 function matmul
Unwinding loop 2 iteration 1 file main.c line 71 function matmul
Unwinding loop 2 iteration 2 file main.c line 71 function matmul
Unwinding loop 2 iteration 3 file main.c line 71 function matmul
Unwinding loop 2 iteration 4 file main.c line 71 function matmul
Unwinding loop 2 iteration 5 file main.c line 71 function matmul
Unwinding loop 3 iteration 1 file main.c line 70 function matmul
Unwinding loop 2 iteration 1 file main.c line 71 function matmul
Unwinding loop 2 iteration 2 file main.c line 71 function matmul
Unwinding loop 2 iteration 3 file main.c line 71 function matmul
Unwinding loop 2 iteration 4 file main.c line 71 function matmul
Unwinding loop 2 iteration 5 file main.c line 71 function matmul
Unwinding loop 3 iteration 2 file main.c line 70 function matmul
Unwinding loop 2 iteration 1 file main.c line 71 function matmul
Unwinding loop 2 iteration 2 file main.c line 71 function matmul
Unwinding loop 2 iteration 3 file main.c line 71 function matmul
Unwinding loop 2 iteration 4 file main.c line 71 function matmul
Unwinding loop 2 iteration 5 file main.c line 71 function matmul
Unwinding loop 3 iteration 3 file main.c line 70 function matmul
Unwinding loop 2 iteration 1 file main.c line 71 function matmul
Unwinding loop 2 iteration 2 file main.c line 71 function matmul
Unwinding loop 2 iteration 3 file main.c line 71 function matmul
Unwinding loop 2 iteration 4 file main.c line 71 function matmul
Unwinding loop 2 iteration 5 file main.c line 71 function matmul
Unwinding loop 3 iteration 4 file main.c line 70 function matmul
Unwinding loop 2 iteration 1 file main.c line 71 function matmul
Unwinding loop 2 iteration 2 file main.c line 71 function matmul
Unwinding loop 2 iteration 3 file main.c line 71 function matmul
Unwinding loop 2 iteration 4 file main.c line 71 function matmul
Unwinding loop 2 iteration 5 file main.c line 71 function matmul
Unwinding loop 3 iteration 5 file main.c line 70 function matmul
Unwinding loop 4 iteration 2 file main.c line 69 function matmul
Unwinding loop 2 iteration 1 file main.c line 71 function matmul
Unwinding loop 2 iteration 2 file main.c line 71 function matmul
Unwinding loop 2 iteration 3 file main.c line 71 function matmul
Unwinding loop 2 iteration 4 file main.c line 71 function matmul
Unwinding loop 2 iteration 5 file main.c line 71 function matmul
Unwinding loop 3 iteration 1 file main.c line 70 function matmul
Unwinding loop 2 iteration 1 file main.c line 71 function matmul
Unwinding loop 2 iteration 2 file main.c line 71 function matmul
Unwinding loop 2 iteration 3 file main.c line 71 function matmul
Unwinding loop 2 iteration 4 file main.c line 71 function matmul
Unwinding loop 2 iteration 5 file main.c line 71 function matmul
Unwinding loop 3 iteration 2 file main.c line 70 function matmul
Unwinding loop 2 iteration 1 file main.c line 71 function matmul
Unwinding loop 2 iteration 2 file main.c line 71 function matmul
Unwinding loop 2 iteration 3 file main.c line 71 function matmul
Unwinding loop 2 iteration 4 file main.c line 71 function matmul
Unwinding loop 2 iteration 5 file main.c line 71 function matmul
Unwinding loop 3 iteration 3 file main.c line 70 function matmul
Unwinding loop 2 iteration 1 file main.c line 71 function matmul
Unwinding loop 2 iteration 2 file main.c line 71 function matmul
Unwinding loop 2 iteration 3 file main.c line 71 function matmul
Unwinding loop 2 iteration 4 file main.c line 71 function matmul
Unwinding loop 2 iteration 5 file main.c line 71 function matmul
Unwinding loop 3 iteration 4 file main.c line 70 function matmul
Unwinding loop 2 iteration 1 file main.c line 71 function matmul
Unwinding loop 2 iteration 2 file main.c line 71 function matmul
Unwinding loop 2 iteration 3 file main.c line 71 function matmul
Unwinding loop 2 iteration 4 file main.c line 71 function matmul
Unwinding loop 2 iteration 5 file main.c line 71 function matmul
Unwinding loop 3 iteration 5 file main.c line 70 function matmul
Unwinding loop 4 iteration 3 file main.c line 69 function matmul
Unwinding loop 2 iteration 1 file main.c line 71 function matmul
Unwinding loop 2 iteration 2 file main.c line 71 function matmul
Unwinding loop 2 iteration 3 file main.c line 71 function matmul
Unwinding loop 2 iteration 4 file main.c line 71 function matmul
Unwinding loop 2 iteration 5 file main.c line 71 function matmul
Unwinding loop 3 iteration 1 file main.c line 70 function matmul
Unwinding loop 2 iteration 1 file main.c line 71 function matmul
Unwinding loop 2 iteration 2 file main.c line 71 function matmul
Unwinding loop 2 iteration 3 file main.c line 71 function matmul
Unwinding loop 2 iteration 4 file main.c line 71 function matmul
Unwinding loop 2 iteration 5 file main.c line 71 function matmul
Unwinding loop 3 iteration 2 file main.c line 70 function matmul
Unwinding loop 2 iteration 1 file main.c line 71 function matmul
Unwinding loop 2 iteration 2 file main.c line 71 function matmul
Unwinding loop 2 iteration 3 file main.c line 71 function matmul
Unwinding loop 2 iteration 4 file main.c line 71 function matmul
Unwinding loop 2 iteration 5 file main.c line 71 function matmul
Unwinding loop 3 iteration 3 file main.c line 70 function matmul
Unwinding loop 2 iteration 1 file main.c line 71 function matmul
Unwinding loop 2 iteration 2 file main.c line 71 function matmul
Unwinding loop 2 iteration 3 file main.c line 71 function matmul
Unwinding loop 2 iteration 4 file main.c line 71 function matmul
Unwinding loop 2 iteration 5 file main.c line 71 function matmul
Unwinding loop 3 iteration 4 file main.c line 70 function matmul
Unwinding loop 2 iteration 1 file main.c line 71 function matmul
Unwinding loop 2 iteration 2 file main.c line 71 function matmul
Unwinding loop 2 iteration 3 file main.c line 71 function matmul
Unwinding loop 2 iteration 4 file main.c line 71 function matmul
Unwinding loop 2 iteration 5 file main.c line 71 function matmul
Unwinding loop 3 iteration 5 file main.c line 70 function matmul
Unwinding loop 4 iteration 4 file main.c line 69 function matmul
Unwinding loop 2 iteration 1 file main.c line 71 function matmul
Unwinding loop 2 iteration 2 file main.c line 71 function matmul
Unwinding loop 2 iteration 3 file main.c line 71 function matmul
Unwinding loop 2 iteration 4 file main.c line 71 function matmul
Unwinding loop 2 iteration 5 file main.c line 71 function matmul
Unwinding loop 3 iteration 1 file main.c line 70 function matmul
Unwinding loop 2 iteration 1 file main.c line 71 function matmul
Unwinding loop 2 iteration 2 file main.c line 71 function matmul
Unwinding loop 2 iteration 3 file main.c line 71 function matmul
Unwinding loop 2 iteration 4 file main.c line 71 function matmul
Unwinding loop 2 iteration 5 file main.c line 71 function matmul
Unwinding loop 3 iteration 2 file main.c line 70 function matmul
Unwinding loop 2 iteration 1 file main.c line 71 function matmul
Unwinding loop 2 iteration 2 file main.c line 71 function matmul
Unwinding loop 2 iteration 3 file main.c line 71 function matmul
Unwinding loop 2 iteration 4 file main.c line 71 function matmul
Unwinding loop 2 iteration 5 file main.c line 71 function matmul
Unwinding loop 3 iteration 3 file main.c line 70 function matmul
Unwinding loop 2 iteration 1 file main.c line 71 function matmul
Unwinding loop 2 iteration 2 file main.c line 71 function matmul
Unwinding loop 2 iteration 3 file main.c line 71 function matmul
Unwinding loop 2 iteration 4 file main.c line 71 function matmul
Unwinding loop 2 iteration 5 file main.c line 71 function matmul
Unwinding loop 3 iteration 4 file main.c line 70 function matmul
Unwinding loop 2 iteration 1 file main.c line 71 function matmul
Unwinding loop 2 iteration 2 file main.c line 71 function matmul
Unwinding loop 2 iteration 3 file main.c line 71 function matmul
Unwinding loop 2 iteration 4 file main.c line 71 function matmul
Unwinding loop 2 iteration 5 file main.c line 71 function matmul
Unwinding loop 3 iteration 5 file main.c line 70 function matmul
Unwinding loop 4 iteration 5 file main.c line 69 function matmul
size of program expression: 1467 assignments
Generated 3035 VCC(s), 435 remaining after simplification
Encoding remaining VCC(s) using integer/real arithmetic
Solving with SMT Solver Z3 v2.11
Runtime decision procedure: 0.052s
VERIFICATION SUCCESSFUL
EXIT=0
SIGNAL=0
