file main.c: Parsing
Converting
Type-checking main
Generating GOTO Program
Pointer Analysis
Adding Pointer Checks
Starting Bounded Model Checking
Unwinding loop 0 iteration 1 file main.c line 13 function main
Unwinding loop 0 iteration 2 file main.c line 13 function main
Unwinding loop 0 iteration 3 file main.c line 13 function main
Unwinding loop 0 iteration 4 file main.c line 13 function main
Unwinding loop 0 iteration 5 file main.c line 13 function main
Unwinding loop 0 iteration 6 file main.c line 13 function main
Unwinding loop 0 iteration 7 file main.c line 13 function main
Unwinding loop 0 iteration 8 file main.c line 13 function main
Unwinding loop 0 iteration 9 file main.c line 13 function main
Unwinding loop 0 iteration 10 file main.c line 13 function main
size of program expression: 121 assignments
Generated 0 VCC(s), 0 remaining after simplification
VERIFICATION SUCCESSFUL
EXIT=0
SIGNAL=0
