file main.c: Parsing
Converting
Type-checking main
Generating GOTO Program
Pointer Analysis
Adding Pointer Checks
Starting Bounded Model Checking
Unwinding loop 0 iteration 1 file main.c line 10 function f0
Unwinding loop 0 iteration 2 file main.c line 10 function f0
Unwinding loop 1 iteration 1 file main.c line 22 function f1
Unwinding loop 1 iteration 2 file main.c line 22 function f1
Unwinding loop 0 iteration 1 file main.c line 10 function f0
Unwinding loop 0 iteration 2 file main.c line 10 function f0
Unwinding loop 1 iteration 1 file main.c line 22 function f1
Unwinding loop 1 iteration 2 file main.c line 22 function f1
Unwinding loop 2 iteration 1 file main.c line 53 function f0_wh
Unwinding loop 2 iteration 2 file main.c line 53 function f0_wh
Unwinding loop 3 iteration 1 file main.c line 62 function f1_wh
Unwinding loop 3 iteration 2 file main.c line 62 function f1_wh
size of program expression: 260 assignments
Generated 14 VCC(s), 14 remaining after simplification
Encoding remaining VCC(s) using integer/real arithmetic
Solving with SMT Solver Z3 v2.11
Runtime decision procedure: 0.022s
VERIFICATION SUCCESSFUL
EXIT=0
SIGNAL=0
