file main.c: Parsing
Converting
Type-checking main
Generating GOTO Program
Pointer Analysis
Adding Pointer Checks
Starting Bounded Model Checking
size of program expression: 10 assignments
Generated 2 VCC(s), 1 remaining after simplification
Encoding remaining VCC(s) using integer/real arithmetic
Solving with SMT Solver Z3 v2.11
Runtime decision procedure: 0s
Building error trace

Counterexample:

Violated property:
  file main.c line 10 function main
  dereference failure: `string' lower bound
  !(POINTER_OFFSET(p) + input < 0) || !(SAME-OBJECT(p, &"abc"[0]))

VERIFICATION FAILED
EXIT=0
SIGNAL=0
