file main.c: Parsing
Converting
Type-checking main
Generating GOTO Program
Pointer Analysis
Adding Pointer Checks
Starting Bounded Model Checking
Unwinding loop 10 iteration 1 file main.c line 15 function main
Unwinding loop 10 iteration 2 file main.c line 15 function main
Unwinding loop 10 iteration 3 file main.c line 15 function main
Unwinding loop 10 iteration 4 file main.c line 15 function main
Unwinding loop 10 iteration 5 file main.c line 15 function main
Unwinding loop 10 iteration 6 file main.c line 15 function main
Unwinding loop 10 iteration 7 file main.c line 15 function main
Unwinding loop 10 iteration 8 file main.c line 15 function main
Unwinding loop 10 iteration 9 file main.c line 15 function main
Unwinding loop 10 iteration 10 file main.c line 15 function main
Unwinding loop 10 iteration 11 file main.c line 15 function main
Unwinding loop 10 iteration 12 file main.c line 15 function main
Unwinding loop 10 iteration 13 file main.c line 15 function main
Unwinding loop 10 iteration 14 file main.c line 15 function main
Unwinding loop 10 iteration 15 file main.c line 15 function main
Unwinding loop 10 iteration 16 file main.c line 15 function main
Unwinding loop 10 iteration 17 file main.c line 15 function main
Unwinding loop 10 iteration 18 file main.c line 15 function main
Unwinding loop 10 iteration 19 file main.c line 15 function main
Unwinding loop 10 iteration 20 file main.c line 15 function main
Unwinding loop 10 iteration 21 file main.c line 15 function main
Unwinding loop 10 iteration 22 file main.c line 15 function main
Unwinding loop 10 iteration 23 file main.c line 15 function main
Unwinding loop 10 iteration 24 file main.c line 15 function main
Unwinding loop 10 iteration 25 file main.c line 15 function main
Unwinding loop 10 iteration 26 file main.c line 15 function main
Unwinding loop 10 iteration 27 file main.c line 15 function main
Unwinding loop 10 iteration 28 file main.c line 15 function main
Unwinding loop 10 iteration 29 file main.c line 15 function main
Unwinding loop 10 iteration 30 file main.c line 15 function main
Unwinding loop 10 iteration 31 file main.c line 15 function main
Unwinding loop 10 iteration 32 file main.c line 15 function main
Unwinding loop 10 iteration 33 file main.c line 15 function main
Unwinding loop 10 iteration 34 file main.c line 15 function main
Unwinding loop 10 iteration 35 file main.c line 15 function main
Unwinding loop 10 iteration 36 file main.c line 15 function main
Unwinding loop 10 iteration 37 file main.c line 15 function main
Unwinding loop 10 iteration 38 file main.c line 15 function main
Unwinding loop 10 iteration 39 file main.c line 15 function main
Unwinding loop 10 iteration 40 file main.c line 15 function main
Unwinding loop 10 iteration 41 file main.c line 15 function main
Unwinding loop 10 iteration 42 file main.c line 15 function main
Unwinding loop 10 iteration 43 file main.c line 15 function main
Unwinding loop 10 iteration 44 file main.c line 15 function main
Unwinding loop 10 iteration 45 file main.c line 15 function main
Unwinding loop 10 iteration 46 file main.c line 15 function main
Unwinding loop 10 iteration 47 file main.c line 15 function main
Unwinding loop 10 iteration 48 file main.c line 15 function main
Unwinding loop 10 iteration 49 file main.c line 15 function main
Unwinding loop 10 iteration 50 file main.c line 15 function main
Unwinding loop 10 iteration 51 file main.c line 15 function main
Unwinding loop 10 iteration 52 file main.c line 15 function main
Unwinding loop 10 iteration 53 file main.c line 15 function main
Unwinding loop 10 iteration 54 file main.c line 15 function main
Unwinding loop 10 iteration 55 file main.c line 15 function main
Unwinding loop 10 iteration 56 file main.c line 15 function main
Unwinding loop 10 iteration 57 file main.c line 15 function main
Unwinding loop 10 iteration 58 file main.c line 15 function main
Unwinding loop 10 iteration 59 file main.c line 15 function main
Unwinding loop 10 iteration 60 file main.c line 15 function main
Unwinding loop 10 iteration 61 file main.c line 15 function main
Unwinding loop 10 iteration 62 file main.c line 15 function main
Unwinding loop 10 iteration 63 file main.c line 15 function main
Unwinding loop 10 iteration 64 file main.c line 15 function main
Unwinding loop 10 iteration 65 file main.c line 15 function main
Unwinding loop 10 iteration 66 file main.c line 15 function main
Unwinding loop 10 iteration 67 file main.c line 15 function main
Unwinding loop 10 iteration 68 file main.c line 15 function main
Unwinding loop 10 iteration 69 file main.c line 15 function main
Unwinding loop 10 iteration 70 file main.c line 15 function main
Unwinding loop 10 iteration 71 file main.c line 15 function main
Unwinding loop 10 iteration 72 file main.c line 15 function main
Unwinding loop 10 iteration 73 file main.c line 15 function main
Unwinding loop 10 iteration 74 file main.c line 15 function main
Unwinding loop 10 iteration 75 file main.c line 15 function main
Unwinding loop 10 iteration 76 file main.c line 15 function main
Unwinding loop 10 iteration 77 file main.c line 15 function main
Unwinding loop 10 iteration 78 file main.c line 15 function main
Unwinding loop 10 iteration 79 file main.c line 15 function main
Unwinding loop 10 iteration 80 file main.c line 15 function main
Unwinding loop 10 iteration 81 file main.c line 15 function main
Unwinding loop 10 iteration 82 file main.c line 15 function main
Unwinding loop 10 iteration 83 file main.c line 15 function main
Unwinding loop 10 iteration 84 file main.c line 15 function main
Unwinding loop 10 iteration 85 file main.c line 15 function main
Unwinding loop 10 iteration 86 file main.c line 15 function main
Unwinding loop 10 iteration 87 file main.c line 15 function main
Unwinding loop 10 iteration 88 file main.c line 15 function main
Unwinding loop 10 iteration 89 file main.c line 15 function main
Unwinding loop 10 iteration 90 file main.c line 15 function main
Unwinding loop 10 iteration 91 file main.c line 15 function main
Unwinding loop 10 iteration 92 file main.c line 15 function main
Unwinding loop 10 iteration 93 file main.c line 15 function main
Unwinding loop 10 iteration 94 file main.c line 15 function main
Unwinding loop 10 iteration 95 file main.c line 15 function main
Unwinding loop 10 iteration 96 file main.c line 15 function main
Unwinding loop 10 iteration 97 file main.c line 15 function main
Unwinding loop 10 iteration 98 file main.c line 15 function main
Unwinding loop 10 iteration 99 file main.c line 15 function main
Unwinding loop 10 iteration 100 file main.c line 15 function main
Unwinding loop 10 iteration 101 file main.c line 15 function main
size of program expression: 548 assignments
Generated 203 VCC(s), 2 remaining after simplification
Encoding remaining VCC(s) using integer/real arithmetic
Solving with SMT Solver Z3 v2.11
Runtime decision procedure: 0.122s
Building error trace

Counterexample:

State 5 file main.c line 13 function main thread 0
----------------------------------------------------
  c::main::$tmp::return_value_fgets$1=NULL

Violated property:
  file <builtin-library> line 505 function strlen
  dereference failure: `array `buffer'' upper bound
  !(POINTER_OFFSET(s) + (int)len >= 100) || !(SAME-OBJECT(s, &buffer[0]))

VERIFICATION FAILED
EXIT=0
SIGNAL=0
