file tcas_v23_523.c: Parsing
Converting
Type-checking tcas_v23_523
Generating GOTO Program
Pointer Analysis
Adding Pointer Checks
Starting Bounded Model Checking
size of program expression: 104 assignments
Generated 3 VCC(s), 1 remaining after simplification
Encoding remaining VCC(s) using bit-vector arithmetic
Solving with SMT Solver Z3 v2.11
Runtime decision procedure: 0.001s
Building error trace

Counterexample:

Violated property:
  file tcas_v23_523.c line 68 function ALIM
  array `Positive_RA_Alt_Thresh' upper bound
  Alt_Layer_Value < 4

VERIFICATION FAILED
EXIT=0
SIGNAL=0
