file main.c: Parsing
Converting
Type-checking main
Generating GOTO Program
Pointer Analysis
Adding Pointer Checks
Starting Bounded Model Checking
size of program expression: 10 assignments
Generated 1 VCC(s), 1 remaining after simplification
Encoding remaining VCC(s) using bit-vector arithmetic
Solving with SMT solver Boolector v1.4
Runtime decision procedure: 0.004s
Building error trace

Counterexample:

State 2 file main.c line 5 function main thread 0
----------------------------------------------------
  main::main::1::x=-2147483611 (10000000000000000000000000100101)

State 3 file main.c line 6 function main thread 0
----------------------------------------------------
  main::main::1::x=-1 (11111111111111111111111111111111)

Violated property:
  file main.c line 7 function main
  assertion
  x != -1

VERIFICATION FAILED
EXIT=0
SIGNAL=0
