file main.c: Parsing
Converting
Type-checking main
Generating GOTO Program
String Abstraction
Pointer Analysis
Adding Pointer Checks
Starting Bounded Model Checking
Unwinding loop 4 iteration 1 file exStbHwAcc.c line 1255 function main
Unwinding loop 4 iteration 2 file exStbHwAcc.c line 1255 function main
Unwinding loop 4 iteration 3 file exStbHwAcc.c line 1255 function main
**** WARNING: no body for function c::open
**** WARNING: no body for function c::perror
**** WARNING: no body for function c::ioctl
**** WARNING: no body for function c::mmap
**** WARNING: no body for function c::close
**** WARNING: no body for function c::signal
Unwinding loop 22 iteration 1 file exStbHwAcc.c line 1053 function createBlendedRegion
Unwinding loop 22 iteration 2 file exStbHwAcc.c line 1053 function createBlendedRegion
Unwinding loop 22 iteration 3 file exStbHwAcc.c line 1053 function createBlendedRegion
size of program expression: 343 assignments
Generated 57 VCC(s), 50 remaining after simplification
Encoding remaining VCC(s) using bit-vector arithmetic
Solving with SMT Solver Z3 v2.11
Runtime decision procedure: 0.199s
Building error trace

Counterexample:

State 1 file exStbHwAcc.c line 179 thread 0
----------------------------------------------------
  main::ghwAccEnabled=0 (00000000000000000000000000000000)

State 2 file exStbHwAcc.c line 187 thread 0
----------------------------------------------------
  main::gmemRegion=gmemRegion&0#1

State 3 file exStbHwAcc.c line 189 thread 0
----------------------------------------------------
  main::gpDrawShared=NULL

State 6  thread 0
----------------------------------------------------
  c::argv'=argv'&0#1
2D graphics hardware acceleration example.


State 29 file exStbHwAcc.c line 1160 function openFrameBuffer thread 0
----------------------------------------------------
  main::width=343146632 (00010100011101000000000010001000)

State 31 file exStbHwAcc.c line 1161 function openFrameBuffer thread 0
----------------------------------------------------
  main::height=149848111 (00001000111011101000000000101111)

State 33 file exStbHwAcc.c line 1162 function openFrameBuffer thread 0
----------------------------------------------------
  main::gmemRegion=gmemRegion&0#2

State 34 file exStbHwAcc.c line 1163 function openFrameBuffer thread 0
----------------------------------------------------
  main::gmemRegion=gmemRegion&0#3

State 37 file exStbHwAcc.c line 1164 function openFrameBuffer thread 0
----------------------------------------------------
  main::gmemRegion=gmemRegion&0#4

State 39 file exStbHwAcc.c line 1165 function openFrameBuffer thread 0
----------------------------------------------------
  main::gmemRegion=gmemRegion&0#5

State 42 file exStbHwAcc.c line 1166 function openFrameBuffer thread 0
----------------------------------------------------
  main::gmemRegion=gmemRegion&0#6

State 44 file exStbHwAcc.c line 1167 function openFrameBuffer thread 0
----------------------------------------------------
  main::gmemRegion=gmemRegion&0#7

State 47 file exStbHwAcc.c line 1168 function openFrameBuffer thread 0
----------------------------------------------------
  main::gmemRegion=gmemRegion&0#8

State 49 file exStbHwAcc.c line 1169 function openFrameBuffer thread 0
----------------------------------------------------
  main::gmemRegion=gmemRegion&0#9
-2095555970 bytes allocated to the framebuffer


Violated property:
  file exStbHwAcc.c line 1171 function openFrameBuffer
  arithmetic overflow on typecast
  !overflow("typecast-31", finfo.smem_len)

VERIFICATION FAILED
EXIT=0
SIGNAL=0
