file main.c: Parsing
Converting
Type-checking main
Generating GOTO Program
Pointer Analysis
Adding Pointer Checks
Starting Bounded Model Checking
size of program expression: 34 assignments
Generated 2 VCC(s), 2 remaining after simplification
Encoding remaining VCC(s) using bit-vector arithmetic
Solving with SMT Solver Z3 v2.11
Runtime decision procedure: 0.026s
Building error trace

Counterexample:

State 3 file main.c line 18 function test thread 0
----------------------------------------------------
  c::test::$tmp::return_value_nondet_uint$1=1073741824 (01000000000000000000000000000000)

State 4 file main.c line 18 function test thread 0
----------------------------------------------------
  main::test::1::size=1073741824 (01000000000000000000000000000000)

State 6 file main.c line 24 function test thread 0
----------------------------------------------------
  main::test::1::1::x=1073741823 (00111111111111111111111111111111)

State 7 file main.c line 25 function test thread 0
----------------------------------------------------
  main::test::1::1::y=1073741823 (00111111111111111111111111111111)

State 8 file main.c line 27 function test thread 0
----------------------------------------------------
  main::test::1::1::index=1073741823 (00111111111111111111111111111111)

Violated property:
  file main.c line 29 function test
  dereference failure: dynamic object upper bound
  !(POINTER_OFFSET(array) + index >= DYNAMIC_SIZE(array)) || !(IS_DYNAMIC_OBJECT(array))

VERIFICATION FAILED
EXIT=0
SIGNAL=0
