file main.c: Parsing
Converting
Type-checking main
Generating GOTO Program
Pointer Analysis
Adding Pointer Checks
Starting Bounded Model Checking
Unwinding loop 0 iteration 1 file main.c line 20 function main
Unwinding loop 0 iteration 2 file main.c line 20 function main
Unwinding loop 0 iteration 3 file main.c line 20 function main
Unwinding loop 0 iteration 4 file main.c line 20 function main
Unwinding loop 1 iteration 1 file main.c line 19 function main
Unwinding loop 1 iteration 2 file main.c line 19 function main
Unwinding loop 1 iteration 3 file main.c line 19 function main
Unwinding loop 1 iteration 4 file main.c line 19 function main
Unwinding loop 1 iteration 5 file main.c line 19 function main
size of program expression: 103 assignments
Generated 49 VCC(s), 1 remaining after simplification
Encoding remaining VCC(s) using integer/real arithmetic
Solving with SMT Solver Z3 v2.11
Runtime decision procedure: 0.002s
Building error trace

Counterexample:

State 6 file main.c line 7 function swap thread 0
----------------------------------------------------
  a={ 1, 0, 2, 3, 4 }

State 12 file main.c line 5 function swap thread 0
----------------------------------------------------
  main::swap::1::tmp=0 (00000000000000000000000000000000)

State 13 file main.c line 6 function swap thread 0
----------------------------------------------------
  a={ 1, 2, 2, 3, 4 }

State 14 file main.c line 7 function swap thread 0
----------------------------------------------------
  a={ 1, 2, 0, 3, 4 }

State 20 file main.c line 5 function swap thread 0
----------------------------------------------------
  main::swap::1::tmp=0 (00000000000000000000000000000000)

State 21 file main.c line 6 function swap thread 0
----------------------------------------------------
  a={ 1, 2, 3, 3, 4 }

State 22 file main.c line 7 function swap thread 0
----------------------------------------------------
  a={ 1, 2, 3, 0, 4 }

State 28 file main.c line 5 function swap thread 0
----------------------------------------------------
  main::swap::1::tmp=0 (00000000000000000000000000000000)

State 29 file main.c line 6 function swap thread 0
----------------------------------------------------
  a={ 1, 2, 3, 4, 4 }

State 30 file main.c line 7 function swap thread 0
----------------------------------------------------
  a={ 1, 2, 3, 4, 0 }

Violated property:
  file main.c line 32 function main
  assertion
  FALSE

VERIFICATION FAILED
EXIT=0
SIGNAL=0
