file app.c: Parsing
file picosat.c: Parsing
file main.c: Parsing
Converting
Type-checking app
file app.c line 633 function picosat_main: warning: assignment in if condition
file app.c line 706 function picosat_main: warning: assignment in if condition
Type-checking main
Type-checking picosat
file picosat.c line 936 function resize: warning: assignment in if condition
file picosat.c line 944 function resize: warning: assignment in if condition
file picosat.c line 4535 function collect_clauses: warning: assignment in if condition
file picosat.c line 4541 function collect_clauses: warning: assignment in if condition
file picosat.c line 6807 function picosat_message: warning: conversion from `const signed char *' to `void *': disregarding const
Generating GOTO Program
Function Pointer Removal
Pointer Analysis
Adding Pointer Checks
Starting Bounded Model Checking
Unwinding loop 62 iteration 1 file main.c line 79 function main
Unwinding loop 62 iteration 2 file main.c line 79 function main
Unwinding loop 63 iteration 1 file main.c line 82 function main
Unwinding loop 63 iteration 2 file main.c line 82 function main
**** WARNING: no body for function c::signal
**** WARNING: no body for function c::getrusage
**** WARNING: no body for function c::picosat_version
**** WARNING: no body for function c::picosat_config
**** WARNING: no body for function c::strstr
Unwinding loop 57 iteration 1 file app.c line 241 function has_suffix
Unwinding loop 57 iteration 2 file app.c line 241 function has_suffix
Unwinding loop 58 iteration 1 file app.c line 241 function has_suffix
Unwinding loop 58 iteration 2 file app.c line 241 function has_suffix
Unwinding loop 31 iteration 1 file app.c line 631 function picosat_main
Unwinding loop 31 iteration 2 file app.c line 631 function picosat_main
Unwinding loop 33 iteration 1 file app.c line 361 function picosat_main
Unwinding loop 57 iteration 1 file app.c line 241 function has_suffix
Unwinding loop 57 iteration 2 file app.c line 241 function has_suffix
Unwinding loop 58 iteration 1 file app.c line 241 function has_suffix
Unwinding loop 58 iteration 2 file app.c line 241 function has_suffix
Unwinding loop 31 iteration 1 file app.c line 631 function picosat_main
Unwinding loop 31 iteration 2 file app.c line 631 function picosat_main
Unwinding loop 33 iteration 2 file app.c line 361 function picosat_main
**** WARNING: no body for function c::realloc
Unwinding loop 66 iteration 1 file picosat.c line 663 function base2flt
Unwinding loop 66 iteration 2 file picosat.c line 663 function base2flt
size of program expression: 5038 assignments
Generated 203 VCC(s), 176 remaining after simplification
Encoding remaining VCC(s) using integer/real arithmetic
Solving with SMT Solver Z3 v2.11
Runtime decision procedure: 0.442s
Building error trace

Counterexample:

State 3  thread 0
----------------------------------------------------
  c::argv'=argv'&0#1

State 12 file main.c line 82 function main thread 0
----------------------------------------------------
  main::main::1::verbose=0 (00000000000000000000000000000000)

State 22 file app.c line 336 function picosat_main thread 0
----------------------------------------------------
  app::picosat_main::1::clausal_core_name=(assignment removed)

State 23 file app.c line 337 function picosat_main thread 0
----------------------------------------------------
  app::picosat_main::1::variable_core_name=(assignment removed)

State 24 file app.c line 338 function picosat_main thread 0
----------------------------------------------------
  app::picosat_main::1::output_name=(assignment removed)

State 25 file app.c line 339 function picosat_main thread 0
----------------------------------------------------
  app::picosat_main::1::compact_trace_name=(assignment removed)

State 26 file app.c line 340 function picosat_main thread 0
----------------------------------------------------
  app::picosat_main::1::extended_trace_name=(assignment removed)

State 27 file app.c line 341 function picosat_main thread 0
----------------------------------------------------
  app::picosat_main::1::rup_trace_name=(assignment removed)

State 28 file app.c line 342 function picosat_main thread 0
----------------------------------------------------
  app::incremental_rup_file=NULL

State 29 file app.c line 343 function picosat_main thread 0
----------------------------------------------------
  app::picosat_main::1::close_input=0 (00000000000000000000000000000000)

State 30 file app.c line 346 function picosat_main thread 0
----------------------------------------------------
  app::input=(assignment removed)

State 31 file app.c line 347 function picosat_main thread 0
----------------------------------------------------
  app::output=(assignment removed)

State 32 file app.c line 348 function picosat_main thread 0
----------------------------------------------------
  app::picosat_main::1::err=0 (00000000000000000000000000000000)

State 33 file app.c line 348 function picosat_main thread 0
----------------------------------------------------
  app::picosat_main::1::done=0 (00000000000000000000000000000000)

State 34 file app.c line 348 function picosat_main thread 0
----------------------------------------------------
  app::verbose=0 (00000000000000000000000000000000)

State 35 file app.c line 361 function picosat_main thread 0
----------------------------------------------------
  app::picosat_main::1::i=1 (00000000000000000000000000000001)

State 89 file picosat.c line 1129 function init thread 0
----------------------------------------------------
  picosat::init::1::12::old_num=0 (00000000000000000000000000000000)

State 90 file picosat.c line 1129 function init thread 0
----------------------------------------------------
  picosat::init::1::12::new_num=1 (00000000000000000000000000000001)

State 92 file picosat.c line 1129 function init thread 0
----------------------------------------------------
  picosat::init::1::12::1::old_size=0 (00000000000000000000000000000000)

State 93 file picosat.c line 1129 function init thread 0
----------------------------------------------------
  picosat::init::1::12::1::new_size=4 (00000000000000000000000000000100)

State 97  thread 0
----------------------------------------------------
  c::picosat::resize::$tmp::tmp$1=TRUE

State 99 file picosat.c line 933 function resize thread 0
----------------------------------------------------
  picosat::current_bytes=66 (00000000000000000000000001000010)

State 100 file picosat.c line 936 function resize thread 0
----------------------------------------------------
  picosat::resize::1::old_bytes=0 (00000000000000000000000000000000)

State 103 file picosat.c line 944 function resize thread 0
----------------------------------------------------
  picosat::resize::1::new_bytes=4 (00000000000000000000000000000100)

State 108 file picosat.c line 950 function resize thread 0
----------------------------------------------------
  picosat::resize::1::b=(assignment removed)

State 111 file picosat.c line 963 function resize thread 0
----------------------------------------------------
  picosat::current_bytes=70 (00000000000000000000000001000110)

Violated property:
  file picosat.c line 663 function base2flt
  unwinding assertion loop 

VERIFICATION FAILED
EXIT=0
SIGNAL=0
