file main.c: Parsing
Converting
Type-checking main
file main.c line 17 function main: function `c::malloc' is not declared
Generating GOTO Program
Pointer Analysis
Adding Pointer Checks
Starting Bounded Model Checking
size of program expression: 20 assignments
Generated 3 VCC(s), 3 remaining after simplification
Encoding remaining VCC(s) using integer/real arithmetic
Solving with SMT Solver Z3 v2.11
Runtime decision procedure: 0.002s
Building error trace

Counterexample:

State 4 file main.c line 18 function main thread 0
----------------------------------------------------
  symex_dynamic::dynamic_163169585_value={ .i=10 }

Violated property:
  file main.c line 23 function main
  assertion
  p->i != 10

VERIFICATION FAILED
EXIT=0
SIGNAL=0
