file main.c: Parsing
Converting
Type-checking main
Generating GOTO Program
Pointer Analysis
Adding Pointer Checks
Starting Bounded Model Checking
**** WARNING: no body for function c::fork
size of program expression: 46 assignments
Generated 9 VCC(s), 7 remaining after simplification
Encoding remaining VCC(s) using integer/real arithmetic
Solving with SMT Solver Z3 v2.11
Runtime decision procedure: 0.008s
Building error trace

Counterexample:

State 1 file <built-in> line 12 thread 0
----------------------------------------------------
  __ESBMC_alloc=(assignment removed)

State 2 file <built-in> line 13 thread 0
----------------------------------------------------
  __ESBMC_alloc_size=(assignment removed)

State 3 file <built-in> line 19 thread 0
----------------------------------------------------
  __ESBMC_rounding_mode=0 (00000000000000000000000000000000)

State 4 file /usr/include/unistd.h line 540 thread 0
----------------------------------------------------
  __environ=NULL

State 5 file /usr/include/getopt.h line 59 thread 0
----------------------------------------------------
  optarg=NULL

State 6 file /usr/include/getopt.h line 73 thread 0
----------------------------------------------------
  optind=0 (00000000000000000000000000000000)

State 7 file /usr/include/getopt.h line 78 thread 0
----------------------------------------------------
  opterr=0 (00000000000000000000000000000000)

State 8 file /usr/include/getopt.h line 82 thread 0
----------------------------------------------------
  optopt=0 (00000000000000000000000000000000)

State 10 file main.c line 23 function main thread 0
----------------------------------------------------
  c::main::$tmp::return_value_malloc$1=(assignment removed)

State 11 file main.c line 23 function main thread 0
----------------------------------------------------
  __ESBMC_alloc_size=(assignment removed)

State 12 file main.c line 23 function main thread 0
----------------------------------------------------
  __ESBMC_alloc=(assignment removed)

State 13 file main.c line 23 function main thread 0
----------------------------------------------------
  __ESBMC_alloc=(assignment removed)

State 14 file main.c line 23 function main thread 0
----------------------------------------------------
  main::main::1::p=(assignment removed)

State 15  thread 0
----------------------------------------------------
  c::main::$tmp::tmp$2=TRUE

State 17 file main.c line 24 function main thread 0
----------------------------------------------------
  __ESBMC_alloc=(assignment removed)

State 18 file main.c line 24 function main thread 0
----------------------------------------------------
  __ESBMC_alloc=(assignment removed)

Violated property:
  file main.c line 27 function main
  dereference failure: invalidated dynamic object
  !(IS_DYNAMIC_OBJECT(p)) || VALID_OBJECT(p)

VERIFICATION FAILED
EXIT=0
SIGNAL=0
