file main.c: Parsing
Converting
Type-checking main
Generating GOTO Program
Pointer Analysis
Adding Pointer Checks
Starting Bounded Model Checking
Unwinding loop 10 iteration 1 file main.c line 47 function main
Unwinding loop 10 iteration 2 file main.c line 47 function main
Unwinding loop 10 iteration 3 file main.c line 47 function main
Unwinding loop 10 iteration 4 file main.c line 47 function main
Unwinding loop 10 iteration 5 file main.c line 47 function main
Unwinding loop 10 iteration 6 file main.c line 47 function main
Unwinding loop 10 iteration 7 file main.c line 47 function main
Unwinding loop 10 iteration 8 file main.c line 47 function main
Unwinding loop 10 iteration 9 file main.c line 47 function main
Unwinding loop 10 iteration 10 file main.c line 47 function main
Unwinding loop 10 iteration 11 file main.c line 47 function main
Unwinding loop 10 iteration 12 file main.c line 47 function main
Unwinding loop 10 iteration 13 file main.c line 47 function main
Unwinding loop 10 iteration 14 file main.c line 47 function main
Unwinding loop 10 iteration 15 file main.c line 47 function main
Unwinding loop 10 iteration 16 file main.c line 47 function main
Unwinding loop 9 iteration 1 file common.h line 107 function puts
Unwinding loop 9 iteration 2 file common.h line 107 function puts
Unwinding loop 9 iteration 3 file common.h line 107 function puts
Unwinding loop 9 iteration 4 file common.h line 107 function puts
Unwinding loop 9 iteration 5 file common.h line 107 function puts
Unwinding loop 9 iteration 6 file common.h line 107 function puts
Unwinding loop 9 iteration 7 file common.h line 107 function puts
Unwinding loop 9 iteration 8 file common.h line 107 function puts
Unwinding loop 9 iteration 9 file common.h line 107 function puts
Unwinding loop 9 iteration 10 file common.h line 107 function puts
Unwinding loop 9 iteration 11 file common.h line 107 function puts
Unwinding loop 9 iteration 12 file common.h line 107 function puts
Unwinding loop 9 iteration 13 file common.h line 107 function puts
Unwinding loop 9 iteration 14 file common.h line 107 function puts
size of program expression: 817 assignments
Generated 976 VCC(s), 262 remaining after simplification
Encoding remaining VCC(s) using bit-vector arithmetic
Solving with SMT Solver Z3 v2.11
Runtime decision procedure: 0.009s
VERIFICATION SUCCESSFUL
EXIT=0
SIGNAL=0
