file main.c: Parsing
Converting
Type-checking main
Generating GOTO Program
Pointer Analysis
Adding Pointer Checks
Starting Bounded Model Checking
size of program expression: 22 assignments
Generated 3 VCC(s), 1 remaining after simplification
Encoding remaining VCC(s) using integer/real arithmetic
Solving with SMT Solver Z3 v2.11
Runtime decision procedure: 0s
Building error trace

Counterexample:

Violated property:
  file main.c line 20 function main
  assertion
  return_value_comp$1 == -1

VERIFICATION FAILED
EXIT=0
SIGNAL=0
