file main.c: Parsing
Converting
Type-checking main
Generating GOTO Program
Pointer Analysis
Adding Pointer Checks
Starting Bounded Model Checking
Unwinding loop 5 iteration 1 file main.c line 30 function ap_cpystrn
Unwinding loop 5 iteration 2 file main.c line 30 function ap_cpystrn
Unwinding loop 5 iteration 3 file main.c line 30 function ap_cpystrn
Unwinding loop 5 iteration 4 file main.c line 30 function ap_cpystrn
Unwinding loop 5 iteration 5 file main.c line 30 function ap_cpystrn
Unwinding loop 5 iteration 6 file main.c line 30 function ap_cpystrn
Unwinding loop 5 iteration 7 file main.c line 30 function ap_cpystrn
Unwinding loop 5 iteration 8 file main.c line 30 function ap_cpystrn
Unwinding loop 5 iteration 9 file main.c line 30 function ap_cpystrn
Unwinding loop 5 iteration 10 file main.c line 30 function ap_cpystrn
Unwinding loop 5 iteration 11 file main.c line 30 function ap_cpystrn
Unwinding loop 5 iteration 12 file main.c line 30 function ap_cpystrn
Unwinding loop 5 iteration 13 file main.c line 30 function ap_cpystrn
Unwinding loop 5 iteration 14 file main.c line 30 function ap_cpystrn
Unwinding loop 5 iteration 15 file main.c line 30 function ap_cpystrn
Unwinding loop 5 iteration 16 file main.c line 30 function ap_cpystrn
Unwinding loop 5 iteration 17 file main.c line 30 function ap_cpystrn
Unwinding loop 5 iteration 18 file main.c line 30 function ap_cpystrn
Unwinding loop 5 iteration 19 file main.c line 30 function ap_cpystrn
Unwinding loop 5 iteration 20 file main.c line 30 function ap_cpystrn
Unwinding loop 5 iteration 21 file main.c line 30 function ap_cpystrn
Unwinding loop 5 iteration 22 file main.c line 30 function ap_cpystrn
Unwinding loop 5 iteration 23 file main.c line 30 function ap_cpystrn
Unwinding loop 5 iteration 24 file main.c line 30 function ap_cpystrn
Unwinding loop 5 iteration 25 file main.c line 30 function ap_cpystrn
Unwinding loop 5 iteration 26 file main.c line 30 function ap_cpystrn
Unwinding loop 5 iteration 27 file main.c line 30 function ap_cpystrn
Unwinding loop 5 iteration 28 file main.c line 30 function ap_cpystrn
Unwinding loop 5 iteration 29 file main.c line 30 function ap_cpystrn
Unwinding loop 5 iteration 30 file main.c line 30 function ap_cpystrn
Unwinding loop 5 iteration 31 file main.c line 30 function ap_cpystrn
Unwinding loop 5 iteration 32 file main.c line 30 function ap_cpystrn
Unwinding loop 5 iteration 33 file main.c line 30 function ap_cpystrn
Unwinding loop 5 iteration 34 file main.c line 30 function ap_cpystrn
Unwinding loop 5 iteration 35 file main.c line 30 function ap_cpystrn
Unwinding loop 5 iteration 36 file main.c line 30 function ap_cpystrn
Unwinding loop 5 iteration 37 file main.c line 30 function ap_cpystrn
Unwinding loop 5 iteration 38 file main.c line 30 function ap_cpystrn
Unwinding loop 5 iteration 39 file main.c line 30 function ap_cpystrn
Unwinding loop 5 iteration 40 file main.c line 30 function ap_cpystrn
Unwinding loop 5 iteration 41 file main.c line 30 function ap_cpystrn
Unwinding loop 5 iteration 42 file main.c line 30 function ap_cpystrn
Unwinding loop 5 iteration 43 file main.c line 30 function ap_cpystrn
Unwinding loop 5 iteration 44 file main.c line 30 function ap_cpystrn
Unwinding loop 5 iteration 45 file main.c line 30 function ap_cpystrn
Unwinding loop 5 iteration 46 file main.c line 30 function ap_cpystrn
Unwinding loop 5 iteration 47 file main.c line 30 function ap_cpystrn
Unwinding loop 5 iteration 48 file main.c line 30 function ap_cpystrn
Unwinding loop 5 iteration 49 file main.c line 30 function ap_cpystrn
Unwinding loop 5 iteration 50 file main.c line 30 function ap_cpystrn
Unwinding loop 5 iteration 51 file main.c line 30 function ap_cpystrn
Unwinding loop 5 iteration 52 file main.c line 30 function ap_cpystrn
Unwinding loop 5 iteration 53 file main.c line 30 function ap_cpystrn
Unwinding loop 5 iteration 54 file main.c line 30 function ap_cpystrn
Unwinding loop 5 iteration 55 file main.c line 30 function ap_cpystrn
Unwinding loop 5 iteration 56 file main.c line 30 function ap_cpystrn
Unwinding loop 5 iteration 57 file main.c line 30 function ap_cpystrn
Unwinding loop 5 iteration 58 file main.c line 30 function ap_cpystrn
Unwinding loop 5 iteration 59 file main.c line 30 function ap_cpystrn
Unwinding loop 5 iteration 60 file main.c line 30 function ap_cpystrn
Unwinding loop 5 iteration 61 file main.c line 30 function ap_cpystrn
Unwinding loop 5 iteration 62 file main.c line 30 function ap_cpystrn
Unwinding loop 5 iteration 63 file main.c line 30 function ap_cpystrn
Unwinding loop 5 iteration 64 file main.c line 30 function ap_cpystrn
Unwinding loop 5 iteration 65 file main.c line 30 function ap_cpystrn
Unwinding loop 5 iteration 66 file main.c line 30 function ap_cpystrn
Unwinding loop 5 iteration 67 file main.c line 30 function ap_cpystrn
Unwinding loop 5 iteration 68 file main.c line 30 function ap_cpystrn
Unwinding loop 5 iteration 69 file main.c line 30 function ap_cpystrn
Unwinding loop 5 iteration 70 file main.c line 30 function ap_cpystrn
Unwinding loop 5 iteration 71 file main.c line 30 function ap_cpystrn
Unwinding loop 5 iteration 72 file main.c line 30 function ap_cpystrn
Unwinding loop 5 iteration 73 file main.c line 30 function ap_cpystrn
Unwinding loop 5 iteration 74 file main.c line 30 function ap_cpystrn
Unwinding loop 5 iteration 75 file main.c line 30 function ap_cpystrn
Unwinding loop 5 iteration 76 file main.c line 30 function ap_cpystrn
Unwinding loop 5 iteration 77 file main.c line 30 function ap_cpystrn
Unwinding loop 5 iteration 78 file main.c line 30 function ap_cpystrn
Unwinding loop 5 iteration 79 file main.c line 30 function ap_cpystrn
Unwinding loop 5 iteration 80 file main.c line 30 function ap_cpystrn
Unwinding loop 5 iteration 81 file main.c line 30 function ap_cpystrn
Unwinding loop 5 iteration 82 file main.c line 30 function ap_cpystrn
Unwinding loop 5 iteration 83 file main.c line 30 function ap_cpystrn
Unwinding loop 5 iteration 84 file main.c line 30 function ap_cpystrn
Unwinding loop 5 iteration 85 file main.c line 30 function ap_cpystrn
Unwinding loop 5 iteration 86 file main.c line 30 function ap_cpystrn
Unwinding loop 5 iteration 87 file main.c line 30 function ap_cpystrn
Unwinding loop 5 iteration 88 file main.c line 30 function ap_cpystrn
Unwinding loop 5 iteration 89 file main.c line 30 function ap_cpystrn
Unwinding loop 5 iteration 90 file main.c line 30 function ap_cpystrn
Unwinding loop 5 iteration 91 file main.c line 30 function ap_cpystrn
Unwinding loop 5 iteration 92 file main.c line 30 function ap_cpystrn
Unwinding loop 5 iteration 93 file main.c line 30 function ap_cpystrn
Unwinding loop 5 iteration 94 file main.c line 30 function ap_cpystrn
Unwinding loop 5 iteration 95 file main.c line 30 function ap_cpystrn
Unwinding loop 5 iteration 96 file main.c line 30 function ap_cpystrn
Unwinding loop 5 iteration 97 file main.c line 30 function ap_cpystrn
Unwinding loop 5 iteration 98 file main.c line 30 function ap_cpystrn
Unwinding loop 5 iteration 99 file main.c line 30 function ap_cpystrn
Unwinding loop 5 iteration 100 file main.c line 30 function ap_cpystrn
Unwinding loop 5 iteration 101 file main.c line 30 function ap_cpystrn
Unwinding loop 5 iteration 102 file main.c line 30 function ap_cpystrn
Unwinding loop 5 iteration 103 file main.c line 30 function ap_cpystrn
Unwinding loop 5 iteration 104 file main.c line 30 function ap_cpystrn
Unwinding loop 5 iteration 105 file main.c line 30 function ap_cpystrn
Unwinding loop 5 iteration 106 file main.c line 30 function ap_cpystrn
Unwinding loop 5 iteration 107 file main.c line 30 function ap_cpystrn
Unwinding loop 5 iteration 108 file main.c line 30 function ap_cpystrn
Unwinding loop 5 iteration 109 file main.c line 30 function ap_cpystrn
Unwinding loop 5 iteration 110 file main.c line 30 function ap_cpystrn
Unwinding loop 5 iteration 111 file main.c line 30 function ap_cpystrn
Unwinding loop 5 iteration 112 file main.c line 30 function ap_cpystrn
Unwinding loop 5 iteration 113 file main.c line 30 function ap_cpystrn
Unwinding loop 5 iteration 114 file main.c line 30 function ap_cpystrn
Unwinding loop 5 iteration 115 file main.c line 30 function ap_cpystrn
Unwinding loop 5 iteration 116 file main.c line 30 function ap_cpystrn
Unwinding loop 5 iteration 117 file main.c line 30 function ap_cpystrn
Unwinding loop 5 iteration 118 file main.c line 30 function ap_cpystrn
Unwinding loop 5 iteration 119 file main.c line 30 function ap_cpystrn
Unwinding loop 5 iteration 120 file main.c line 30 function ap_cpystrn
Unwinding loop 5 iteration 121 file main.c line 30 function ap_cpystrn
Unwinding loop 5 iteration 122 file main.c line 30 function ap_cpystrn
Unwinding loop 5 iteration 123 file main.c line 30 function ap_cpystrn
Unwinding loop 5 iteration 124 file main.c line 30 function ap_cpystrn
Unwinding loop 5 iteration 125 file main.c line 30 function ap_cpystrn
Unwinding loop 5 iteration 126 file main.c line 30 function ap_cpystrn
Unwinding loop 5 iteration 127 file main.c line 30 function ap_cpystrn
Unwinding loop 5 iteration 128 file main.c line 30 function ap_cpystrn
Unwinding loop 5 iteration 129 file main.c line 30 function ap_cpystrn
Unwinding loop 5 iteration 130 file main.c line 30 function ap_cpystrn
Unwinding loop 5 iteration 131 file main.c line 30 function ap_cpystrn
Unwinding loop 5 iteration 132 file main.c line 30 function ap_cpystrn
Unwinding loop 5 iteration 133 file main.c line 30 function ap_cpystrn
Unwinding loop 5 iteration 134 file main.c line 30 function ap_cpystrn
Unwinding loop 5 iteration 135 file main.c line 30 function ap_cpystrn
Unwinding loop 5 iteration 136 file main.c line 30 function ap_cpystrn
Unwinding loop 5 iteration 137 file main.c line 30 function ap_cpystrn
Unwinding loop 5 iteration 138 file main.c line 30 function ap_cpystrn
Unwinding loop 5 iteration 139 file main.c line 30 function ap_cpystrn
Unwinding loop 5 iteration 140 file main.c line 30 function ap_cpystrn
Unwinding loop 5 iteration 141 file main.c line 30 function ap_cpystrn
Unwinding loop 5 iteration 142 file main.c line 30 function ap_cpystrn
Unwinding loop 5 iteration 143 file main.c line 30 function ap_cpystrn
Unwinding loop 5 iteration 144 file main.c line 30 function ap_cpystrn
Unwinding loop 5 iteration 145 file main.c line 30 function ap_cpystrn
Unwinding loop 5 iteration 146 file main.c line 30 function ap_cpystrn
Unwinding loop 5 iteration 147 file main.c line 30 function ap_cpystrn
Unwinding loop 5 iteration 148 file main.c line 30 function ap_cpystrn
Unwinding loop 5 iteration 149 file main.c line 30 function ap_cpystrn
Unwinding loop 5 iteration 150 file main.c line 30 function ap_cpystrn
Unwinding loop 5 iteration 151 file main.c line 30 function ap_cpystrn
Unwinding loop 5 iteration 152 file main.c line 30 function ap_cpystrn
Unwinding loop 5 iteration 153 file main.c line 30 function ap_cpystrn
Unwinding loop 5 iteration 154 file main.c line 30 function ap_cpystrn
Unwinding loop 5 iteration 155 file main.c line 30 function ap_cpystrn
Unwinding loop 5 iteration 156 file main.c line 30 function ap_cpystrn
Unwinding loop 5 iteration 157 file main.c line 30 function ap_cpystrn
Unwinding loop 5 iteration 158 file main.c line 30 function ap_cpystrn
Unwinding loop 5 iteration 159 file main.c line 30 function ap_cpystrn
Unwinding loop 5 iteration 160 file main.c line 30 function ap_cpystrn
Unwinding loop 5 iteration 161 file main.c line 30 function ap_cpystrn
Unwinding loop 5 iteration 162 file main.c line 30 function ap_cpystrn
Unwinding loop 5 iteration 163 file main.c line 30 function ap_cpystrn
Unwinding loop 5 iteration 164 file main.c line 30 function ap_cpystrn
Unwinding loop 5 iteration 165 file main.c line 30 function ap_cpystrn
Unwinding loop 5 iteration 166 file main.c line 30 function ap_cpystrn
Unwinding loop 5 iteration 167 file main.c line 30 function ap_cpystrn
Unwinding loop 5 iteration 168 file main.c line 30 function ap_cpystrn
Unwinding loop 5 iteration 169 file main.c line 30 function ap_cpystrn
Unwinding loop 5 iteration 170 file main.c line 30 function ap_cpystrn
Unwinding loop 5 iteration 171 file main.c line 30 function ap_cpystrn
Unwinding loop 5 iteration 172 file main.c line 30 function ap_cpystrn
Unwinding loop 5 iteration 173 file main.c line 30 function ap_cpystrn
Unwinding loop 5 iteration 174 file main.c line 30 function ap_cpystrn
Unwinding loop 5 iteration 175 file main.c line 30 function ap_cpystrn
Unwinding loop 5 iteration 176 file main.c line 30 function ap_cpystrn
Unwinding loop 5 iteration 177 file main.c line 30 function ap_cpystrn
Unwinding loop 5 iteration 178 file main.c line 30 function ap_cpystrn
Unwinding loop 5 iteration 179 file main.c line 30 function ap_cpystrn
Unwinding loop 5 iteration 180 file main.c line 30 function ap_cpystrn
Unwinding loop 5 iteration 181 file main.c line 30 function ap_cpystrn
Unwinding loop 5 iteration 182 file main.c line 30 function ap_cpystrn
Unwinding loop 5 iteration 183 file main.c line 30 function ap_cpystrn
Unwinding loop 5 iteration 184 file main.c line 30 function ap_cpystrn
Unwinding loop 5 iteration 185 file main.c line 30 function ap_cpystrn
Unwinding loop 5 iteration 186 file main.c line 30 function ap_cpystrn
Unwinding loop 5 iteration 187 file main.c line 30 function ap_cpystrn
Unwinding loop 5 iteration 188 file main.c line 30 function ap_cpystrn
Unwinding loop 5 iteration 189 file main.c line 30 function ap_cpystrn
Unwinding loop 5 iteration 190 file main.c line 30 function ap_cpystrn
Unwinding loop 5 iteration 191 file main.c line 30 function ap_cpystrn
Unwinding loop 5 iteration 192 file main.c line 30 function ap_cpystrn
Unwinding loop 5 iteration 193 file main.c line 30 function ap_cpystrn
Unwinding loop 5 iteration 194 file main.c line 30 function ap_cpystrn
Unwinding loop 5 iteration 195 file main.c line 30 function ap_cpystrn
Unwinding loop 5 iteration 196 file main.c line 30 function ap_cpystrn
Unwinding loop 5 iteration 197 file main.c line 30 function ap_cpystrn
Unwinding loop 5 iteration 198 file main.c line 30 function ap_cpystrn
Unwinding loop 5 iteration 199 file main.c line 30 function ap_cpystrn
Unwinding loop 5 iteration 200 file main.c line 30 function ap_cpystrn
size of program expression: 63719 assignments
Generated 602 VCC(s), 602 remaining after simplification
Encoding remaining VCC(s) using bit-vector arithmetic
Solving with SMT Solver Z3 v2.11
Runtime decision procedure: 1.831s
Building error trace

Counterexample:

State 3 file main.c line 30 function ap_cpystrn thread 0
----------------------------------------------------
  main::ap_cpystrn::1::i=0 (00000000000000000000000000000000)

State 9 file main.c line 30 function ap_cpystrn thread 0
----------------------------------------------------
  main::ap_cpystrn::1::i=1 (00000000000000000000000000000001)

Violated property:
  file main.c line 31 function ap_cpystrn
  dereference failure: invalid pointer
  !(INVALID-POINTER(i + dst))

VERIFICATION FAILED
EXIT=0
SIGNAL=0
