file main.c: Parsing
Converting
Type-checking main
Generating GOTO Program
Function Pointer Removal
Pointer Analysis
Adding Pointer Checks
Starting Bounded Model Checking
**** WARNING: no body for function c::ingest_url
**** WARNING: no body for function c::poll
**** WARNING: no body for function c::perror
Unwinding loop 29 iteration 1 file git-remote-gitkrb5.c line 373 function main
Unwinding loop 29 iteration 2 file git-remote-gitkrb5.c line 373 function main
Unwinding loop 31 iteration 1 file git-remote-gitkrb5.c line 352 function main
Unwinding loop 29 iteration 1 file git-remote-gitkrb5.c line 373 function main
Unwinding loop 29 iteration 2 file git-remote-gitkrb5.c line 373 function main
Unwinding loop 31 iteration 2 file git-remote-gitkrb5.c line 352 function main
size of program expression: 190 assignments
Generated 40 VCC(s), 8 remaining after simplification
Encoding remaining VCC(s) using bit-vector arithmetic
Solving with SMT Solver Z3 v2.11
Runtime decision procedure: 0.009s
Building error trace

Counterexample:

State 8 file git-remote-gitkrb5.c line 351 function main thread 0
----------------------------------------------------
  main::main::1::fd={ .fd=0, .events=0, .revents=0 }

State 10 file git-remote-gitkrb5.c line 353 function main thread 0
----------------------------------------------------
  main::main::1::fd={ .fd=0, .events=1, .revents=0 }

State 11 file git-remote-gitkrb5.c line 354 function main thread 0
----------------------------------------------------
  main::main::1::fd={ .fd=0, .events=1, .revents=0 }

State 19 file git-remote-gitkrb5.c line 353 function main thread 0
----------------------------------------------------
  main::main::1::fd={ .fd=0, .events=1, .revents=0 }

State 20 file git-remote-gitkrb5.c line 354 function main thread 0
----------------------------------------------------
  main::main::1::fd={ .fd=0, .events=1, .revents=0 }

Violated property:
  file git-remote-gitkrb5.c line 352 function main
  unwinding assertion loop 

VERIFICATION FAILED
EXIT=0
SIGNAL=0
