file main.c: Parsing
Converting
Type-checking main
Generating GOTO Program
Pointer Analysis
Adding Pointer Checks
Starting Bounded Model Checking
Unwinding loop 2 iteration 1 file main.c line 33 function main
Unwinding loop 2 iteration 2 file main.c line 33 function main
Unwinding loop 2 iteration 3 file main.c line 33 function main
Unwinding loop 2 iteration 4 file main.c line 33 function main
Unwinding loop 2 iteration 5 file main.c line 33 function main
Unwinding loop 0 iteration 1 file main.c line 12 function bubblesort
Unwinding loop 0 iteration 2 file main.c line 12 function bubblesort
Unwinding loop 0 iteration 3 file main.c line 12 function bubblesort
Unwinding loop 0 iteration 4 file main.c line 12 function bubblesort
Unwinding loop 1 iteration 1 file main.c line 10 function bubblesort
Unwinding loop 0 iteration 1 file main.c line 12 function bubblesort
Unwinding loop 0 iteration 2 file main.c line 12 function bubblesort
Unwinding loop 0 iteration 3 file main.c line 12 function bubblesort
Unwinding loop 1 iteration 2 file main.c line 10 function bubblesort
Unwinding loop 0 iteration 1 file main.c line 12 function bubblesort
Unwinding loop 0 iteration 2 file main.c line 12 function bubblesort
Unwinding loop 1 iteration 3 file main.c line 10 function bubblesort
Unwinding loop 0 iteration 1 file main.c line 12 function bubblesort
Unwinding loop 1 iteration 4 file main.c line 10 function bubblesort
Unwinding loop 3 iteration 1 file main.c line 38 function main
Unwinding loop 3 iteration 2 file main.c line 38 function main
Unwinding loop 3 iteration 3 file main.c line 38 function main
Unwinding loop 3 iteration 4 file main.c line 38 function main
Unwinding loop 3 iteration 5 file main.c line 38 function main
size of program expression: 211 assignments
Generated 145 VCC(s), 5 remaining after simplification
Encoding remaining VCC(s) using integer/real arithmetic
Solving with SMT Solver Z3 v2.11
Runtime decision procedure: 0.005s
Building error trace

Counterexample:

State 18 file main.c line 22 function bubblesort thread 0
----------------------------------------------------
  item={ 4, 3, 2, 0, 1 }

State 23 file main.c line 20 function bubblesort thread 0
----------------------------------------------------
  main::bubblesort::1::t=2 (00000000000000000000000000000010)

State 24 file main.c line 21 function bubblesort thread 0
----------------------------------------------------
  item={ 4, 3, 0, 0, 1 }

State 25 file main.c line 22 function bubblesort thread 0
----------------------------------------------------
  item={ 4, 3, 0, 2, 1 }

State 30 file main.c line 20 function bubblesort thread 0
----------------------------------------------------
  main::bubblesort::1::t=3 (00000000000000000000000000000011)

State 31 file main.c line 21 function bubblesort thread 0
----------------------------------------------------
  item={ 4, 0, 0, 2, 1 }

State 32 file main.c line 22 function bubblesort thread 0
----------------------------------------------------
  item={ 4, 0, 3, 2, 1 }

State 37 file main.c line 20 function bubblesort thread 0
----------------------------------------------------
  main::bubblesort::1::t=4 (00000000000000000000000000000100)

State 38 file main.c line 21 function bubblesort thread 0
----------------------------------------------------
  item={ 0, 0, 3, 2, 1 }

State 39 file main.c line 22 function bubblesort thread 0
----------------------------------------------------
  item={ 0, 4, 3, 2, 1 }

State 47 file main.c line 20 function bubblesort thread 0
----------------------------------------------------
  main::bubblesort::1::t=2 (00000000000000000000000000000010)

State 48 file main.c line 21 function bubblesort thread 0
----------------------------------------------------
  item={ 0, 4, 3, 1, 1 }

State 49 file main.c line 22 function bubblesort thread 0
----------------------------------------------------
  item={ 0, 4, 3, 1, 2 }

State 54 file main.c line 20 function bubblesort thread 0
----------------------------------------------------
  main::bubblesort::1::t=3 (00000000000000000000000000000011)

State 55 file main.c line 21 function bubblesort thread 0
----------------------------------------------------
  item={ 0, 4, 1, 1, 2 }

State 56 file main.c line 22 function bubblesort thread 0
----------------------------------------------------
  item={ 0, 4, 1, 3, 2 }

State 61 file main.c line 20 function bubblesort thread 0
----------------------------------------------------
  main::bubblesort::1::t=4 (00000000000000000000000000000100)

State 62 file main.c line 21 function bubblesort thread 0
----------------------------------------------------
  item={ 0, 1, 1, 3, 2 }

State 63 file main.c line 22 function bubblesort thread 0
----------------------------------------------------
  item={ 0, 1, 4, 3, 2 }

State 71 file main.c line 20 function bubblesort thread 0
----------------------------------------------------
  main::bubblesort::1::t=3 (00000000000000000000000000000011)

State 72 file main.c line 21 function bubblesort thread 0
----------------------------------------------------
  item={ 0, 1, 4, 2, 2 }

State 73 file main.c line 22 function bubblesort thread 0
----------------------------------------------------
  item={ 0, 1, 4, 2, 3 }

State 78 file main.c line 20 function bubblesort thread 0
----------------------------------------------------
  main::bubblesort::1::t=4 (00000000000000000000000000000100)

State 79 file main.c line 21 function bubblesort thread 0
----------------------------------------------------
  item={ 0, 1, 2, 2, 3 }

State 80 file main.c line 22 function bubblesort thread 0
----------------------------------------------------
  item={ 0, 1, 2, 4, 3 }

State 88 file main.c line 20 function bubblesort thread 0
----------------------------------------------------
  main::bubblesort::1::t=4 (00000000000000000000000000000100)

State 89 file main.c line 21 function bubblesort thread 0
----------------------------------------------------
  item={ 0, 1, 2, 3, 3 }

State 90 file main.c line 22 function bubblesort thread 0
----------------------------------------------------
  item={ 0, 1, 2, 3, 4 }

Violated property:
  file main.c line 40 function main
  assertion
  item[i] != i

VERIFICATION FAILED
EXIT=0
SIGNAL=0
