file main.c: Parsing
Converting
Type-checking main
Generating GOTO Program
Pointer Analysis
Adding Pointer Checks
Starting Bounded Model Checking
size of program expression: 31 assignments
Generated 3 VCC(s), 3 remaining after simplification
Encoding remaining VCC(s) using integer/real arithmetic
Solving with SMT Solver Z3 v2.11
Runtime decision procedure: 0.005s
Building error trace

Counterexample:

State 1 file <built-in> line 12 thread 0
----------------------------------------------------
  __ESBMC_alloc=(assignment removed)

State 4 file main.c line 3 function func thread 0
----------------------------------------------------
  __ESBMC_alloc=(assignment removed)

State 5 file main.c line 3 function func thread 0
----------------------------------------------------
  __ESBMC_alloc=(assignment removed)

State 6 file main.c line 4 function func thread 0
----------------------------------------------------
  __ESBMC_alloc=(assignment removed)

State 7 file main.c line 4 function func thread 0
----------------------------------------------------
  __ESBMC_alloc=(assignment removed)

State 8 file main.c line 6 function func thread 0
----------------------------------------------------
  __ESBMC_alloc=(assignment removed)

State 9 file main.c line 6 function func thread 0
----------------------------------------------------
  __ESBMC_alloc=(assignment removed)

Violated property:
  file main.c line 3 function func
  dereference failure: forgotten memory
  DEALLOCATED_OBJECT(return_value_malloc$1) == TRUE

VERIFICATION FAILED
EXIT=0
SIGNAL=0
