file main.c: Parsing
Converting
Type-checking main
Generating GOTO Program
String Abstraction
Pointer Analysis
Adding Pointer Checks
Starting Bounded Model Checking
size of program expression: 22 assignments
Generated 2 VCC(s), 2 remaining after simplification
Encoding remaining VCC(s) using bit-vector arithmetic
Solving with SMT Solver Z3 v2.11
Runtime decision procedure: 0.002s
Building error trace

Counterexample:

Violated property:
  file main.c line 11 function main
  dereference failure: NULL pointer
  !(SAME-OBJECT(s#str, NULL))

VERIFICATION FAILED
EXIT=0
SIGNAL=0
