file main.c: Parsing
Converting
Type-checking main
Generating GOTO Program
Pointer Analysis
Adding Pointer Checks
Starting Bounded Model Checking
Unwinding loop 6 iteration 1 file main.c line 87 function sin
Unwinding loop 6 iteration 2 file main.c line 87 function sin
Unwinding loop 6 iteration 3 file main.c line 87 function sin
Unwinding loop 6 iteration 4 file main.c line 87 function sin
Unwinding loop 3 iteration 1 file main.c line 151 function init_w
Unwinding loop 6 iteration 1 file main.c line 87 function sin
Unwinding loop 6 iteration 2 file main.c line 87 function sin
Unwinding loop 6 iteration 3 file main.c line 87 function sin
Unwinding loop 6 iteration 4 file main.c line 87 function sin
Unwinding loop 3 iteration 2 file main.c line 151 function init_w
Unwinding loop 6 iteration 1 file main.c line 87 function sin
Unwinding loop 6 iteration 2 file main.c line 87 function sin
Unwinding loop 6 iteration 3 file main.c line 87 function sin
Unwinding loop 6 iteration 4 file main.c line 87 function sin
Unwinding loop 3 iteration 3 file main.c line 151 function init_w
Unwinding loop 6 iteration 1 file main.c line 87 function sin
Unwinding loop 6 iteration 2 file main.c line 87 function sin
Unwinding loop 6 iteration 3 file main.c line 87 function sin
Unwinding loop 6 iteration 4 file main.c line 87 function sin
Unwinding loop 3 iteration 4 file main.c line 151 function init_w
Unwinding loop 6 iteration 1 file main.c line 87 function sin
Unwinding loop 6 iteration 2 file main.c line 87 function sin
Unwinding loop 6 iteration 3 file main.c line 87 function sin
Unwinding loop 6 iteration 4 file main.c line 87 function sin
Unwinding loop 3 iteration 5 file main.c line 151 function init_w
Unwinding loop 6 iteration 1 file main.c line 87 function sin
Unwinding loop 6 iteration 2 file main.c line 87 function sin
Unwinding loop 6 iteration 3 file main.c line 87 function sin
Unwinding loop 6 iteration 4 file main.c line 87 function sin
Unwinding loop 3 iteration 6 file main.c line 151 function init_w
Unwinding loop 6 iteration 1 file main.c line 87 function sin
Unwinding loop 6 iteration 2 file main.c line 87 function sin
Unwinding loop 6 iteration 3 file main.c line 87 function sin
Unwinding loop 6 iteration 4 file main.c line 87 function sin
Unwinding loop 6 iteration 1 file main.c line 87 function sin
Unwinding loop 3 iteration 7 file main.c line 151 function init_w
Unwinding loop 6 iteration 1 file main.c line 87 function sin
Unwinding loop 6 iteration 2 file main.c line 87 function sin
Unwinding loop 6 iteration 3 file main.c line 87 function sin
Unwinding loop 6 iteration 4 file main.c line 87 function sin
Unwinding loop 6 iteration 1 file main.c line 87 function sin
Unwinding loop 3 iteration 8 file main.c line 151 function init_w
Unwinding loop 6 iteration 1 file main.c line 87 function sin
Unwinding loop 6 iteration 2 file main.c line 87 function sin
Unwinding loop 6 iteration 3 file main.c line 87 function sin
Unwinding loop 6 iteration 4 file main.c line 87 function sin
Unwinding loop 6 iteration 1 file main.c line 87 function sin
Unwinding loop 3 iteration 9 file main.c line 151 function init_w
Unwinding loop 6 iteration 1 file main.c line 87 function sin
Unwinding loop 6 iteration 2 file main.c line 87 function sin
Unwinding loop 6 iteration 3 file main.c line 87 function sin
Unwinding loop 6 iteration 4 file main.c line 87 function sin
Unwinding loop 6 iteration 1 file main.c line 87 function sin
Unwinding loop 3 iteration 10 file main.c line 151 function init_w
size of program expression: 1240 assignments
Generated 199 VCC(s), 94 remaining after simplification
Encoding remaining VCC(s) using integer/real arithmetic
Solving with SMT Solver Z3 v2.11
Runtime decision procedure: 0.003s
VERIFICATION SUCCESSFUL
EXIT=0
SIGNAL=0
