file main.c: Parsing
Converting
Type-checking main
Generating GOTO Program
Pointer Analysis
Adding Pointer Checks
Starting Bounded Model Checking
**** WARNING: no body for function c::f
size of program expression: 11 assignments
Generated 1 VCC(s), 1 remaining after simplification
Encoding remaining VCC(s) using integer/real arithmetic
Solving with SMT Solver Z3 v2.11
Runtime decision procedure: 0.001s
Building error trace

Counterexample:

Violated property:
  file main.c line 8 function main
  assertion
  i == 1

VERIFICATION FAILED
EXIT=0
SIGNAL=0
