file main.c: Parsing
Converting
Type-checking main
Generating GOTO Program
Pointer Analysis
Adding Pointer Checks
Starting Bounded Model Checking
Unwinding loop 0 iteration 1 file main.c line 15 function really
size of program expression: 31 assignments
Generated 4 VCC(s), 3 remaining after simplification
Encoding remaining VCC(s) using integer/real arithmetic
Solving with SMT Solver Z3 v2.11
Runtime decision procedure: 0.006s
Building error trace

Counterexample:

State 1 file <built-in> line 12 thread 0
----------------------------------------------------
  __ESBMC_alloc=(assignment removed)

State 2 file <built-in> line 13 thread 0
----------------------------------------------------
  __ESBMC_alloc_size=(assignment removed)

State 3 file <built-in> line 19 thread 0
----------------------------------------------------
  __ESBMC_rounding_mode=0 (00000000000000000000000000000000)

State 6 file main.c line 14 function really thread 0
----------------------------------------------------
  c::really::$tmp::return_value_malloc$1=(assignment removed)

State 7 file main.c line 14 function really thread 0
----------------------------------------------------
  __ESBMC_alloc_size=(assignment removed)

State 8 file main.c line 14 function really thread 0
----------------------------------------------------
  __ESBMC_alloc=(assignment removed)

State 9 file main.c line 14 function really thread 0
----------------------------------------------------
  __ESBMC_alloc=(assignment removed)

State 10 file main.c line 14 function really thread 0
----------------------------------------------------
  main::really::1::p=(assignment removed)

State 11 file main.c line 15 function really thread 0
----------------------------------------------------
  main::really::1::i=0 (00000000000000000000000000000000)

State 14 file main.c line 16 function really thread 0
----------------------------------------------------
  symex_dynamic::dynamic_163725553_array={ 122, 0, 0, 0, 0, 0, 0, 0, 0, 0 }

State 15  thread 0
----------------------------------------------------
  c::really::$tmp::tmp$2=0 (00000000000000000000000000000000)

State 16 file main.c line 15 function really thread 0
----------------------------------------------------
  main::really::1::i=1 (00000000000000000000000000000001)

State 19 file main.c line 17 function really thread 0
----------------------------------------------------
  __ESBMC_alloc=(assignment removed)

State 20 file main.c line 17 function really thread 0
----------------------------------------------------
  __ESBMC_alloc=(assignment removed)

State 21 file main.c line 19 function really thread 0
----------------------------------------------------
  c::really::$tmp::return_value_malloc$3=(assignment removed)

State 22 file main.c line 19 function really thread 0
----------------------------------------------------
  __ESBMC_alloc_size=(assignment removed)

State 23 file main.c line 19 function really thread 0
----------------------------------------------------
  __ESBMC_alloc=(assignment removed)

State 24 file main.c line 19 function really thread 0
----------------------------------------------------
  __ESBMC_alloc=(assignment removed)

State 25 file main.c line 19 function really thread 0
----------------------------------------------------
  main::really::1::p=(assignment removed)

Violated property:
  file main.c line 19 function really
  dereference failure: forgotten memory
  DEALLOCATED_OBJECT(return_value_malloc$3) == TRUE

VERIFICATION FAILED
EXIT=0
SIGNAL=0
