file main.c: Parsing
Converting
Type-checking main
Generating GOTO Program
Pointer Analysis
Adding Pointer Checks
Starting Bounded Model Checking
Unwinding loop 8 iteration 1 file common.h line 88 function sqrt
Unwinding loop 8 iteration 2 file common.h line 88 function sqrt
Unwinding loop 8 iteration 3 file common.h line 88 function sqrt
Unwinding loop 8 iteration 4 file common.h line 88 function sqrt
Unwinding loop 8 iteration 5 file common.h line 88 function sqrt
Unwinding loop 8 iteration 6 file common.h line 88 function sqrt
Unwinding loop 8 iteration 7 file common.h line 88 function sqrt
Unwinding loop 8 iteration 8 file common.h line 88 function sqrt
Unwinding loop 8 iteration 9 file common.h line 88 function sqrt
Unwinding loop 8 iteration 10 file common.h line 88 function sqrt
Unwinding loop 8 iteration 11 file common.h line 88 function sqrt
Unwinding loop 8 iteration 12 file common.h line 88 function sqrt
Unwinding loop 8 iteration 13 file common.h line 88 function sqrt
Unwinding loop 8 iteration 14 file common.h line 88 function sqrt
Unwinding loop 8 iteration 15 file common.h line 88 function sqrt
Unwinding loop 8 iteration 16 file common.h line 88 function sqrt
Unwinding loop 8 iteration 17 file common.h line 88 function sqrt
Unwinding loop 8 iteration 18 file common.h line 88 function sqrt
Unwinding loop 8 iteration 19 file common.h line 88 function sqrt
Unwinding loop 10 iteration 1 file main.c line 43 function fir_filter
Unwinding loop 10 iteration 2 file main.c line 43 function fir_filter
Unwinding loop 10 iteration 3 file main.c line 43 function fir_filter
Unwinding loop 10 iteration 4 file main.c line 43 function fir_filter
Unwinding loop 10 iteration 5 file main.c line 43 function fir_filter
Unwinding loop 10 iteration 6 file main.c line 43 function fir_filter
Unwinding loop 10 iteration 7 file main.c line 43 function fir_filter
Unwinding loop 10 iteration 8 file main.c line 43 function fir_filter
Unwinding loop 10 iteration 9 file main.c line 43 function fir_filter
Unwinding loop 10 iteration 10 file main.c line 43 function fir_filter
Unwinding loop 10 iteration 11 file main.c line 43 function fir_filter
Unwinding loop 10 iteration 12 file main.c line 43 function fir_filter
Unwinding loop 10 iteration 13 file main.c line 43 function fir_filter
Unwinding loop 10 iteration 14 file main.c line 43 function fir_filter
Unwinding loop 10 iteration 15 file main.c line 43 function fir_filter
Unwinding loop 10 iteration 16 file main.c line 43 function fir_filter
Unwinding loop 10 iteration 17 file main.c line 43 function fir_filter
Unwinding loop 10 iteration 18 file main.c line 43 function fir_filter
Unwinding loop 10 iteration 19 file main.c line 43 function fir_filter
Unwinding loop 10 iteration 20 file main.c line 43 function fir_filter
Unwinding loop 10 iteration 21 file main.c line 43 function fir_filter
Unwinding loop 10 iteration 22 file main.c line 43 function fir_filter
Unwinding loop 10 iteration 23 file main.c line 43 function fir_filter
Unwinding loop 10 iteration 24 file main.c line 43 function fir_filter
Unwinding loop 10 iteration 25 file main.c line 43 function fir_filter
Unwinding loop 10 iteration 26 file main.c line 43 function fir_filter
Unwinding loop 10 iteration 27 file main.c line 43 function fir_filter
Unwinding loop 10 iteration 28 file main.c line 43 function fir_filter
Unwinding loop 10 iteration 29 file main.c line 43 function fir_filter
Unwinding loop 10 iteration 30 file main.c line 43 function fir_filter
Unwinding loop 10 iteration 31 file main.c line 43 function fir_filter
Unwinding loop 10 iteration 32 file main.c line 43 function fir_filter
Unwinding loop 10 iteration 33 file main.c line 43 function fir_filter
Unwinding loop 11 iteration 1 file main.c line 96 function main
Unwinding loop 4 iteration 1 file common.h line 46 function sin
Unwinding loop 4 iteration 2 file common.h line 46 function sin
Unwinding loop 10 iteration 1 file main.c line 43 function fir_filter
Unwinding loop 10 iteration 2 file main.c line 43 function fir_filter
Unwinding loop 10 iteration 3 file main.c line 43 function fir_filter
Unwinding loop 10 iteration 4 file main.c line 43 function fir_filter
Unwinding loop 10 iteration 5 file main.c line 43 function fir_filter
Unwinding loop 10 iteration 6 file main.c line 43 function fir_filter
Unwinding loop 10 iteration 7 file main.c line 43 function fir_filter
Unwinding loop 10 iteration 8 file main.c line 43 function fir_filter
Unwinding loop 10 iteration 9 file main.c line 43 function fir_filter
Unwinding loop 10 iteration 10 file main.c line 43 function fir_filter
Unwinding loop 10 iteration 11 file main.c line 43 function fir_filter
Unwinding loop 10 iteration 12 file main.c line 43 function fir_filter
Unwinding loop 10 iteration 13 file main.c line 43 function fir_filter
Unwinding loop 10 iteration 14 file main.c line 43 function fir_filter
Unwinding loop 10 iteration 15 file main.c line 43 function fir_filter
Unwinding loop 10 iteration 16 file main.c line 43 function fir_filter
Unwinding loop 10 iteration 17 file main.c line 43 function fir_filter
Unwinding loop 10 iteration 18 file main.c line 43 function fir_filter
Unwinding loop 10 iteration 19 file main.c line 43 function fir_filter
Unwinding loop 10 iteration 20 file main.c line 43 function fir_filter
Unwinding loop 10 iteration 21 file main.c line 43 function fir_filter
Unwinding loop 10 iteration 22 file main.c line 43 function fir_filter
Unwinding loop 10 iteration 23 file main.c line 43 function fir_filter
Unwinding loop 10 iteration 24 file main.c line 43 function fir_filter
Unwinding loop 10 iteration 25 file main.c line 43 function fir_filter
Unwinding loop 10 iteration 26 file main.c line 43 function fir_filter
Unwinding loop 10 iteration 27 file main.c line 43 function fir_filter
Unwinding loop 10 iteration 28 file main.c line 43 function fir_filter
Unwinding loop 10 iteration 29 file main.c line 43 function fir_filter
Unwinding loop 10 iteration 30 file main.c line 43 function fir_filter
Unwinding loop 10 iteration 31 file main.c line 43 function fir_filter
Unwinding loop 10 iteration 32 file main.c line 43 function fir_filter
Unwinding loop 10 iteration 33 file main.c line 43 function fir_filter
Unwinding loop 11 iteration 2 file main.c line 96 function main
Unwinding loop 4 iteration 1 file common.h line 46 function sin
Unwinding loop 4 iteration 2 file common.h line 46 function sin
Unwinding loop 8 iteration 1 file common.h line 88 function sqrt
Unwinding loop 8 iteration 2 file common.h line 88 function sqrt
Unwinding loop 8 iteration 3 file common.h line 88 function sqrt
Unwinding loop 8 iteration 4 file common.h line 88 function sqrt
Unwinding loop 8 iteration 5 file common.h line 88 function sqrt
Unwinding loop 8 iteration 6 file common.h line 88 function sqrt
Unwinding loop 8 iteration 7 file common.h line 88 function sqrt
Unwinding loop 8 iteration 8 file common.h line 88 function sqrt
Unwinding loop 8 iteration 9 file common.h line 88 function sqrt
Unwinding loop 8 iteration 10 file common.h line 88 function sqrt
Unwinding loop 8 iteration 11 file common.h line 88 function sqrt
Unwinding loop 8 iteration 12 file common.h line 88 function sqrt
Unwinding loop 8 iteration 13 file common.h line 88 function sqrt
Unwinding loop 8 iteration 14 file common.h line 88 function sqrt
Unwinding loop 8 iteration 15 file common.h line 88 function sqrt
Unwinding loop 8 iteration 16 file common.h line 88 function sqrt
Unwinding loop 8 iteration 17 file common.h line 88 function sqrt
Unwinding loop 8 iteration 18 file common.h line 88 function sqrt
Unwinding loop 8 iteration 19 file common.h line 88 function sqrt
Unwinding loop 10 iteration 1 file main.c line 43 function fir_filter
Unwinding loop 10 iteration 2 file main.c line 43 function fir_filter
Unwinding loop 10 iteration 3 file main.c line 43 function fir_filter
Unwinding loop 10 iteration 4 file main.c line 43 function fir_filter
Unwinding loop 10 iteration 5 file main.c line 43 function fir_filter
Unwinding loop 10 iteration 6 file main.c line 43 function fir_filter
Unwinding loop 10 iteration 7 file main.c line 43 function fir_filter
Unwinding loop 10 iteration 8 file main.c line 43 function fir_filter
Unwinding loop 10 iteration 9 file main.c line 43 function fir_filter
Unwinding loop 10 iteration 10 file main.c line 43 function fir_filter
Unwinding loop 10 iteration 11 file main.c line 43 function fir_filter
Unwinding loop 10 iteration 12 file main.c line 43 function fir_filter
Unwinding loop 10 iteration 13 file main.c line 43 function fir_filter
Unwinding loop 10 iteration 14 file main.c line 43 function fir_filter
Unwinding loop 10 iteration 15 file main.c line 43 function fir_filter
Unwinding loop 10 iteration 16 file main.c line 43 function fir_filter
Unwinding loop 10 iteration 17 file main.c line 43 function fir_filter
Unwinding loop 10 iteration 18 file main.c line 43 function fir_filter
Unwinding loop 10 iteration 19 file main.c line 43 function fir_filter
Unwinding loop 10 iteration 20 file main.c line 43 function fir_filter
Unwinding loop 10 iteration 21 file main.c line 43 function fir_filter
Unwinding loop 10 iteration 22 file main.c line 43 function fir_filter
Unwinding loop 10 iteration 23 file main.c line 43 function fir_filter
Unwinding loop 10 iteration 24 file main.c line 43 function fir_filter
Unwinding loop 10 iteration 25 file main.c line 43 function fir_filter
Unwinding loop 10 iteration 26 file main.c line 43 function fir_filter
Unwinding loop 10 iteration 27 file main.c line 43 function fir_filter
Unwinding loop 10 iteration 28 file main.c line 43 function fir_filter
Unwinding loop 10 iteration 29 file main.c line 43 function fir_filter
Unwinding loop 10 iteration 30 file main.c line 43 function fir_filter
Unwinding loop 10 iteration 31 file main.c line 43 function fir_filter
Unwinding loop 10 iteration 32 file main.c line 43 function fir_filter
Unwinding loop 10 iteration 33 file main.c line 43 function fir_filter
Unwinding loop 11 iteration 3 file main.c line 96 function main
Unwinding loop 4 iteration 1 file common.h line 46 function sin
Unwinding loop 4 iteration 2 file common.h line 46 function sin
Unwinding loop 4 iteration 3 file common.h line 46 function sin
Unwinding loop 10 iteration 1 file main.c line 43 function fir_filter
Unwinding loop 10 iteration 2 file main.c line 43 function fir_filter
Unwinding loop 10 iteration 3 file main.c line 43 function fir_filter
Unwinding loop 10 iteration 4 file main.c line 43 function fir_filter
Unwinding loop 10 iteration 5 file main.c line 43 function fir_filter
Unwinding loop 10 iteration 6 file main.c line 43 function fir_filter
Unwinding loop 10 iteration 7 file main.c line 43 function fir_filter
Unwinding loop 10 iteration 8 file main.c line 43 function fir_filter
Unwinding loop 10 iteration 9 file main.c line 43 function fir_filter
Unwinding loop 10 iteration 10 file main.c line 43 function fir_filter
Unwinding loop 10 iteration 11 file main.c line 43 function fir_filter
Unwinding loop 10 iteration 12 file main.c line 43 function fir_filter
Unwinding loop 10 iteration 13 file main.c line 43 function fir_filter
Unwinding loop 10 iteration 14 file main.c line 43 function fir_filter
Unwinding loop 10 iteration 15 file main.c line 43 function fir_filter
Unwinding loop 10 iteration 16 file main.c line 43 function fir_filter
Unwinding loop 10 iteration 17 file main.c line 43 function fir_filter
Unwinding loop 10 iteration 18 file main.c line 43 function fir_filter
Unwinding loop 10 iteration 19 file main.c line 43 function fir_filter
Unwinding loop 10 iteration 20 file main.c line 43 function fir_filter
Unwinding loop 10 iteration 21 file main.c line 43 function fir_filter
Unwinding loop 10 iteration 22 file main.c line 43 function fir_filter
Unwinding loop 10 iteration 23 file main.c line 43 function fir_filter
Unwinding loop 10 iteration 24 file main.c line 43 function fir_filter
Unwinding loop 10 iteration 25 file main.c line 43 function fir_filter
Unwinding loop 10 iteration 26 file main.c line 43 function fir_filter
Unwinding loop 10 iteration 27 file main.c line 43 function fir_filter
Unwinding loop 10 iteration 28 file main.c line 43 function fir_filter
Unwinding loop 10 iteration 29 file main.c line 43 function fir_filter
Unwinding loop 10 iteration 30 file main.c line 43 function fir_filter
Unwinding loop 10 iteration 31 file main.c line 43 function fir_filter
Unwinding loop 10 iteration 32 file main.c line 43 function fir_filter
Unwinding loop 10 iteration 33 file main.c line 43 function fir_filter
Unwinding loop 11 iteration 4 file main.c line 96 function main
Unwinding loop 4 iteration 1 file common.h line 46 function sin
Unwinding loop 4 iteration 2 file common.h line 46 function sin
Unwinding loop 4 iteration 3 file common.h line 46 function sin
Unwinding loop 4 iteration 4 file common.h line 46 function sin
Unwinding loop 13 iteration 1 file main.c line 67 function gaussian
Unwinding loop 8 iteration 1 file common.h line 88 function sqrt
Unwinding loop 8 iteration 2 file common.h line 88 function sqrt
Unwinding loop 8 iteration 3 file common.h line 88 function sqrt
Unwinding loop 8 iteration 4 file common.h line 88 function sqrt
Unwinding loop 8 iteration 5 file common.h line 88 function sqrt
Unwinding loop 8 iteration 6 file common.h line 88 function sqrt
Unwinding loop 8 iteration 7 file common.h line 88 function sqrt
Unwinding loop 8 iteration 8 file common.h line 88 function sqrt
Unwinding loop 8 iteration 9 file common.h line 88 function sqrt
Unwinding loop 8 iteration 10 file common.h line 88 function sqrt
Unwinding loop 8 iteration 11 file common.h line 88 function sqrt
Unwinding loop 8 iteration 12 file common.h line 88 function sqrt
Unwinding loop 8 iteration 13 file common.h line 88 function sqrt
Unwinding loop 8 iteration 14 file common.h line 88 function sqrt
Unwinding loop 8 iteration 15 file common.h line 88 function sqrt
Unwinding loop 8 iteration 16 file common.h line 88 function sqrt
Unwinding loop 8 iteration 17 file common.h line 88 function sqrt
Unwinding loop 8 iteration 18 file common.h line 88 function sqrt
Unwinding loop 8 iteration 19 file common.h line 88 function sqrt
Unwinding loop 10 iteration 1 file main.c line 43 function fir_filter
Unwinding loop 10 iteration 2 file main.c line 43 function fir_filter
Unwinding loop 10 iteration 3 file main.c line 43 function fir_filter
Unwinding loop 10 iteration 4 file main.c line 43 function fir_filter
Unwinding loop 10 iteration 5 file main.c line 43 function fir_filter
Unwinding loop 10 iteration 6 file main.c line 43 function fir_filter
Unwinding loop 10 iteration 7 file main.c line 43 function fir_filter
Unwinding loop 10 iteration 8 file main.c line 43 function fir_filter
Unwinding loop 10 iteration 9 file main.c line 43 function fir_filter
Unwinding loop 10 iteration 10 file main.c line 43 function fir_filter
Unwinding loop 10 iteration 11 file main.c line 43 function fir_filter
Unwinding loop 10 iteration 12 file main.c line 43 function fir_filter
Unwinding loop 10 iteration 13 file main.c line 43 function fir_filter
Unwinding loop 10 iteration 14 file main.c line 43 function fir_filter
Unwinding loop 10 iteration 15 file main.c line 43 function fir_filter
Unwinding loop 10 iteration 16 file main.c line 43 function fir_filter
Unwinding loop 10 iteration 17 file main.c line 43 function fir_filter
Unwinding loop 10 iteration 18 file main.c line 43 function fir_filter
Unwinding loop 10 iteration 19 file main.c line 43 function fir_filter
Unwinding loop 10 iteration 20 file main.c line 43 function fir_filter
Unwinding loop 10 iteration 21 file main.c line 43 function fir_filter
Unwinding loop 10 iteration 22 file main.c line 43 function fir_filter
Unwinding loop 10 iteration 23 file main.c line 43 function fir_filter
Unwinding loop 10 iteration 24 file main.c line 43 function fir_filter
Unwinding loop 10 iteration 25 file main.c line 43 function fir_filter
Unwinding loop 10 iteration 26 file main.c line 43 function fir_filter
Unwinding loop 10 iteration 27 file main.c line 43 function fir_filter
Unwinding loop 10 iteration 28 file main.c line 43 function fir_filter
Unwinding loop 10 iteration 29 file main.c line 43 function fir_filter
Unwinding loop 10 iteration 30 file main.c line 43 function fir_filter
Unwinding loop 10 iteration 31 file main.c line 43 function fir_filter
Unwinding loop 10 iteration 32 file main.c line 43 function fir_filter
Unwinding loop 10 iteration 33 file main.c line 43 function fir_filter
Unwinding loop 11 iteration 5 file main.c line 96 function main
Unwinding loop 4 iteration 1 file common.h line 46 function sin
Unwinding loop 4 iteration 2 file common.h line 46 function sin
Unwinding loop 4 iteration 3 file common.h line 46 function sin
Unwinding loop 4 iteration 4 file common.h line 46 function sin
Unwinding loop 10 iteration 1 file main.c line 43 function fir_filter
Unwinding loop 10 iteration 2 file main.c line 43 function fir_filter
Unwinding loop 10 iteration 3 file main.c line 43 function fir_filter
Unwinding loop 10 iteration 4 file main.c line 43 function fir_filter
Unwinding loop 10 iteration 5 file main.c line 43 function fir_filter
Unwinding loop 10 iteration 6 file main.c line 43 function fir_filter
Unwinding loop 10 iteration 7 file main.c line 43 function fir_filter
Unwinding loop 10 iteration 8 file main.c line 43 function fir_filter
Unwinding loop 10 iteration 9 file main.c line 43 function fir_filter
Unwinding loop 10 iteration 10 file main.c line 43 function fir_filter
Unwinding loop 10 iteration 11 file main.c line 43 function fir_filter
Unwinding loop 10 iteration 12 file main.c line 43 function fir_filter
Unwinding loop 10 iteration 13 file main.c line 43 function fir_filter
Unwinding loop 10 iteration 14 file main.c line 43 function fir_filter
Unwinding loop 10 iteration 15 file main.c line 43 function fir_filter
Unwinding loop 10 iteration 16 file main.c line 43 function fir_filter
Unwinding loop 10 iteration 17 file main.c line 43 function fir_filter
Unwinding loop 10 iteration 18 file main.c line 43 function fir_filter
Unwinding loop 10 iteration 19 file main.c line 43 function fir_filter
Unwinding loop 10 iteration 20 file main.c line 43 function fir_filter
Unwinding loop 10 iteration 21 file main.c line 43 function fir_filter
Unwinding loop 10 iteration 22 file main.c line 43 function fir_filter
Unwinding loop 10 iteration 23 file main.c line 43 function fir_filter
Unwinding loop 10 iteration 24 file main.c line 43 function fir_filter
Unwinding loop 10 iteration 25 file main.c line 43 function fir_filter
Unwinding loop 10 iteration 26 file main.c line 43 function fir_filter
Unwinding loop 10 iteration 27 file main.c line 43 function fir_filter
Unwinding loop 10 iteration 28 file main.c line 43 function fir_filter
Unwinding loop 10 iteration 29 file main.c line 43 function fir_filter
Unwinding loop 10 iteration 30 file main.c line 43 function fir_filter
Unwinding loop 10 iteration 31 file main.c line 43 function fir_filter
Unwinding loop 10 iteration 32 file main.c line 43 function fir_filter
Unwinding loop 10 iteration 33 file main.c line 43 function fir_filter
Unwinding loop 11 iteration 6 file main.c line 96 function main
Unwinding loop 4 iteration 1 file common.h line 46 function sin
Unwinding loop 4 iteration 2 file common.h line 46 function sin
Unwinding loop 4 iteration 3 file common.h line 46 function sin
Unwinding loop 4 iteration 4 file common.h line 46 function sin
Unwinding loop 4 iteration 5 file common.h line 46 function sin
Unwinding loop 8 iteration 1 file common.h line 88 function sqrt
Unwinding loop 8 iteration 2 file common.h line 88 function sqrt
Unwinding loop 8 iteration 3 file common.h line 88 function sqrt
Unwinding loop 8 iteration 4 file common.h line 88 function sqrt
Unwinding loop 8 iteration 5 file common.h line 88 function sqrt
Unwinding loop 8 iteration 6 file common.h line 88 function sqrt
Unwinding loop 8 iteration 7 file common.h line 88 function sqrt
Unwinding loop 8 iteration 8 file common.h line 88 function sqrt
Unwinding loop 8 iteration 9 file common.h line 88 function sqrt
Unwinding loop 8 iteration 10 file common.h line 88 function sqrt
Unwinding loop 8 iteration 11 file common.h line 88 function sqrt
Unwinding loop 8 iteration 12 file common.h line 88 function sqrt
Unwinding loop 8 iteration 13 file common.h line 88 function sqrt
Unwinding loop 8 iteration 14 file common.h line 88 function sqrt
Unwinding loop 8 iteration 15 file common.h line 88 function sqrt
Unwinding loop 8 iteration 16 file common.h line 88 function sqrt
Unwinding loop 8 iteration 17 file common.h line 88 function sqrt
Unwinding loop 8 iteration 18 file common.h line 88 function sqrt
Unwinding loop 8 iteration 19 file common.h line 88 function sqrt
Unwinding loop 10 iteration 1 file main.c line 43 function fir_filter
Unwinding loop 10 iteration 2 file main.c line 43 function fir_filter
Unwinding loop 10 iteration 3 file main.c line 43 function fir_filter
Unwinding loop 10 iteration 4 file main.c line 43 function fir_filter
Unwinding loop 10 iteration 5 file main.c line 43 function fir_filter
Unwinding loop 10 iteration 6 file main.c line 43 function fir_filter
Unwinding loop 10 iteration 7 file main.c line 43 function fir_filter
Unwinding loop 10 iteration 8 file main.c line 43 function fir_filter
Unwinding loop 10 iteration 9 file main.c line 43 function fir_filter
Unwinding loop 10 iteration 10 file main.c line 43 function fir_filter
Unwinding loop 10 iteration 11 file main.c line 43 function fir_filter
Unwinding loop 10 iteration 12 file main.c line 43 function fir_filter
Unwinding loop 10 iteration 13 file main.c line 43 function fir_filter
Unwinding loop 10 iteration 14 file main.c line 43 function fir_filter
Unwinding loop 10 iteration 15 file main.c line 43 function fir_filter
Unwinding loop 10 iteration 16 file main.c line 43 function fir_filter
Unwinding loop 10 iteration 17 file main.c line 43 function fir_filter
Unwinding loop 10 iteration 18 file main.c line 43 function fir_filter
Unwinding loop 10 iteration 19 file main.c line 43 function fir_filter
Unwinding loop 10 iteration 20 file main.c line 43 function fir_filter
Unwinding loop 10 iteration 21 file main.c line 43 function fir_filter
Unwinding loop 10 iteration 22 file main.c line 43 function fir_filter
Unwinding loop 10 iteration 23 file main.c line 43 function fir_filter
Unwinding loop 10 iteration 24 file main.c line 43 function fir_filter
Unwinding loop 10 iteration 25 file main.c line 43 function fir_filter
Unwinding loop 10 iteration 26 file main.c line 43 function fir_filter
Unwinding loop 10 iteration 27 file main.c line 43 function fir_filter
Unwinding loop 10 iteration 28 file main.c line 43 function fir_filter
Unwinding loop 10 iteration 29 file main.c line 43 function fir_filter
Unwinding loop 10 iteration 30 file main.c line 43 function fir_filter
Unwinding loop 10 iteration 31 file main.c line 43 function fir_filter
Unwinding loop 10 iteration 32 file main.c line 43 function fir_filter
Unwinding loop 10 iteration 33 file main.c line 43 function fir_filter
Unwinding loop 11 iteration 7 file main.c line 96 function main
Unwinding loop 4 iteration 1 file common.h line 46 function sin
Unwinding loop 4 iteration 2 file common.h line 46 function sin
Unwinding loop 4 iteration 3 file common.h line 46 function sin
Unwinding loop 4 iteration 4 file common.h line 46 function sin
Unwinding loop 4 iteration 5 file common.h line 46 function sin
Unwinding loop 10 iteration 1 file main.c line 43 function fir_filter
Unwinding loop 10 iteration 2 file main.c line 43 function fir_filter
Unwinding loop 10 iteration 3 file main.c line 43 function fir_filter
Unwinding loop 10 iteration 4 file main.c line 43 function fir_filter
Unwinding loop 10 iteration 5 file main.c line 43 function fir_filter
Unwinding loop 10 iteration 6 file main.c line 43 function fir_filter
Unwinding loop 10 iteration 7 file main.c line 43 function fir_filter
Unwinding loop 10 iteration 8 file main.c line 43 function fir_filter
Unwinding loop 10 iteration 9 file main.c line 43 function fir_filter
Unwinding loop 10 iteration 10 file main.c line 43 function fir_filter
Unwinding loop 10 iteration 11 file main.c line 43 function fir_filter
Unwinding loop 10 iteration 12 file main.c line 43 function fir_filter
Unwinding loop 10 iteration 13 file main.c line 43 function fir_filter
Unwinding loop 10 iteration 14 file main.c line 43 function fir_filter
Unwinding loop 10 iteration 15 file main.c line 43 function fir_filter
Unwinding loop 10 iteration 16 file main.c line 43 function fir_filter
Unwinding loop 10 iteration 17 file main.c line 43 function fir_filter
Unwinding loop 10 iteration 18 file main.c line 43 function fir_filter
Unwinding loop 10 iteration 19 file main.c line 43 function fir_filter
Unwinding loop 10 iteration 20 file main.c line 43 function fir_filter
Unwinding loop 10 iteration 21 file main.c line 43 function fir_filter
Unwinding loop 10 iteration 22 file main.c line 43 function fir_filter
Unwinding loop 10 iteration 23 file main.c line 43 function fir_filter
Unwinding loop 10 iteration 24 file main.c line 43 function fir_filter
Unwinding loop 10 iteration 25 file main.c line 43 function fir_filter
Unwinding loop 10 iteration 26 file main.c line 43 function fir_filter
Unwinding loop 10 iteration 27 file main.c line 43 function fir_filter
Unwinding loop 10 iteration 28 file main.c line 43 function fir_filter
Unwinding loop 10 iteration 29 file main.c line 43 function fir_filter
Unwinding loop 10 iteration 30 file main.c line 43 function fir_filter
Unwinding loop 10 iteration 31 file main.c line 43 function fir_filter
Unwinding loop 10 iteration 32 file main.c line 43 function fir_filter
Unwinding loop 10 iteration 33 file main.c line 43 function fir_filter
Unwinding loop 11 iteration 8 file main.c line 96 function main
Unwinding loop 4 iteration 1 file common.h line 46 function sin
Unwinding loop 4 iteration 2 file common.h line 46 function sin
Unwinding loop 4 iteration 3 file common.h line 46 function sin
Unwinding loop 4 iteration 4 file common.h line 46 function sin
Unwinding loop 4 iteration 5 file common.h line 46 function sin
Unwinding loop 4 iteration 6 file common.h line 46 function sin
Unwinding loop 8 iteration 1 file common.h line 88 function sqrt
Unwinding loop 8 iteration 2 file common.h line 88 function sqrt
Unwinding loop 8 iteration 3 file common.h line 88 function sqrt
Unwinding loop 8 iteration 4 file common.h line 88 function sqrt
Unwinding loop 8 iteration 5 file common.h line 88 function sqrt
Unwinding loop 8 iteration 6 file common.h line 88 function sqrt
Unwinding loop 8 iteration 7 file common.h line 88 function sqrt
Unwinding loop 8 iteration 8 file common.h line 88 function sqrt
Unwinding loop 8 iteration 9 file common.h line 88 function sqrt
Unwinding loop 8 iteration 10 file common.h line 88 function sqrt
Unwinding loop 8 iteration 11 file common.h line 88 function sqrt
Unwinding loop 8 iteration 12 file common.h line 88 function sqrt
Unwinding loop 8 iteration 13 file common.h line 88 function sqrt
Unwinding loop 8 iteration 14 file common.h line 88 function sqrt
Unwinding loop 8 iteration 15 file common.h line 88 function sqrt
Unwinding loop 8 iteration 16 file common.h line 88 function sqrt
Unwinding loop 8 iteration 17 file common.h line 88 function sqrt
Unwinding loop 8 iteration 18 file common.h line 88 function sqrt
Unwinding loop 8 iteration 19 file common.h line 88 function sqrt
Unwinding loop 10 iteration 1 file main.c line 43 function fir_filter
Unwinding loop 10 iteration 2 file main.c line 43 function fir_filter
Unwinding loop 10 iteration 3 file main.c line 43 function fir_filter
Unwinding loop 10 iteration 4 file main.c line 43 function fir_filter
Unwinding loop 10 iteration 5 file main.c line 43 function fir_filter
Unwinding loop 10 iteration 6 file main.c line 43 function fir_filter
Unwinding loop 10 iteration 7 file main.c line 43 function fir_filter
Unwinding loop 10 iteration 8 file main.c line 43 function fir_filter
Unwinding loop 10 iteration 9 file main.c line 43 function fir_filter
Unwinding loop 10 iteration 10 file main.c line 43 function fir_filter
Unwinding loop 10 iteration 11 file main.c line 43 function fir_filter
Unwinding loop 10 iteration 12 file main.c line 43 function fir_filter
Unwinding loop 10 iteration 13 file main.c line 43 function fir_filter
Unwinding loop 10 iteration 14 file main.c line 43 function fir_filter
Unwinding loop 10 iteration 15 file main.c line 43 function fir_filter
Unwinding loop 10 iteration 16 file main.c line 43 function fir_filter
Unwinding loop 10 iteration 17 file main.c line 43 function fir_filter
Unwinding loop 10 iteration 18 file main.c line 43 function fir_filter
Unwinding loop 10 iteration 19 file main.c line 43 function fir_filter
Unwinding loop 10 iteration 20 file main.c line 43 function fir_filter
Unwinding loop 10 iteration 21 file main.c line 43 function fir_filter
Unwinding loop 10 iteration 22 file main.c line 43 function fir_filter
Unwinding loop 10 iteration 23 file main.c line 43 function fir_filter
Unwinding loop 10 iteration 24 file main.c line 43 function fir_filter
Unwinding loop 10 iteration 25 file main.c line 43 function fir_filter
Unwinding loop 10 iteration 26 file main.c line 43 function fir_filter
Unwinding loop 10 iteration 27 file main.c line 43 function fir_filter
Unwinding loop 10 iteration 28 file main.c line 43 function fir_filter
Unwinding loop 10 iteration 29 file main.c line 43 function fir_filter
Unwinding loop 10 iteration 30 file main.c line 43 function fir_filter
Unwinding loop 10 iteration 31 file main.c line 43 function fir_filter
Unwinding loop 10 iteration 32 file main.c line 43 function fir_filter
Unwinding loop 10 iteration 33 file main.c line 43 function fir_filter
Unwinding loop 11 iteration 9 file main.c line 96 function main
Unwinding loop 4 iteration 1 file common.h line 46 function sin
Unwinding loop 4 iteration 2 file common.h line 46 function sin
Unwinding loop 4 iteration 3 file common.h line 46 function sin
Unwinding loop 4 iteration 4 file common.h line 46 function sin
Unwinding loop 4 iteration 5 file common.h line 46 function sin
Unwinding loop 4 iteration 6 file common.h line 46 function sin
Unwinding loop 10 iteration 1 file main.c line 43 function fir_filter
Unwinding loop 10 iteration 2 file main.c line 43 function fir_filter
Unwinding loop 10 iteration 3 file main.c line 43 function fir_filter
Unwinding loop 10 iteration 4 file main.c line 43 function fir_filter
Unwinding loop 10 iteration 5 file main.c line 43 function fir_filter
Unwinding loop 10 iteration 6 file main.c line 43 function fir_filter
Unwinding loop 10 iteration 7 file main.c line 43 function fir_filter
Unwinding loop 10 iteration 8 file main.c line 43 function fir_filter
Unwinding loop 10 iteration 9 file main.c line 43 function fir_filter
Unwinding loop 10 iteration 10 file main.c line 43 function fir_filter
Unwinding loop 10 iteration 11 file main.c line 43 function fir_filter
Unwinding loop 10 iteration 12 file main.c line 43 function fir_filter
Unwinding loop 10 iteration 13 file main.c line 43 function fir_filter
Unwinding loop 10 iteration 14 file main.c line 43 function fir_filter
Unwinding loop 10 iteration 15 file main.c line 43 function fir_filter
Unwinding loop 10 iteration 16 file main.c line 43 function fir_filter
Unwinding loop 10 iteration 17 file main.c line 43 function fir_filter
Unwinding loop 10 iteration 18 file main.c line 43 function fir_filter
Unwinding loop 10 iteration 19 file main.c line 43 function fir_filter
Unwinding loop 10 iteration 20 file main.c line 43 function fir_filter
Unwinding loop 10 iteration 21 file main.c line 43 function fir_filter
Unwinding loop 10 iteration 22 file main.c line 43 function fir_filter
Unwinding loop 10 iteration 23 file main.c line 43 function fir_filter
Unwinding loop 10 iteration 24 file main.c line 43 function fir_filter
Unwinding loop 10 iteration 25 file main.c line 43 function fir_filter
Unwinding loop 10 iteration 26 file main.c line 43 function fir_filter
Unwinding loop 10 iteration 27 file main.c line 43 function fir_filter
Unwinding loop 10 iteration 28 file main.c line 43 function fir_filter
Unwinding loop 10 iteration 29 file main.c line 43 function fir_filter
Unwinding loop 10 iteration 30 file main.c line 43 function fir_filter
Unwinding loop 10 iteration 31 file main.c line 43 function fir_filter
Unwinding loop 10 iteration 32 file main.c line 43 function fir_filter
Unwinding loop 10 iteration 33 file main.c line 43 function fir_filter
Unwinding loop 11 iteration 10 file main.c line 96 function main
Unwinding loop 8 iteration 1 file common.h line 88 function sqrt
Unwinding loop 8 iteration 2 file common.h line 88 function sqrt
Unwinding loop 8 iteration 3 file common.h line 88 function sqrt
Unwinding loop 8 iteration 4 file common.h line 88 function sqrt
Unwinding loop 8 iteration 5 file common.h line 88 function sqrt
Unwinding loop 8 iteration 6 file common.h line 88 function sqrt
Unwinding loop 8 iteration 7 file common.h line 88 function sqrt
Unwinding loop 8 iteration 8 file common.h line 88 function sqrt
Unwinding loop 8 iteration 9 file common.h line 88 function sqrt
Unwinding loop 8 iteration 10 file common.h line 88 function sqrt
Unwinding loop 8 iteration 11 file common.h line 88 function sqrt
Unwinding loop 8 iteration 12 file common.h line 88 function sqrt
Unwinding loop 8 iteration 13 file common.h line 88 function sqrt
Unwinding loop 8 iteration 14 file common.h line 88 function sqrt
Unwinding loop 8 iteration 15 file common.h line 88 function sqrt
Unwinding loop 8 iteration 16 file common.h line 88 function sqrt
Unwinding loop 8 iteration 17 file common.h line 88 function sqrt
Unwinding loop 8 iteration 18 file common.h line 88 function sqrt
Unwinding loop 8 iteration 19 file common.h line 88 function sqrt
Unwinding loop 12 iteration 1 file main.c line 102 function main
Unwinding loop 4 iteration 1 file common.h line 46 function sin
Unwinding loop 4 iteration 2 file common.h line 46 function sin
Unwinding loop 12 iteration 2 file main.c line 102 function main
Unwinding loop 4 iteration 1 file common.h line 46 function sin
Unwinding loop 4 iteration 2 file common.h line 46 function sin
Unwinding loop 8 iteration 1 file common.h line 88 function sqrt
Unwinding loop 8 iteration 2 file common.h line 88 function sqrt
Unwinding loop 8 iteration 3 file common.h line 88 function sqrt
Unwinding loop 8 iteration 4 file common.h line 88 function sqrt
Unwinding loop 8 iteration 5 file common.h line 88 function sqrt
Unwinding loop 8 iteration 6 file common.h line 88 function sqrt
Unwinding loop 8 iteration 7 file common.h line 88 function sqrt
Unwinding loop 8 iteration 8 file common.h line 88 function sqrt
Unwinding loop 8 iteration 9 file common.h line 88 function sqrt
Unwinding loop 8 iteration 10 file common.h line 88 function sqrt
Unwinding loop 8 iteration 11 file common.h line 88 function sqrt
Unwinding loop 8 iteration 12 file common.h line 88 function sqrt
Unwinding loop 8 iteration 13 file common.h line 88 function sqrt
Unwinding loop 8 iteration 14 file common.h line 88 function sqrt
Unwinding loop 8 iteration 15 file common.h line 88 function sqrt
Unwinding loop 8 iteration 16 file common.h line 88 function sqrt
Unwinding loop 8 iteration 17 file common.h line 88 function sqrt
Unwinding loop 8 iteration 18 file common.h line 88 function sqrt
Unwinding loop 8 iteration 19 file common.h line 88 function sqrt
Unwinding loop 12 iteration 3 file main.c line 102 function main
Unwinding loop 4 iteration 1 file common.h line 46 function sin
Unwinding loop 4 iteration 2 file common.h line 46 function sin
Unwinding loop 4 iteration 3 file common.h line 46 function sin
Unwinding loop 12 iteration 4 file main.c line 102 function main
Unwinding loop 4 iteration 1 file common.h line 46 function sin
Unwinding loop 4 iteration 2 file common.h line 46 function sin
Unwinding loop 4 iteration 3 file common.h line 46 function sin
Unwinding loop 4 iteration 4 file common.h line 46 function sin
Unwinding loop 8 iteration 1 file common.h line 88 function sqrt
Unwinding loop 8 iteration 2 file common.h line 88 function sqrt
Unwinding loop 8 iteration 3 file common.h line 88 function sqrt
Unwinding loop 8 iteration 4 file common.h line 88 function sqrt
Unwinding loop 8 iteration 5 file common.h line 88 function sqrt
Unwinding loop 8 iteration 6 file common.h line 88 function sqrt
Unwinding loop 8 iteration 7 file common.h line 88 function sqrt
Unwinding loop 8 iteration 8 file common.h line 88 function sqrt
Unwinding loop 8 iteration 9 file common.h line 88 function sqrt
Unwinding loop 8 iteration 10 file common.h line 88 function sqrt
Unwinding loop 8 iteration 11 file common.h line 88 function sqrt
Unwinding loop 8 iteration 12 file common.h line 88 function sqrt
Unwinding loop 8 iteration 13 file common.h line 88 function sqrt
Unwinding loop 8 iteration 14 file common.h line 88 function sqrt
Unwinding loop 8 iteration 15 file common.h line 88 function sqrt
Unwinding loop 8 iteration 16 file common.h line 88 function sqrt
Unwinding loop 8 iteration 17 file common.h line 88 function sqrt
Unwinding loop 8 iteration 18 file common.h line 88 function sqrt
Unwinding loop 8 iteration 19 file common.h line 88 function sqrt
Unwinding loop 12 iteration 5 file main.c line 102 function main
Unwinding loop 4 iteration 1 file common.h line 46 function sin
Unwinding loop 4 iteration 2 file common.h line 46 function sin
Unwinding loop 4 iteration 3 file common.h line 46 function sin
Unwinding loop 4 iteration 4 file common.h line 46 function sin
Unwinding loop 12 iteration 6 file main.c line 102 function main
Unwinding loop 4 iteration 1 file common.h line 46 function sin
Unwinding loop 4 iteration 2 file common.h line 46 function sin
Unwinding loop 4 iteration 3 file common.h line 46 function sin
Unwinding loop 4 iteration 4 file common.h line 46 function sin
Unwinding loop 4 iteration 5 file common.h line 46 function sin
Unwinding loop 8 iteration 1 file common.h line 88 function sqrt
Unwinding loop 8 iteration 2 file common.h line 88 function sqrt
Unwinding loop 8 iteration 3 file common.h line 88 function sqrt
Unwinding loop 8 iteration 4 file common.h line 88 function sqrt
Unwinding loop 8 iteration 5 file common.h line 88 function sqrt
Unwinding loop 8 iteration 6 file common.h line 88 function sqrt
Unwinding loop 8 iteration 7 file common.h line 88 function sqrt
Unwinding loop 8 iteration 8 file common.h line 88 function sqrt
Unwinding loop 8 iteration 9 file common.h line 88 function sqrt
Unwinding loop 8 iteration 10 file common.h line 88 function sqrt
Unwinding loop 8 iteration 11 file common.h line 88 function sqrt
Unwinding loop 8 iteration 12 file common.h line 88 function sqrt
Unwinding loop 8 iteration 13 file common.h line 88 function sqrt
Unwinding loop 8 iteration 14 file common.h line 88 function sqrt
Unwinding loop 8 iteration 15 file common.h line 88 function sqrt
Unwinding loop 8 iteration 16 file common.h line 88 function sqrt
Unwinding loop 8 iteration 17 file common.h line 88 function sqrt
Unwinding loop 8 iteration 18 file common.h line 88 function sqrt
Unwinding loop 8 iteration 19 file common.h line 88 function sqrt
Unwinding loop 12 iteration 7 file main.c line 102 function main
Unwinding loop 4 iteration 1 file common.h line 46 function sin
Unwinding loop 4 iteration 2 file common.h line 46 function sin
Unwinding loop 4 iteration 3 file common.h line 46 function sin
Unwinding loop 4 iteration 4 file common.h line 46 function sin
Unwinding loop 4 iteration 5 file common.h line 46 function sin
Unwinding loop 12 iteration 8 file main.c line 102 function main
Unwinding loop 4 iteration 1 file common.h line 46 function sin
Unwinding loop 4 iteration 2 file common.h line 46 function sin
Unwinding loop 4 iteration 3 file common.h line 46 function sin
Unwinding loop 4 iteration 4 file common.h line 46 function sin
Unwinding loop 4 iteration 5 file common.h line 46 function sin
Unwinding loop 4 iteration 6 file common.h line 46 function sin
Unwinding loop 8 iteration 1 file common.h line 88 function sqrt
Unwinding loop 8 iteration 2 file common.h line 88 function sqrt
Unwinding loop 8 iteration 3 file common.h line 88 function sqrt
Unwinding loop 8 iteration 4 file common.h line 88 function sqrt
Unwinding loop 8 iteration 5 file common.h line 88 function sqrt
Unwinding loop 8 iteration 6 file common.h line 88 function sqrt
Unwinding loop 8 iteration 7 file common.h line 88 function sqrt
Unwinding loop 8 iteration 8 file common.h line 88 function sqrt
Unwinding loop 8 iteration 9 file common.h line 88 function sqrt
Unwinding loop 8 iteration 10 file common.h line 88 function sqrt
Unwinding loop 8 iteration 11 file common.h line 88 function sqrt
Unwinding loop 8 iteration 12 file common.h line 88 function sqrt
Unwinding loop 8 iteration 13 file common.h line 88 function sqrt
Unwinding loop 8 iteration 14 file common.h line 88 function sqrt
Unwinding loop 8 iteration 15 file common.h line 88 function sqrt
Unwinding loop 8 iteration 16 file common.h line 88 function sqrt
Unwinding loop 8 iteration 17 file common.h line 88 function sqrt
Unwinding loop 8 iteration 18 file common.h line 88 function sqrt
Unwinding loop 8 iteration 19 file common.h line 88 function sqrt
Unwinding loop 12 iteration 9 file main.c line 102 function main
Unwinding loop 4 iteration 1 file common.h line 46 function sin
Unwinding loop 4 iteration 2 file common.h line 46 function sin
Unwinding loop 4 iteration 3 file common.h line 46 function sin
Unwinding loop 4 iteration 4 file common.h line 46 function sin
Unwinding loop 4 iteration 5 file common.h line 46 function sin
Unwinding loop 4 iteration 6 file common.h line 46 function sin
Unwinding loop 12 iteration 10 file main.c line 102 function main
Unwinding loop 9 iteration 1 file common.h line 107 function puts
Unwinding loop 9 iteration 2 file common.h line 107 function puts
Unwinding loop 9 iteration 3 file common.h line 107 function puts
Unwinding loop 9 iteration 4 file common.h line 107 function puts
Unwinding loop 9 iteration 5 file common.h line 107 function puts
Unwinding loop 9 iteration 6 file common.h line 107 function puts
Unwinding loop 9 iteration 7 file common.h line 107 function puts
Unwinding loop 9 iteration 8 file common.h line 107 function puts
Unwinding loop 9 iteration 9 file common.h line 107 function puts
Unwinding loop 9 iteration 10 file common.h line 107 function puts
Unwinding loop 9 iteration 11 file common.h line 107 function puts
Unwinding loop 9 iteration 12 file common.h line 107 function puts
Unwinding loop 9 iteration 13 file common.h line 107 function puts
size of program expression: 10074 assignments
Generated 3822 VCC(s), 1380 remaining after simplification
Encoding remaining VCC(s) using integer/real arithmetic
Solving with SMT Solver Z3 v2.11
Runtime decision procedure: 0.576s
VERIFICATION SUCCESSFUL
EXIT=0
SIGNAL=0
