file main.c: Parsing
Converting
Type-checking main
Generating GOTO Program
Pointer Analysis
Adding Pointer Checks
Starting Bounded Model Checking
size of program expression: 11 assignments
Generated 1 VCC(s), 1 remaining after simplification
Encoding remaining VCC(s) using integer/real arithmetic
Solving with SMT Solver Z3 v2.11
Runtime decision procedure: 0.001s
Building error trace

Counterexample:

State 2 file main.c line 15 function main thread 0
----------------------------------------------------
  main::main::1::curr={ .val=1, .next=irep("(\"nil\")") }

State 3 file main.c line 16 function main thread 0
----------------------------------------------------
  main::main::1::curr={ .val=1, .next=irep("(\"nil\")") }

Violated property:
  file main.c line 18 function main
  assertion
  curr.val == 2

VERIFICATION FAILED
EXIT=0
SIGNAL=0
