file main.c: Parsing
Converting
Type-checking main
Generating GOTO Program
Pointer Analysis
Adding Pointer Checks
Starting Bounded Model Checking
Unwinding loop 0 iteration 1 file main.c line 7 function main
Unwinding loop 0 iteration 2 file main.c line 7 function main
Unwinding loop 0 iteration 3 file main.c line 7 function main
Unwinding loop 0 iteration 4 file main.c line 7 function main
Unwinding loop 0 iteration 5 file main.c line 7 function main
size of program expression: 66 assignments
Generated 2 VCC(s), 2 remaining after simplification
Encoding remaining VCC(s) using integer/real arithmetic
Solving with SMT Solver Z3 v2.11
Runtime decision procedure: 0.004s
Building error trace

Counterexample:

State 2 file main.c line 6 function main thread 0
----------------------------------------------------
  main::main::1::x=-1 (11111111111111111111111111111111)

State 5 file main.c line 11 function main thread 0
----------------------------------------------------
  main::main::1::x=1 (00000000000000000000000000000001)

State 9 file main.c line 9 function main thread 0
----------------------------------------------------
  main::main::1::x=2 (00000000000000000000000000000010)

State 14 file main.c line 9 function main thread 0
----------------------------------------------------
  main::main::1::x=3 (00000000000000000000000000000011)

State 19 file main.c line 9 function main thread 0
----------------------------------------------------
  main::main::1::x=4 (00000000000000000000000000000100)

Violated property:
  file main.c line 14 function main
  assertion
  FALSE

VERIFICATION FAILED
EXIT=0
SIGNAL=0
