file main.c: Parsing
Converting
Type-checking main
file main.c line 28 function enqueue: warning: assignment in if condition
file main.c line 58 function main: function `c::atoi' is not declared
file main.c line 61 function main: warning: assignment in if condition
file main.c line 97 function get_command: function `c::strlen' is not declared
file main.c line 106 function exit_here: function `c::abs' is not declared
file main.c line 106 function exit_here: function `c::exit' is not declared
file main.c line 117 function new_job: function `c::malloc' is not declared
file main.c line 127 function new_job: function `c::free' is not declared
Generating GOTO Program
Pointer Analysis
Adding Pointer Checks
Starting Bounded Model Checking
Unwinding loop 6 iteration 1 file main.c line 48 function main
Unwinding loop 6 iteration 2 file main.c line 48 function main
Unwinding loop 4 iteration 1 file main.c line 282 function put_end
Unwinding loop 4 iteration 2 file main.c line 282 function put_end
Unwinding loop 5 iteration 1 file main.c line 301 function get_process
Unwinding loop 5 iteration 2 file main.c line 301 function get_process
Unwinding loop 3 iteration 1 file main.c line 214 function get_current
Unwinding loop 5 iteration 1 file main.c line 301 function get_process
Unwinding loop 5 iteration 2 file main.c line 301 function get_process
Unwinding loop 3 iteration 2 file main.c line 214 function get_current
Unwinding loop 7 iteration 1 file main.c line 59 function main
Unwinding loop 4 iteration 1 file main.c line 282 function put_end
Unwinding loop 4 iteration 2 file main.c line 282 function put_end
Unwinding loop 4 iteration 1 file main.c line 282 function put_end
Unwinding loop 4 iteration 2 file main.c line 282 function put_end
Unwinding loop 5 iteration 1 file main.c line 301 function get_process
Unwinding loop 5 iteration 2 file main.c line 301 function get_process
Unwinding loop 3 iteration 1 file main.c line 214 function get_current
Unwinding loop 5 iteration 1 file main.c line 301 function get_process
Unwinding loop 5 iteration 2 file main.c line 301 function get_process
Unwinding loop 3 iteration 2 file main.c line 214 function get_current
Unwinding loop 7 iteration 2 file main.c line 59 function main
Unwinding loop 8 iteration 1 file main.c line 56 function main
Unwinding loop 4 iteration 1 file main.c line 282 function put_end
Unwinding loop 4 iteration 2 file main.c line 282 function put_end
Unwinding loop 4 iteration 1 file main.c line 282 function put_end
Unwinding loop 4 iteration 2 file main.c line 282 function put_end
Unwinding loop 5 iteration 1 file main.c line 301 function get_process
Unwinding loop 5 iteration 2 file main.c line 301 function get_process
Unwinding loop 3 iteration 1 file main.c line 214 function get_current
Unwinding loop 5 iteration 1 file main.c line 301 function get_process
Unwinding loop 5 iteration 2 file main.c line 301 function get_process
Unwinding loop 3 iteration 2 file main.c line 214 function get_current
Unwinding loop 7 iteration 1 file main.c line 59 function main
Unwinding loop 4 iteration 1 file main.c line 282 function put_end
Unwinding loop 4 iteration 2 file main.c line 282 function put_end
Unwinding loop 4 iteration 1 file main.c line 282 function put_end
Unwinding loop 4 iteration 2 file main.c line 282 function put_end
Unwinding loop 5 iteration 1 file main.c line 301 function get_process
Unwinding loop 5 iteration 2 file main.c line 301 function get_process
Unwinding loop 3 iteration 1 file main.c line 214 function get_current
Unwinding loop 5 iteration 1 file main.c line 301 function get_process
Unwinding loop 5 iteration 2 file main.c line 301 function get_process
Unwinding loop 3 iteration 2 file main.c line 214 function get_current
Unwinding loop 7 iteration 2 file main.c line 59 function main
Unwinding loop 8 iteration 2 file main.c line 56 function main
size of program expression: 1472 assignments
Generated 421 VCC(s), 375 remaining after simplification
Encoding remaining VCC(s) using integer/real arithmetic
Solving with SMT Solver Z3 v2.11
Runtime decision procedure: 0.347s
VERIFICATION SUCCESSFUL
EXIT=0
SIGNAL=0
