file struct_bytewise.c: Parsing
Converting
Type-checking struct_bytewise
Generating GOTO Program
Pointer Analysis
Adding Pointer Checks
Starting Bounded Model Checking
Unwinding loop 0 iteration 1 file struct_bytewise.c line 12 function CopyBuffer
Unwinding loop 0 iteration 2 file struct_bytewise.c line 12 function CopyBuffer
Unwinding loop 0 iteration 3 file struct_bytewise.c line 12 function CopyBuffer
Unwinding loop 0 iteration 4 file struct_bytewise.c line 12 function CopyBuffer
Unwinding loop 0 iteration 5 file struct_bytewise.c line 12 function CopyBuffer
Unwinding loop 0 iteration 6 file struct_bytewise.c line 12 function CopyBuffer
Unwinding loop 0 iteration 7 file struct_bytewise.c line 12 function CopyBuffer
Unwinding loop 0 iteration 8 file struct_bytewise.c line 12 function CopyBuffer
size of program expression: 72 assignments
Generated 40 VCC(s), 16 remaining after simplification
Encoding remaining VCC(s) using bit-vector arithmetic
Solving with SMT Solver Z3 v2.11
Runtime decision procedure: 0.002s
VERIFICATION SUCCESSFUL
EXIT=0
SIGNAL=0
